#
# There is insufficient memory for the Java Runtime Environment to continue.
# Native memory allocation (mmap) failed to map 59768832 bytes for Failed to commit area from 0x0000000090b00000 to 0x0000000094400000 of length 59768832.
# Possible reasons:
#   The system is out of physical RAM or swap space
#   The process is running with CompressedOops enabled, and the Java Heap may be blocking the growth of the native heap
# Possible solutions:
#   Reduce memory load on the system
#   Increase physical memory or swap space
#   Check if swap backing store is full
#   Decrease Java heap size (-Xmx/-Xms)
#   Decrease number of Java threads
#   Decrease Java thread stack sizes (-Xss)
#   Set larger code cache with -XX:ReservedCodeCacheSize=
#   JVM is running with Unscaled Compressed Oops mode in which the Java heap is
#     placed in the first 4GB address space. The Java Heap base address is the
#     maximum limit for the native heap growth. Please use -XX:HeapBaseMinAddress
#     to set the Java Heap base and to place the Java Heap above 4GB virtual address.
# This output file may be truncated or incomplete.
#
#  Out of Memory Error (./src/hotspot/os/windows/os_windows.cpp:3619), pid=5060, tid=12732
#
# JRE version: OpenJDK Runtime Environment (11.0.13) (build 11.0.13+0-b1751.21-8125866)
# Java VM: OpenJDK 64-Bit Server VM (11.0.13+0-b1751.21-8125866, mixed mode, tiered, compressed oops, g1 gc, windows-amd64)
# No core dump will be written. Minidumps are not enabled by default on client versions of Windows
#

---------------  S U M M A R Y ------------

Command Line: --add-opens=java.base/java.util=ALL-UNNAMED --add-opens=java.base/java.lang=ALL-UNNAMED --add-opens=java.base/java.lang.invoke=ALL-UNNAMED --add-opens=java.base/java.util=ALL-UNNAMED --add-opens=java.prefs/java.util.prefs=ALL-UNNAMED --add-opens=java.prefs/java.util.prefs=ALL-UNNAMED --add-opens=java.base/java.nio.charset=ALL-UNNAMED --add-opens=java.base/java.net=ALL-UNNAMED --add-opens=java.base/java.util.concurrent.atomic=ALL-UNNAMED -Xmx2048m -Dfile.encoding=UTF-8 -Duser.country=US -Duser.language=en -Duser.variant org.gradle.launcher.daemon.bootstrap.GradleDaemon 7.4

Host: Intel(R) Core(TM) i5-4300U CPU @ 1.90GHz, 4 cores, 7G,  Windows 10 , 64 bit Build 18362 (10.0.18362.1110)
Time: Wed Mar  1 18:22:12 2023 Eastern Standard Time elapsed time: 67.410254 seconds (0d 0h 1m 7s)

---------------  T H R E A D  ---------------

Current thread (0x0000014a21f91800):  VMThread "VM Thread" [stack: 0x0000002938800000,0x0000002938900000] [id=12732]

Stack: [0x0000002938800000,0x0000002938900000]
[error occurred during error reporting (printing stack bounds), id 0xc0000005, EXCEPTION_ACCESS_VIOLATION (0xc0000005) at pc=0x0000014a0be9112d]

Native frames: (J=compiled Java code, j=interpreted, Vv=VM code, C=native code)
V  [jvm.dll+0x6100fa]
V  [jvm.dll+0x747090]
V  [jvm.dll+0x7486ad]
V  [jvm.dll+0x748ce5]
V  [jvm.dll+0x748c9b]
V  [jvm.dll+0x60f224]
V  [jvm.dll+0x60f9b8]
C  [ntdll.dll+0xa184f]
C  [ntdll.dll+0x6a889]
C  [ntdll.dll+0xa04be]
C  0x0000014a0be9112d

VM_Operation (0x000000293c3f8dd0): G1CollectForAllocation, mode: safepoint, requested by thread 0x0000014a22e88800


---------------  P R O C E S S  ---------------

Threads class SMR info:
_java_thread_list=0x0000014a2d43eb30, length=88, elements={
0x0000014a08381000, 0x0000014a21f95800, 0x0000014a21f99000, 0x0000014a22913800,
0x0000014a22915800, 0x0000014a22918000, 0x0000014a2291d000, 0x0000014a2291e800,
0x0000014a22922000, 0x0000014a22a6f800, 0x0000014a242cd000, 0x0000014a246ec800,
0x0000014a24015000, 0x0000014a23883000, 0x0000014a243e6800, 0x0000014a24388800,
0x0000014a247ab000, 0x0000014a249f0000, 0x0000014a24486800, 0x0000014a249ac000,
0x0000014a249ae800, 0x0000014a249ae000, 0x0000014a249ab800, 0x0000014a249b2000,
0x0000014a249af800, 0x0000014a249b0000, 0x0000014a249b1000, 0x0000014a249ad000,
0x0000014a2560f800, 0x0000014a2560c800, 0x0000014a2560a000, 0x0000014a2560e000,
0x0000014a2560f000, 0x0000014a2560a800, 0x0000014a25611800, 0x0000014a25610800,
0x0000014a2560b800, 0x0000014a25613000, 0x0000014a25616000, 0x0000014a25614800,
0x0000014a25618000, 0x0000014a25613800, 0x0000014a25615800, 0x0000014a25617000,
0x0000014a25612000, 0x0000014a25618800, 0x0000014a22e8c800, 0x0000014a22e87000,
0x0000014a22e8d800, 0x0000014a22e88000, 0x0000014a22e8a000, 0x0000014a22e8e800,
0x0000014a22e8b000, 0x0000014a22e8c000, 0x0000014a22e88800, 0x0000014a22e8f000,
0x0000014a22e89800, 0x0000014a22e95000, 0x0000014a22e91000, 0x0000014a22e91800,
0x0000014a22e92800, 0x0000014a22e94000, 0x0000014a22e95800, 0x0000014a22e93000,
0x0000014a22e90000, 0x0000014a26926000, 0x0000014a26927800, 0x0000014a26925800,
0x0000014a26928800, 0x0000014a26923800, 0x0000014a26927000, 0x0000014a26923000,
0x0000014a2692a000, 0x0000014a26929800, 0x0000014a26924800, 0x0000014a26930000,
0x0000014a2692c800, 0x0000014a2692c000, 0x0000014a26930800, 0x0000014a2692d800,
0x0000014a2692b000, 0x0000014a2692e800, 0x0000014a26931800, 0x0000014a22c10800,
0x0000014a22c0e000, 0x0000014a22c12800, 0x0000014a22c11800, 0x0000014a2d312800
}

Java Threads: ( => current thread )
  0x0000014a08381000 JavaThread "main" [_thread_blocked, id=5680, stack(0x0000002938200000,0x0000002938300000)]
  0x0000014a21f95800 JavaThread "Reference Handler" daemon [_thread_blocked, id=19564, stack(0x0000002938900000,0x0000002938a00000)]
  0x0000014a21f99000 JavaThread "Finalizer" daemon [_thread_blocked, id=20816, stack(0x0000002938a00000,0x0000002938b00000)]
  0x0000014a22913800 JavaThread "Signal Dispatcher" daemon [_thread_blocked, id=20504, stack(0x0000002938b00000,0x0000002938c00000)]
  0x0000014a22915800 JavaThread "Attach Listener" daemon [_thread_blocked, id=12788, stack(0x0000002938c00000,0x0000002938d00000)]
  0x0000014a22918000 JavaThread "Service Thread" daemon [_thread_blocked, id=4996, stack(0x0000002938d00000,0x0000002938e00000)]
  0x0000014a2291d000 JavaThread "C2 CompilerThread0" daemon [_thread_blocked, id=540, stack(0x0000002938e00000,0x0000002938f00000)]
  0x0000014a2291e800 JavaThread "C1 CompilerThread0" daemon [_thread_blocked, id=17400, stack(0x0000002938f00000,0x0000002939000000)]
  0x0000014a22922000 JavaThread "Sweeper thread" daemon [_thread_blocked, id=15820, stack(0x0000002939000000,0x0000002939100000)]
  0x0000014a22a6f800 JavaThread "Common-Cleaner" daemon [_thread_blocked, id=4456, stack(0x0000002939100000,0x0000002939200000)]
  0x0000014a242cd000 JavaThread "Daemon health stats" [_thread_blocked, id=13384, stack(0x0000002939500000,0x0000002939600000)]
  0x0000014a246ec800 JavaThread "Incoming local TCP Connector on port 61058" [_thread_in_native, id=21220, stack(0x0000002939600000,0x0000002939700000)]
  0x0000014a24015000 JavaThread "Daemon periodic checks" [_thread_blocked, id=18452, stack(0x0000002939700000,0x0000002939800000)]
  0x0000014a23883000 JavaThread "Daemon" [_thread_blocked, id=3108, stack(0x0000002939800000,0x0000002939900000)]
  0x0000014a243e6800 JavaThread "Handler for socket connection from /127.0.0.1:61058 to /127.0.0.1:61059" [_thread_in_native, id=14560, stack(0x0000002939900000,0x0000002939a00000)]
  0x0000014a24388800 JavaThread "Cancel handler" [_thread_blocked, id=17028, stack(0x0000002939a00000,0x0000002939b00000)]
  0x0000014a247ab000 JavaThread "Daemon worker" [_thread_blocked, id=4936, stack(0x0000002939b00000,0x0000002939c00000)]
  0x0000014a249f0000 JavaThread "Asynchronous log dispatcher for DefaultDaemonConnection: socket connection from /127.0.0.1:61058 to /127.0.0.1:61059" [_thread_blocked, id=6608, stack(0x0000002939c00000,0x0000002939d00000)]
  0x0000014a24486800 JavaThread "Daemon client event forwarder" [_thread_blocked, id=13084, stack(0x0000002939e00000,0x0000002939f00000)]
  0x0000014a249ac000 JavaThread "Cache worker for journal cache (C:\Users\cyoun\.gradle\caches\journal-1)" [_thread_blocked, id=7612, stack(0x000000293a000000,0x000000293a100000)]
  0x0000014a249ae800 JavaThread "File lock request listener" [_thread_in_native, id=20212, stack(0x000000293a100000,0x000000293a200000)]
  0x0000014a249ae000 JavaThread "Cache worker for file hash cache (C:\Users\cyoun\.gradle\caches\7.4\fileHashes)" [_thread_blocked, id=19936, stack(0x000000293a200000,0x000000293a300000)]
  0x0000014a249ab800 JavaThread "File watcher server" daemon [_thread_blocked, id=13628, stack(0x000000293a300000,0x000000293a400000)]
  0x0000014a249b2000 JavaThread "File watcher consumer" daemon [_thread_blocked, id=17512, stack(0x000000293a400000,0x000000293a500000)]
  0x0000014a249af800 JavaThread "Cache worker for checksums cache (C:\Users\cyoun\AndroidStudioProjects\SoftwareDevCareers3\.gradle\7.4\checksums)" [_thread_blocked, id=18092, stack(0x000000293a500000,0x000000293a600000)]
  0x0000014a249b0000 JavaThread "Cache worker for cache directory md-rule (C:\Users\cyoun\.gradle\caches\7.4\md-rule)" [_thread_blocked, id=20080, stack(0x000000293a600000,0x000000293a700000)]
  0x0000014a249b1000 JavaThread "Cache worker for file hash cache (C:\Users\cyoun\AndroidStudioProjects\SoftwareDevCareers3\.gradle\7.4\fileHashes)" [_thread_blocked, id=8768, stack(0x000000293a700000,0x000000293a800000)]
  0x0000014a249ad000 JavaThread "Cache worker for cache directory md-supplier (C:\Users\cyoun\.gradle\caches\7.4\md-supplier)" [_thread_blocked, id=9768, stack(0x000000293a800000,0x000000293a900000)]
  0x0000014a2560f800 JavaThread "Cache worker for execution history cache (C:\Users\cyoun\.gradle\caches\7.4\executionHistory)" [_thread_blocked, id=20840, stack(0x000000293a900000,0x000000293aa00000)]
  0x0000014a2560c800 JavaThread "jar transforms" [_thread_blocked, id=7704, stack(0x000000293aa00000,0x000000293ab00000)]
  0x0000014a2560a000 JavaThread "Cache worker for file content cache (C:\Users\cyoun\.gradle\caches\7.4\fileContent)" [_thread_blocked, id=19792, stack(0x000000293ab00000,0x000000293ac00000)]
  0x0000014a2560e000 JavaThread "jar transforms Thread 2" [_thread_blocked, id=9096, stack(0x000000293ac00000,0x000000293ad00000)]
  0x0000014a2560f000 JavaThread "Cache worker for dependencies-accessors (C:\Users\cyoun\AndroidStudioProjects\SoftwareDevCareers3\.gradle\7.4\dependencies-accessors)" [_thread_blocked, id=2580, stack(0x000000293ad00000,0x000000293ae00000)]
  0x0000014a2560a800 JavaThread "jar transforms Thread 3" [_thread_blocked, id=1948, stack(0x000000293ae00000,0x000000293af00000)]
  0x0000014a25611800 JavaThread "Cache worker for Build Output Cleanup Cache (C:\Users\cyoun\AndroidStudioProjects\SoftwareDevCareers3\.gradle\buildOutputCleanup)" [_thread_blocked, id=19196, stack(0x000000293af00000,0x000000293b000000)]
  0x0000014a25610800 JavaThread "Unconstrained build operations" [_thread_blocked, id=13344, stack(0x000000293b000000,0x000000293b100000)]
  0x0000014a2560b800 JavaThread "Unconstrained build operations Thread 2" [_thread_blocked, id=18884, stack(0x000000293b100000,0x000000293b200000)]
  0x0000014a25613000 JavaThread "Unconstrained build operations Thread 3" [_thread_blocked, id=15408, stack(0x000000293b200000,0x000000293b300000)]
  0x0000014a25616000 JavaThread "Unconstrained build operations Thread 4" [_thread_blocked, id=6232, stack(0x000000293b300000,0x000000293b400000)]
  0x0000014a25614800 JavaThread "Unconstrained build operations Thread 5" [_thread_blocked, id=14508, stack(0x000000293b400000,0x000000293b500000)]
  0x0000014a25618000 JavaThread "Unconstrained build operations Thread 6" [_thread_blocked, id=15124, stack(0x000000293b500000,0x000000293b600000)]
  0x0000014a25613800 JavaThread "Unconstrained build operations Thread 7" [_thread_blocked, id=7736, stack(0x000000293b600000,0x000000293b700000)]
  0x0000014a25615800 JavaThread "Unconstrained build operations Thread 8" [_thread_blocked, id=2284, stack(0x000000293b700000,0x000000293b800000)]
  0x0000014a25617000 JavaThread "Unconstrained build operations Thread 9" [_thread_blocked, id=20644, stack(0x000000293b800000,0x000000293b900000)]
  0x0000014a25612000 JavaThread "Unconstrained build operations Thread 10" [_thread_blocked, id=17712, stack(0x000000293b900000,0x000000293ba00000)]
  0x0000014a25618800 JavaThread "Unconstrained build operations Thread 11" [_thread_blocked, id=824, stack(0x000000293ba00000,0x000000293bb00000)]
  0x0000014a22e8c800 JavaThread "Unconstrained build operations Thread 12" [_thread_blocked, id=7004, stack(0x000000293bb00000,0x000000293bc00000)]
  0x0000014a22e87000 JavaThread "Unconstrained build operations Thread 13" [_thread_blocked, id=20004, stack(0x000000293bc00000,0x000000293bd00000)]
  0x0000014a22e8d800 JavaThread "Unconstrained build operations Thread 14" [_thread_blocked, id=20704, stack(0x000000293bd00000,0x000000293be00000)]
  0x0000014a22e88000 JavaThread "Unconstrained build operations Thread 15" [_thread_blocked, id=16356, stack(0x000000293be00000,0x000000293bf00000)]
  0x0000014a22e8a000 JavaThread "Unconstrained build operations Thread 16" [_thread_blocked, id=3976, stack(0x000000293bf00000,0x000000293c000000)]
  0x0000014a22e8e800 JavaThread "Unconstrained build operations Thread 17" [_thread_blocked, id=14160, stack(0x000000293c000000,0x000000293c100000)]
  0x0000014a22e8b000 JavaThread "Unconstrained build operations Thread 18" [_thread_blocked, id=9364, stack(0x000000293c100000,0x000000293c200000)]
  0x0000014a22e8c000 JavaThread "Unconstrained build operations Thread 19" [_thread_blocked, id=21120, stack(0x000000293c200000,0x000000293c300000)]
  0x0000014a22e88800 JavaThread "Unconstrained build operations Thread 20" [_thread_blocked, id=2588, stack(0x000000293c300000,0x000000293c400000)]
  0x0000014a22e8f000 JavaThread "Unconstrained build operations Thread 21" [_thread_blocked, id=18524, stack(0x000000293c400000,0x000000293c500000)]
  0x0000014a22e89800 JavaThread "Unconstrained build operations Thread 22" [_thread_blocked, id=21412, stack(0x000000293c500000,0x000000293c600000)]
  0x0000014a22e95000 JavaThread "Unconstrained build operations Thread 23" [_thread_blocked, id=16120, stack(0x000000293c600000,0x000000293c700000)]
  0x0000014a22e91000 JavaThread "Unconstrained build operations Thread 24" [_thread_blocked, id=16064, stack(0x000000293c700000,0x000000293c800000)]
  0x0000014a22e91800 JavaThread "Unconstrained build operations Thread 25" [_thread_blocked, id=12224, stack(0x000000293c800000,0x000000293c900000)]
  0x0000014a22e92800 JavaThread "Unconstrained build operations Thread 26" [_thread_blocked, id=16872, stack(0x000000293c900000,0x000000293ca00000)]
  0x0000014a22e94000 JavaThread "Unconstrained build operations Thread 27" [_thread_blocked, id=8408, stack(0x000000293ca00000,0x000000293cb00000)]
  0x0000014a22e95800 JavaThread "Unconstrained build operations Thread 28" [_thread_blocked, id=16612, stack(0x000000293cb00000,0x000000293cc00000)]
  0x0000014a22e93000 JavaThread "Unconstrained build operations Thread 29" [_thread_blocked, id=5888, stack(0x000000293cc00000,0x000000293cd00000)]
  0x0000014a22e90000 JavaThread "Unconstrained build operations Thread 30" [_thread_blocked, id=20184, stack(0x000000293cd00000,0x000000293ce00000)]
  0x0000014a26926000 JavaThread "Unconstrained build operations Thread 31" [_thread_blocked, id=20888, stack(0x000000293ce00000,0x000000293cf00000)]
  0x0000014a26927800 JavaThread "Unconstrained build operations Thread 32" [_thread_blocked, id=12576, stack(0x000000293cf00000,0x000000293d000000)]
  0x0000014a26925800 JavaThread "Unconstrained build operations Thread 33" [_thread_blocked, id=11488, stack(0x000000293d000000,0x000000293d100000)]
  0x0000014a26928800 JavaThread "Unconstrained build operations Thread 34" [_thread_blocked, id=17460, stack(0x000000293d100000,0x000000293d200000)]
  0x0000014a26923800 JavaThread "Unconstrained build operations Thread 35" [_thread_blocked, id=20136, stack(0x000000293d200000,0x000000293d300000)]
  0x0000014a26927000 JavaThread "Unconstrained build operations Thread 36" [_thread_blocked, id=10420, stack(0x000000293d300000,0x000000293d400000)]
  0x0000014a26923000 JavaThread "Unconstrained build operations Thread 37" [_thread_blocked, id=19060, stack(0x000000293d400000,0x000000293d500000)]
  0x0000014a2692a000 JavaThread "Unconstrained build operations Thread 38" [_thread_blocked, id=7940, stack(0x000000293d500000,0x000000293d600000)]
  0x0000014a26929800 JavaThread "Unconstrained build operations Thread 39" [_thread_blocked, id=19868, stack(0x000000293d600000,0x000000293d700000)]
  0x0000014a26924800 JavaThread "Unconstrained build operations Thread 40" [_thread_blocked, id=20124, stack(0x000000293d700000,0x000000293d800000)]
  0x0000014a26930000 JavaThread "jar transforms Thread 4" [_thread_blocked, id=7180, stack(0x000000293d800000,0x000000293d900000)]
  0x0000014a2692c800 JavaThread "Memory manager" [_thread_blocked, id=17860, stack(0x000000293d900000,0x000000293da00000)]
  0x0000014a2692c000 JavaThread "build event listener" [_thread_blocked, id=15256, stack(0x000000293da00000,0x000000293db00000)]
  0x0000014a26930800 JavaThread "included builds" [_thread_blocked, id=15900, stack(0x000000293db00000,0x000000293dc00000)]
  0x0000014a2692d800 JavaThread "Execution worker for ':'" [_thread_blocked, id=17432, stack(0x000000293dc00000,0x000000293dd00000)]
  0x0000014a2692b000 JavaThread "Execution worker for ':' Thread 2" [_thread_blocked, id=13952, stack(0x000000293dd00000,0x000000293de00000)]
  0x0000014a2692e800 JavaThread "Execution worker for ':' Thread 3" [_thread_blocked, id=7076, stack(0x000000293de00000,0x000000293df00000)]
  0x0000014a26931800 JavaThread "Cache worker for execution history cache (C:\Users\cyoun\AndroidStudioProjects\SoftwareDevCareers3\.gradle\7.4\executionHistory)" [_thread_blocked, id=21496, stack(0x000000293df00000,0x000000293e000000)]
  0x0000014a22c10800 JavaThread "WorkerExecutor Queue Thread 2" [_thread_blocked, id=14076, stack(0x0000002938000000,0x0000002938100000)]
  0x0000014a22c0e000 JavaThread "WorkerExecutor Queue Thread 3" [_thread_blocked, id=15888, stack(0x000000293e700000,0x000000293e800000)]
  0x0000014a22c12800 JavaThread "WorkerExecutor Queue Thread 4" [_thread_blocked, id=12956, stack(0x000000293e800000,0x000000293e900000)]
  0x0000014a22c11800 JavaThread "WorkerExecutor Queue Thread 5" [_thread_blocked, id=14660, stack(0x000000293e900000,0x000000293ea00000)]
  0x0000014a2d312800 JavaThread "C2 CompilerThread1" daemon [_thread_blocked, id=18780, stack(0x000000293e000000,0x000000293e100000)]

Other Threads:
=>0x0000014a21f91800 VMThread "VM Thread" [stack: 0x0000002938800000,0x0000002938900000] [id=12732]
  0x0000014a22a88800 WatcherThread [stack: 0x0000002939200000,0x0000002939300000] [id=2524]
  0x0000014a08399000 GCTaskThread "GC Thread#0" [stack: 0x0000002938300000,0x0000002938400000] [id=9596]
  0x0000014a22b3b800 GCTaskThread "GC Thread#1" [stack: 0x0000002939300000,0x0000002939400000] [id=18504]
  0x0000014a22fe3800 GCTaskThread "GC Thread#2" [stack: 0x0000002939400000,0x0000002939500000] [id=3508]
  0x0000014a24467000 GCTaskThread "GC Thread#3" [stack: 0x0000002939f00000,0x000000293a000000] [id=16744]
  0x0000014a083ca800 ConcurrentGCThread "G1 Main Marker" [stack: 0x0000002938400000,0x0000002938500000] [id=13188]
  0x0000014a083ce000 ConcurrentGCThread "G1 Conc#0" [stack: 0x0000002938500000,0x0000002938600000] [id=17496]
  0x0000014a21de0800 ConcurrentGCThread "G1 Refine#0" [stack: 0x0000002938600000,0x0000002938700000] [id=3240]
  0x0000014a2adb9000 ConcurrentGCThread "G1 Refine#1" [stack: 0x000000293e200000,0x000000293e300000] [id=17184]
  0x0000014a24e7c800 ConcurrentGCThread "G1 Refine#2" [stack: 0x000000293e300000,0x000000293e400000] [id=5728]
  0x0000014a2b293800 ConcurrentGCThread "G1 Refine#3" [stack: 0x000000293e400000,0x000000293e500000] [id=17052]
  0x0000014a21de1000 ConcurrentGCThread "G1 Young RemSet Sampling" [stack: 0x0000002938700000,0x0000002938800000] [id=20192]

Threads with active compile tasks:
C2 CompilerThread0  67449 18252       4       com.android.tools.r8.graph.t2::c (676 bytes)
C2 CompilerThread1  67449 18269       4       com.android.tools.r8.internal.uu::b (567 bytes)

VM state:at safepoint (normal execution)

VM Mutex/Monitor currently owned by a thread:  ([mutex/lock_event])
[0x0000014a0837d520] Threads_lock - owner thread: 0x0000014a21f91800
[0x0000014a0837d0a0] Heap_lock - owner thread: 0x0000014a22e88800

Heap address: 0x0000000080000000, size: 2048 MB, Compressed Oops mode: 32-bit
Narrow klass base: 0x0000000000000000, Narrow klass shift: 3
Compressed class space size: 1073741824 Address: 0x0000000100000000

Heap:
 garbage-first heap   total 331776K, used 150407K [0x0000000080000000, 0x0000000100000000)
  region size 1024K, 2 young (2048K), 2 survivors (2048K)
 Metaspace       used 116992K, capacity 119903K, committed 120100K, reserved 1153024K
  class space    used 14683K, capacity 15849K, committed 15872K, reserved 1048576K
Heap Regions: E=young(eden), S=young(survivor), O=old, HS=humongous(starts), HC=humongous(continues), CS=collection set, F=free, A=archive, TAMS=top-at-mark-start (previous, next)
|   0|0x0000000080000000, 0x0000000080100000, 0x0000000080100000|100%|HS|  |TAMS 0x0000000080100000, 0x0000000080000000| Complete 
|   1|0x0000000080100000, 0x0000000080200000, 0x0000000080200000|100%|HC|  |TAMS 0x0000000080200000, 0x0000000080100000| Complete 
|   2|0x0000000080200000, 0x0000000080300000, 0x0000000080300000|100%|HC|  |TAMS 0x0000000080300000, 0x0000000080200000| Complete 
|   3|0x0000000080300000, 0x0000000080400000, 0x0000000080400000|100%| O|  |TAMS 0x0000000080400000, 0x0000000080300000| Untracked 
|   4|0x0000000080400000, 0x0000000080500000, 0x0000000080500000|100%| O|  |TAMS 0x0000000080500000, 0x0000000080400000| Untracked 
|   5|0x0000000080500000, 0x0000000080600000, 0x0000000080600000|100%| O|  |TAMS 0x0000000080600000, 0x0000000080500000| Untracked 
|   6|0x0000000080600000, 0x0000000080700000, 0x0000000080700000|100%| O|  |TAMS 0x0000000080700000, 0x0000000080600000| Untracked 
|   7|0x0000000080700000, 0x0000000080800000, 0x0000000080800000|100%| O|  |TAMS 0x0000000080800000, 0x0000000080700000| Untracked 
|   8|0x0000000080800000, 0x0000000080900000, 0x0000000080900000|100%| O|  |TAMS 0x0000000080900000, 0x0000000080800000| Untracked 
|   9|0x0000000080900000, 0x0000000080a00000, 0x0000000080a00000|100%| O|  |TAMS 0x0000000080a00000, 0x0000000080900000| Untracked 
|  10|0x0000000080a00000, 0x0000000080b00000, 0x0000000080b00000|100%| O|  |TAMS 0x0000000080b00000, 0x0000000080a00000| Untracked 
|  11|0x0000000080b00000, 0x0000000080c00000, 0x0000000080c00000|100%| O|  |TAMS 0x0000000080c00000, 0x0000000080b00000| Untracked 
|  12|0x0000000080c00000, 0x0000000080d00000, 0x0000000080d00000|100%| O|  |TAMS 0x0000000080d00000, 0x0000000080c00000| Untracked 
|  13|0x0000000080d00000, 0x0000000080e00000, 0x0000000080e00000|100%| O|  |TAMS 0x0000000080e00000, 0x0000000080d00000| Untracked 
|  14|0x0000000080e00000, 0x0000000080f00000, 0x0000000080f00000|100%| O|  |TAMS 0x0000000080f00000, 0x0000000080e00000| Untracked 
|  15|0x0000000080f00000, 0x0000000081000000, 0x0000000081000000|100%| O|  |TAMS 0x0000000081000000, 0x0000000080f00000| Untracked 
|  16|0x0000000081000000, 0x0000000081100000, 0x0000000081100000|100%|HS|  |TAMS 0x0000000081100000, 0x0000000081000000| Complete 
|  17|0x0000000081100000, 0x0000000081200000, 0x0000000081200000|100%| O|  |TAMS 0x0000000081200000, 0x0000000081100000| Untracked 
|  18|0x0000000081200000, 0x0000000081300000, 0x0000000081300000|100%| O|  |TAMS 0x0000000081300000, 0x0000000081200000| Untracked 
|  19|0x0000000081300000, 0x0000000081400000, 0x0000000081400000|100%| O|  |TAMS 0x0000000081400000, 0x0000000081300000| Untracked 
|  20|0x0000000081400000, 0x0000000081500000, 0x0000000081500000|100%| O|  |TAMS 0x0000000081500000, 0x0000000081400000| Untracked 
|  21|0x0000000081500000, 0x0000000081600000, 0x0000000081600000|100%| O|  |TAMS 0x0000000081600000, 0x0000000081500000| Untracked 
|  22|0x0000000081600000, 0x0000000081700000, 0x0000000081700000|100%| O|  |TAMS 0x0000000081700000, 0x0000000081600000| Untracked 
|  23|0x0000000081700000, 0x0000000081800000, 0x0000000081800000|100%|HS|  |TAMS 0x0000000081800000, 0x0000000081700000| Complete 
|  24|0x0000000081800000, 0x0000000081900000, 0x0000000081900000|100%| O|  |TAMS 0x0000000081900000, 0x0000000081800000| Untracked 
|  25|0x0000000081900000, 0x0000000081a00000, 0x0000000081a00000|100%|HS|  |TAMS 0x0000000081a00000, 0x0000000081900000| Complete 
|  26|0x0000000081a00000, 0x0000000081b00000, 0x0000000081b00000|100%|HC|  |TAMS 0x0000000081b00000, 0x0000000081a00000| Complete 
|  27|0x0000000081b00000, 0x0000000081c00000, 0x0000000081c00000|100%| O|  |TAMS 0x0000000081c00000, 0x0000000081b00000| Untracked 
|  28|0x0000000081c00000, 0x0000000081d00000, 0x0000000081d00000|100%| O|  |TAMS 0x0000000081d00000, 0x0000000081c00000| Untracked 
|  29|0x0000000081d00000, 0x0000000081e00000, 0x0000000081e00000|100%| O|  |TAMS 0x0000000081e00000, 0x0000000081d00000| Untracked 
|  30|0x0000000081e00000, 0x0000000081f00000, 0x0000000081f00000|100%| O|  |TAMS 0x0000000081f00000, 0x0000000081e00000| Untracked 
|  31|0x0000000081f00000, 0x0000000082000000, 0x0000000082000000|100%| O|  |TAMS 0x0000000082000000, 0x0000000081f00000| Complete 
|  32|0x0000000082000000, 0x0000000082100000, 0x0000000082100000|100%| O|  |TAMS 0x0000000082100000, 0x0000000082000000| Untracked 
|  33|0x0000000082100000, 0x0000000082200000, 0x0000000082200000|100%| O|  |TAMS 0x0000000082200000, 0x0000000082100000| Untracked 
|  34|0x0000000082200000, 0x0000000082300000, 0x0000000082300000|100%| O|  |TAMS 0x0000000082300000, 0x0000000082200000| Untracked 
|  35|0x0000000082300000, 0x0000000082400000, 0x0000000082400000|100%| O|  |TAMS 0x0000000082400000, 0x0000000082300000| Untracked 
|  36|0x0000000082400000, 0x0000000082500000, 0x0000000082500000|100%| O|  |TAMS 0x0000000082500000, 0x0000000082400000| Untracked 
|  37|0x0000000082500000, 0x0000000082600000, 0x0000000082600000|100%| O|  |TAMS 0x0000000082600000, 0x0000000082500000| Untracked 
|  38|0x0000000082600000, 0x0000000082700000, 0x0000000082700000|100%| O|  |TAMS 0x0000000082700000, 0x0000000082600000| Untracked 
|  39|0x0000000082700000, 0x0000000082800000, 0x0000000082800000|100%| O|  |TAMS 0x0000000082800000, 0x0000000082700000| Untracked 
|  40|0x0000000082800000, 0x0000000082900000, 0x0000000082900000|100%| O|  |TAMS 0x0000000082900000, 0x0000000082800000| Untracked 
|  41|0x0000000082900000, 0x0000000082a00000, 0x0000000082a00000|100%| O|  |TAMS 0x0000000082a00000, 0x0000000082900000| Complete 
|  42|0x0000000082a00000, 0x0000000082b00000, 0x0000000082b00000|100%| O|  |TAMS 0x0000000082b00000, 0x0000000082a00000| Untracked 
|  43|0x0000000082b00000, 0x0000000082c00000, 0x0000000082c00000|100%| O|  |TAMS 0x0000000082c00000, 0x0000000082b00000| Untracked 
|  44|0x0000000082c00000, 0x0000000082d00000, 0x0000000082d00000|100%| O|  |TAMS 0x0000000082d00000, 0x0000000082c00000| Untracked 
|  45|0x0000000082d00000, 0x0000000082e00000, 0x0000000082e00000|100%| O|  |TAMS 0x0000000082e00000, 0x0000000082d00000| Untracked 
|  46|0x0000000082e00000, 0x0000000082f00000, 0x0000000082f00000|100%| O|  |TAMS 0x0000000082f00000, 0x0000000082e00000| Untracked 
|  47|0x0000000082f00000, 0x0000000083000000, 0x0000000083000000|100%| O|  |TAMS 0x0000000083000000, 0x0000000082f00000| Untracked 
|  48|0x0000000083000000, 0x0000000083100000, 0x0000000083100000|100%| O|  |TAMS 0x0000000083100000, 0x0000000083000000| Untracked 
|  49|0x0000000083100000, 0x0000000083200000, 0x0000000083200000|100%| O|  |TAMS 0x0000000083200000, 0x0000000083100000| Untracked 
|  50|0x0000000083200000, 0x0000000083300000, 0x0000000083300000|100%| O|  |TAMS 0x0000000083300000, 0x0000000083200000| Complete 
|  51|0x0000000083300000, 0x0000000083400000, 0x0000000083400000|100%| O|  |TAMS 0x0000000083400000, 0x0000000083300000| Untracked 
|  52|0x0000000083400000, 0x0000000083500000, 0x0000000083500000|100%| O|  |TAMS 0x0000000083500000, 0x0000000083400000| Untracked 
|  53|0x0000000083500000, 0x0000000083600000, 0x0000000083600000|100%| O|  |TAMS 0x0000000083600000, 0x0000000083500000| Untracked 
|  54|0x0000000083600000, 0x0000000083700000, 0x0000000083700000|100%| O|  |TAMS 0x0000000083700000, 0x0000000083600000| Untracked 
|  55|0x0000000083700000, 0x0000000083800000, 0x0000000083800000|100%| O|  |TAMS 0x0000000083800000, 0x0000000083700000| Untracked 
|  56|0x0000000083800000, 0x0000000083900000, 0x0000000083900000|100%| O|  |TAMS 0x0000000083900000, 0x0000000083800000| Complete 
|  57|0x0000000083900000, 0x0000000083a00000, 0x0000000083a00000|100%| O|  |TAMS 0x0000000083a00000, 0x0000000083900000| Untracked 
|  58|0x0000000083a00000, 0x0000000083b00000, 0x0000000083b00000|100%| O|  |TAMS 0x0000000083b00000, 0x0000000083a00000| Untracked 
|  59|0x0000000083b00000, 0x0000000083c00000, 0x0000000083c00000|100%| O|  |TAMS 0x0000000083c00000, 0x0000000083b00000| Complete 
|  60|0x0000000083c00000, 0x0000000083c00000, 0x0000000083d00000|  0%| F|  |TAMS 0x0000000083c00000, 0x0000000083c00000| Untracked 
|  61|0x0000000083d00000, 0x0000000083e00000, 0x0000000083e00000|100%| O|  |TAMS 0x0000000083e00000, 0x0000000083d00000| Untracked 
|  62|0x0000000083e00000, 0x0000000083e00000, 0x0000000083f00000|  0%| F|  |TAMS 0x0000000083e00000, 0x0000000083e00000| Untracked 
|  63|0x0000000083f00000, 0x0000000083f00000, 0x0000000084000000|  0%| F|  |TAMS 0x0000000083f00000, 0x0000000083f00000| Untracked 
|  64|0x0000000084000000, 0x0000000084100000, 0x0000000084100000|100%| O|  |TAMS 0x0000000084100000, 0x0000000084000000| Complete 
|  65|0x0000000084100000, 0x0000000084200000, 0x0000000084200000|100%| O|  |TAMS 0x0000000084200000, 0x0000000084100000| Complete 
|  66|0x0000000084200000, 0x0000000084300000, 0x0000000084300000|100%| O|  |TAMS 0x0000000084300000, 0x0000000084200000| Complete 
|  67|0x0000000084300000, 0x0000000084400000, 0x0000000084400000|100%| O|  |TAMS 0x0000000084400000, 0x0000000084300000| Untracked 
|  68|0x0000000084400000, 0x0000000084500000, 0x0000000084500000|100%| O|  |TAMS 0x0000000084500000, 0x0000000084400000| Untracked 
|  69|0x0000000084500000, 0x0000000084600000, 0x0000000084600000|100%| O|  |TAMS 0x0000000084600000, 0x0000000084500000| Untracked 
|  70|0x0000000084600000, 0x0000000084700000, 0x0000000084700000|100%| O|  |TAMS 0x0000000084700000, 0x0000000084600000| Complete 
|  71|0x0000000084700000, 0x0000000084800000, 0x0000000084800000|100%| O|  |TAMS 0x0000000084800000, 0x0000000084700000| Complete 
|  72|0x0000000084800000, 0x0000000084900000, 0x0000000084900000|100%| O|  |TAMS 0x0000000084900000, 0x0000000084800000| Untracked 
|  73|0x0000000084900000, 0x0000000084a00000, 0x0000000084a00000|100%| O|  |TAMS 0x0000000084a00000, 0x0000000084900000| Complete 
|  74|0x0000000084a00000, 0x0000000084b00000, 0x0000000084b00000|100%| O|  |TAMS 0x0000000084b00000, 0x0000000084a00000| Complete 
|  75|0x0000000084b00000, 0x0000000084c00000, 0x0000000084c00000|100%| O|  |TAMS 0x0000000084c00000, 0x0000000084b00000| Complete 
|  76|0x0000000084c00000, 0x0000000084d00000, 0x0000000084d00000|100%| O|  |TAMS 0x0000000084d00000, 0x0000000084c00000| Untracked 
|  77|0x0000000084d00000, 0x0000000084e00000, 0x0000000084e00000|100%| O|  |TAMS 0x0000000084e00000, 0x0000000084d00000| Untracked 
|  78|0x0000000084e00000, 0x0000000084e00000, 0x0000000084f00000|  0%| F|  |TAMS 0x0000000084e00000, 0x0000000084e00000| Untracked 
|  79|0x0000000084f00000, 0x0000000085000000, 0x0000000085000000|100%| O|  |TAMS 0x0000000085000000, 0x0000000084f00000| Complete 
|  80|0x0000000085000000, 0x0000000085100000, 0x0000000085100000|100%| O|  |TAMS 0x0000000085100000, 0x0000000085000000| Complete 
|  81|0x0000000085100000, 0x0000000085200000, 0x0000000085200000|100%| O|  |TAMS 0x0000000085200000, 0x0000000085100000| Complete 
|  82|0x0000000085200000, 0x0000000085300000, 0x0000000085300000|100%| O|  |TAMS 0x0000000085300000, 0x0000000085200000| Complete 
|  83|0x0000000085300000, 0x0000000085400000, 0x0000000085400000|100%| O|  |TAMS 0x0000000085300000, 0x0000000085300000| Untracked 
|  84|0x0000000085400000, 0x0000000085500000, 0x0000000085500000|100%| O|  |TAMS 0x0000000085500000, 0x0000000085400000| Untracked 
|  85|0x0000000085500000, 0x0000000085600000, 0x0000000085600000|100%| O|  |TAMS 0x0000000085500000, 0x0000000085500000| Untracked 
|  86|0x0000000085600000, 0x0000000085700000, 0x0000000085700000|100%| O|  |TAMS 0x0000000085700000, 0x0000000085600000| Complete 
|  87|0x0000000085700000, 0x0000000085800000, 0x0000000085800000|100%| O|  |TAMS 0x0000000085800000, 0x0000000085700000| Complete 
|  88|0x0000000085800000, 0x0000000085900000, 0x0000000085900000|100%| O|  |TAMS 0x0000000085900000, 0x0000000085800000| Untracked 
|  89|0x0000000085900000, 0x0000000085a00000, 0x0000000085a00000|100%| O|  |TAMS 0x0000000085a00000, 0x0000000085900000| Complete 
|  90|0x0000000085a00000, 0x0000000085a00000, 0x0000000085b00000|  0%| F|  |TAMS 0x0000000085a00000, 0x0000000085a00000| Untracked 
|  91|0x0000000085b00000, 0x0000000085c00000, 0x0000000085c00000|100%| O|  |TAMS 0x0000000085c00000, 0x0000000085b00000| Complete 
|  92|0x0000000085c00000, 0x0000000085c00000, 0x0000000085d00000|  0%| F|  |TAMS 0x0000000085c00000, 0x0000000085c00000| Untracked 
|  93|0x0000000085d00000, 0x0000000085e00000, 0x0000000085e00000|100%| O|  |TAMS 0x0000000085e00000, 0x0000000085d00000| Complete 
|  94|0x0000000085e00000, 0x0000000085f00000, 0x0000000085f00000|100%| O|  |TAMS 0x0000000085f00000, 0x0000000085e00000| Untracked 
|  95|0x0000000085f00000, 0x0000000086000000, 0x0000000086000000|100%| O|  |TAMS 0x0000000086000000, 0x0000000085f00000| Untracked 
|  96|0x0000000086000000, 0x0000000086100000, 0x0000000086100000|100%| O|  |TAMS 0x0000000086100000, 0x0000000086000000| Untracked 
|  97|0x0000000086100000, 0x0000000086200000, 0x0000000086200000|100%|HS|  |TAMS 0x0000000086200000, 0x0000000086100000| Complete 
|  98|0x0000000086200000, 0x0000000086300000, 0x0000000086300000|100%|HC|  |TAMS 0x0000000086300000, 0x0000000086200000| Complete 
|  99|0x0000000086300000, 0x0000000086400000, 0x0000000086400000|100%| O|  |TAMS 0x0000000086400000, 0x0000000086300000| Complete 
| 100|0x0000000086400000, 0x0000000086500000, 0x0000000086500000|100%| O|  |TAMS 0x0000000086500000, 0x0000000086400000| Untracked 
| 101|0x0000000086500000, 0x0000000086600000, 0x0000000086600000|100%| O|  |TAMS 0x0000000086600000, 0x0000000086500000| Untracked 
| 102|0x0000000086600000, 0x0000000086700000, 0x0000000086700000|100%| O|  |TAMS 0x0000000086700000, 0x0000000086600000| Untracked 
| 103|0x0000000086700000, 0x0000000086800000, 0x0000000086800000|100%| O|  |TAMS 0x0000000086800000, 0x0000000086700000| Untracked 
| 104|0x0000000086800000, 0x0000000086900000, 0x0000000086900000|100%| O|  |TAMS 0x0000000086900000, 0x0000000086800000| Untracked 
| 105|0x0000000086900000, 0x0000000086a00000, 0x0000000086a00000|100%| O|  |TAMS 0x0000000086a00000, 0x0000000086900000| Complete 
| 106|0x0000000086a00000, 0x0000000086b00000, 0x0000000086b00000|100%| O|  |TAMS 0x0000000086b00000, 0x0000000086a00000| Untracked 
| 107|0x0000000086b00000, 0x0000000086c00000, 0x0000000086c00000|100%| O|  |TAMS 0x0000000086c00000, 0x0000000086b00000| Untracked 
| 108|0x0000000086c00000, 0x0000000086d00000, 0x0000000086d00000|100%| O|  |TAMS 0x0000000086d00000, 0x0000000086c00000| Untracked 
| 109|0x0000000086d00000, 0x0000000086e00000, 0x0000000086e00000|100%| O|  |TAMS 0x0000000086e00000, 0x0000000086d00000| Untracked 
| 110|0x0000000086e00000, 0x0000000086f00000, 0x0000000086f00000|100%| O|  |TAMS 0x0000000086f00000, 0x0000000086e00000| Untracked 
| 111|0x0000000086f00000, 0x0000000087000000, 0x0000000087000000|100%| O|  |TAMS 0x0000000087000000, 0x0000000086f00000| Untracked 
| 112|0x0000000087000000, 0x0000000087100000, 0x0000000087100000|100%| O|  |TAMS 0x0000000087100000, 0x0000000087000000| Untracked 
| 113|0x0000000087100000, 0x0000000087200000, 0x0000000087200000|100%| O|  |TAMS 0x0000000087200000, 0x0000000087100000| Untracked 
| 114|0x0000000087200000, 0x0000000087300000, 0x0000000087300000|100%| O|  |TAMS 0x0000000087300000, 0x0000000087200000| Untracked 
| 115|0x0000000087300000, 0x0000000087300000, 0x0000000087400000|  0%| F|  |TAMS 0x0000000087300000, 0x0000000087300000| Untracked 
| 116|0x0000000087400000, 0x0000000087500000, 0x0000000087500000|100%| O|  |TAMS 0x0000000087500000, 0x0000000087400000| Untracked 
| 117|0x0000000087500000, 0x0000000087500000, 0x0000000087600000|  0%| F|  |TAMS 0x0000000087500000, 0x0000000087500000| Untracked 
| 118|0x0000000087600000, 0x0000000087700000, 0x0000000087700000|100%| O|  |TAMS 0x0000000087700000, 0x0000000087600000| Complete 
| 119|0x0000000087700000, 0x0000000087800000, 0x0000000087800000|100%| O|  |TAMS 0x0000000087800000, 0x0000000087700000| Untracked 
| 120|0x0000000087800000, 0x0000000087900000, 0x0000000087900000|100%| O|  |TAMS 0x0000000087900000, 0x0000000087800000| Complete 
| 121|0x0000000087900000, 0x0000000087a00000, 0x0000000087a00000|100%| O|  |TAMS 0x0000000087a00000, 0x0000000087900000| Complete 
| 122|0x0000000087a00000, 0x0000000087b00000, 0x0000000087b00000|100%| O|  |TAMS 0x0000000087b00000, 0x0000000087a00000| Untracked 
| 123|0x0000000087b00000, 0x0000000087c00000, 0x0000000087c00000|100%| O|  |TAMS 0x0000000087c00000, 0x0000000087b00000| Untracked 
| 124|0x0000000087c00000, 0x0000000087d00000, 0x0000000087d00000|100%| O|  |TAMS 0x0000000087d00000, 0x0000000087c00000| Untracked 
| 125|0x0000000087d00000, 0x0000000087e00000, 0x0000000087e00000|100%| O|  |TAMS 0x0000000087e00000, 0x0000000087d00000| Untracked 
| 126|0x0000000087e00000, 0x0000000087f00000, 0x0000000087f00000|100%| O|  |TAMS 0x0000000087f00000, 0x0000000087e00000| Untracked 
| 127|0x0000000087f00000, 0x0000000088000000, 0x0000000088000000|100%| O|  |TAMS 0x0000000088000000, 0x0000000087f00000| Untracked 
| 128|0x0000000088000000, 0x0000000088100000, 0x0000000088100000|100%| O|  |TAMS 0x0000000088100000, 0x0000000088000000| Untracked 
| 129|0x0000000088100000, 0x0000000088200000, 0x0000000088200000|100%| O|  |TAMS 0x0000000088200000, 0x0000000088100000| Untracked 
| 130|0x0000000088200000, 0x0000000088300000, 0x0000000088300000|100%| O|  |TAMS 0x0000000088300000, 0x0000000088200000| Untracked 
| 131|0x0000000088300000, 0x0000000088400000, 0x0000000088400000|100%| O|  |TAMS 0x0000000088400000, 0x0000000088300000| Untracked 
| 132|0x0000000088400000, 0x0000000088500000, 0x0000000088500000|100%| O|  |TAMS 0x0000000088500000, 0x0000000088400000| Untracked 
| 133|0x0000000088500000, 0x0000000088600000, 0x0000000088600000|100%| O|  |TAMS 0x0000000088600000, 0x0000000088500000| Untracked 
| 134|0x0000000088600000, 0x0000000088700000, 0x0000000088700000|100%| O|  |TAMS 0x0000000088700000, 0x0000000088600000| Complete 
| 135|0x0000000088700000, 0x0000000088800000, 0x0000000088800000|100%| O|  |TAMS 0x0000000088778000, 0x0000000088700000| Untracked 
| 136|0x0000000088800000, 0x0000000088900000, 0x0000000088900000|100%| O|  |TAMS 0x0000000088800000, 0x0000000088800000| Untracked 
| 137|0x0000000088900000, 0x0000000088a00000, 0x0000000088a00000|100%| O|  |TAMS 0x0000000088900000, 0x0000000088900000| Untracked 
| 138|0x0000000088a00000, 0x0000000088b00000, 0x0000000088b00000|100%| O|  |TAMS 0x0000000088a00000, 0x0000000088a00000| Untracked 
| 139|0x0000000088b00000, 0x0000000088c00000, 0x0000000088c00000|100%| O|  |TAMS 0x0000000088b00000, 0x0000000088b00000| Untracked 
| 140|0x0000000088c00000, 0x0000000088d00000, 0x0000000088d00000|100%| O|  |TAMS 0x0000000088c00000, 0x0000000088c00000| Untracked 
| 141|0x0000000088d00000, 0x0000000088e00000, 0x0000000088e00000|100%| O|  |TAMS 0x0000000088d00000, 0x0000000088d00000| Untracked 
| 142|0x0000000088e00000, 0x0000000088f00000, 0x0000000088f00000|100%| O|  |TAMS 0x0000000088e00000, 0x0000000088e00000| Untracked 
| 143|0x0000000088f00000, 0x0000000089000000, 0x0000000089000000|100%| O|  |TAMS 0x0000000088f00000, 0x0000000088f00000| Untracked 
| 144|0x0000000089000000, 0x0000000089100000, 0x0000000089100000|100%| O|  |TAMS 0x0000000089000000, 0x0000000089000000| Untracked 
| 145|0x0000000089100000, 0x0000000089200000, 0x0000000089200000|100%| O|  |TAMS 0x0000000089100000, 0x0000000089100000| Untracked 
| 146|0x0000000089200000, 0x0000000089300000, 0x0000000089300000|100%| O|  |TAMS 0x0000000089200000, 0x0000000089200000| Untracked 
| 147|0x0000000089300000, 0x0000000089400000, 0x0000000089400000|100%| O|  |TAMS 0x0000000089300000, 0x0000000089300000| Untracked 
| 148|0x0000000089400000, 0x0000000089500000, 0x0000000089500000|100%| O|  |TAMS 0x0000000089400000, 0x0000000089400000| Untracked 
| 149|0x0000000089500000, 0x0000000089600000, 0x0000000089600000|100%| O|  |TAMS 0x0000000089500000, 0x0000000089500000| Untracked 
| 150|0x0000000089600000, 0x0000000089700000, 0x0000000089700000|100%| O|  |TAMS 0x0000000089600000, 0x0000000089600000| Untracked 
| 151|0x0000000089700000, 0x0000000089800000, 0x0000000089800000|100%| O|  |TAMS 0x0000000089700000, 0x0000000089700000| Untracked 
| 152|0x0000000089800000, 0x0000000089900000, 0x0000000089900000|100%| O|  |TAMS 0x0000000089800000, 0x0000000089800000| Untracked 
| 153|0x0000000089900000, 0x0000000089980000, 0x0000000089a00000| 50%| O|  |TAMS 0x0000000089900000, 0x0000000089900000| Untracked 
| 154|0x0000000089a00000, 0x0000000089a00000, 0x0000000089b00000|  0%| F|  |TAMS 0x0000000089a00000, 0x0000000089a00000| Untracked 
| 155|0x0000000089b00000, 0x0000000089b00000, 0x0000000089c00000|  0%| F|  |TAMS 0x0000000089b00000, 0x0000000089b00000| Untracked 
| 156|0x0000000089c00000, 0x0000000089c00000, 0x0000000089d00000|  0%| F|  |TAMS 0x0000000089c00000, 0x0000000089c00000| Untracked 
| 157|0x0000000089d00000, 0x0000000089d00000, 0x0000000089e00000|  0%| F|  |TAMS 0x0000000089d00000, 0x0000000089d00000| Untracked 
| 158|0x0000000089e00000, 0x0000000089e00000, 0x0000000089f00000|  0%| F|  |TAMS 0x0000000089e00000, 0x0000000089e00000| Untracked 
| 159|0x0000000089f00000, 0x0000000089f00000, 0x000000008a000000|  0%| F|  |TAMS 0x0000000089f00000, 0x0000000089f00000| Untracked 
| 160|0x000000008a000000, 0x000000008a000000, 0x000000008a100000|  0%| F|  |TAMS 0x000000008a000000, 0x000000008a000000| Untracked 
| 161|0x000000008a100000, 0x000000008a100000, 0x000000008a200000|  0%| F|  |TAMS 0x000000008a100000, 0x000000008a100000| Untracked 
| 162|0x000000008a200000, 0x000000008a200000, 0x000000008a300000|  0%| F|  |TAMS 0x000000008a200000, 0x000000008a200000| Untracked 
| 163|0x000000008a300000, 0x000000008a300000, 0x000000008a400000|  0%| F|  |TAMS 0x000000008a300000, 0x000000008a300000| Untracked 
| 164|0x000000008a400000, 0x000000008a400000, 0x000000008a500000|  0%| F|  |TAMS 0x000000008a400000, 0x000000008a400000| Untracked 
| 165|0x000000008a500000, 0x000000008a500000, 0x000000008a600000|  0%| F|  |TAMS 0x000000008a500000, 0x000000008a500000| Untracked 
| 166|0x000000008a600000, 0x000000008a600000, 0x000000008a700000|  0%| F|  |TAMS 0x000000008a600000, 0x000000008a600000| Untracked 
| 167|0x000000008a700000, 0x000000008a700000, 0x000000008a800000|  0%| F|  |TAMS 0x000000008a700000, 0x000000008a700000| Untracked 
| 168|0x000000008a800000, 0x000000008a800000, 0x000000008a900000|  0%| F|  |TAMS 0x000000008a800000, 0x000000008a800000| Untracked 
| 169|0x000000008a900000, 0x000000008a900000, 0x000000008aa00000|  0%| F|  |TAMS 0x000000008a900000, 0x000000008a900000| Untracked 
| 170|0x000000008aa00000, 0x000000008aa00000, 0x000000008ab00000|  0%| F|  |TAMS 0x000000008aa00000, 0x000000008aa00000| Untracked 
| 171|0x000000008ab00000, 0x000000008ab00000, 0x000000008ac00000|  0%| F|  |TAMS 0x000000008ab00000, 0x000000008ab00000| Untracked 
| 172|0x000000008ac00000, 0x000000008ac00000, 0x000000008ad00000|  0%| F|  |TAMS 0x000000008ac00000, 0x000000008ac00000| Untracked 
| 173|0x000000008ad00000, 0x000000008ad00000, 0x000000008ae00000|  0%| F|  |TAMS 0x000000008ad00000, 0x000000008ad00000| Untracked 
| 174|0x000000008ae00000, 0x000000008ae00000, 0x000000008af00000|  0%| F|  |TAMS 0x000000008ae00000, 0x000000008ae00000| Untracked 
| 175|0x000000008af00000, 0x000000008af00000, 0x000000008b000000|  0%| F|  |TAMS 0x000000008af00000, 0x000000008af00000| Untracked 
| 176|0x000000008b000000, 0x000000008b000000, 0x000000008b100000|  0%| F|  |TAMS 0x000000008b000000, 0x000000008b000000| Untracked 
| 177|0x000000008b100000, 0x000000008b100000, 0x000000008b200000|  0%| F|  |TAMS 0x000000008b100000, 0x000000008b100000| Untracked 
| 178|0x000000008b200000, 0x000000008b200000, 0x000000008b300000|  0%| F|  |TAMS 0x000000008b200000, 0x000000008b200000| Untracked 
| 179|0x000000008b300000, 0x000000008b300000, 0x000000008b400000|  0%| F|  |TAMS 0x000000008b300000, 0x000000008b300000| Untracked 
| 180|0x000000008b400000, 0x000000008b400000, 0x000000008b500000|  0%| F|  |TAMS 0x000000008b400000, 0x000000008b400000| Untracked 
| 181|0x000000008b500000, 0x000000008b500000, 0x000000008b600000|  0%| F|  |TAMS 0x000000008b500000, 0x000000008b500000| Untracked 
| 182|0x000000008b600000, 0x000000008b600000, 0x000000008b700000|  0%| F|  |TAMS 0x000000008b600000, 0x000000008b600000| Untracked 
| 183|0x000000008b700000, 0x000000008b700000, 0x000000008b800000|  0%| F|  |TAMS 0x000000008b700000, 0x000000008b700000| Untracked 
| 184|0x000000008b800000, 0x000000008b800000, 0x000000008b900000|  0%| F|  |TAMS 0x000000008b800000, 0x000000008b800000| Untracked 
| 185|0x000000008b900000, 0x000000008b900000, 0x000000008ba00000|  0%| F|  |TAMS 0x000000008b900000, 0x000000008b900000| Untracked 
| 186|0x000000008ba00000, 0x000000008ba00000, 0x000000008bb00000|  0%| F|  |TAMS 0x000000008ba00000, 0x000000008ba00000| Untracked 
| 187|0x000000008bb00000, 0x000000008bb00000, 0x000000008bc00000|  0%| F|  |TAMS 0x000000008bb00000, 0x000000008bb00000| Untracked 
| 188|0x000000008bc00000, 0x000000008bc00000, 0x000000008bd00000|  0%| F|  |TAMS 0x000000008bc00000, 0x000000008bc00000| Untracked 
| 189|0x000000008bd00000, 0x000000008bd00000, 0x000000008be00000|  0%| F|  |TAMS 0x000000008bd00000, 0x000000008bd00000| Untracked 
| 190|0x000000008be00000, 0x000000008be00000, 0x000000008bf00000|  0%| F|  |TAMS 0x000000008be00000, 0x000000008be00000| Untracked 
| 191|0x000000008bf00000, 0x000000008bf00000, 0x000000008c000000|  0%| F|  |TAMS 0x000000008bf00000, 0x000000008bf00000| Untracked 
| 192|0x000000008c000000, 0x000000008c000000, 0x000000008c100000|  0%| F|  |TAMS 0x000000008c000000, 0x000000008c000000| Untracked 
| 193|0x000000008c100000, 0x000000008c100000, 0x000000008c200000|  0%| F|  |TAMS 0x000000008c100000, 0x000000008c100000| Untracked 
| 194|0x000000008c200000, 0x000000008c200000, 0x000000008c300000|  0%| F|  |TAMS 0x000000008c200000, 0x000000008c200000| Untracked 
| 195|0x000000008c300000, 0x000000008c300000, 0x000000008c400000|  0%| F|  |TAMS 0x000000008c300000, 0x000000008c300000| Untracked 
| 196|0x000000008c400000, 0x000000008c400000, 0x000000008c500000|  0%| F|  |TAMS 0x000000008c400000, 0x000000008c400000| Untracked 
| 197|0x000000008c500000, 0x000000008c500000, 0x000000008c600000|  0%| F|  |TAMS 0x000000008c500000, 0x000000008c500000| Untracked 
| 198|0x000000008c600000, 0x000000008c600000, 0x000000008c700000|  0%| F|  |TAMS 0x000000008c600000, 0x000000008c600000| Untracked 
| 199|0x000000008c700000, 0x000000008c700000, 0x000000008c800000|  0%| F|  |TAMS 0x000000008c700000, 0x000000008c700000| Untracked 
| 200|0x000000008c800000, 0x000000008c800000, 0x000000008c900000|  0%| F|  |TAMS 0x000000008c800000, 0x000000008c800000| Untracked 
| 201|0x000000008c900000, 0x000000008c900000, 0x000000008ca00000|  0%| F|  |TAMS 0x000000008c900000, 0x000000008c900000| Untracked 
| 202|0x000000008ca00000, 0x000000008ca00000, 0x000000008cb00000|  0%| F|  |TAMS 0x000000008ca00000, 0x000000008ca00000| Untracked 
| 203|0x000000008cb00000, 0x000000008cb00000, 0x000000008cc00000|  0%| F|  |TAMS 0x000000008cb00000, 0x000000008cb00000| Untracked 
| 204|0x000000008cc00000, 0x000000008cc00000, 0x000000008cd00000|  0%| F|  |TAMS 0x000000008cc00000, 0x000000008cc00000| Untracked 
| 205|0x000000008cd00000, 0x000000008cd00000, 0x000000008ce00000|  0%| F|  |TAMS 0x000000008cd00000, 0x000000008cd00000| Untracked 
| 206|0x000000008ce00000, 0x000000008ce00000, 0x000000008cf00000|  0%| F|  |TAMS 0x000000008ce00000, 0x000000008ce00000| Untracked 
| 207|0x000000008cf00000, 0x000000008cf00000, 0x000000008d000000|  0%| F|  |TAMS 0x000000008cf00000, 0x000000008cf00000| Untracked 
| 208|0x000000008d000000, 0x000000008d000000, 0x000000008d100000|  0%| F|  |TAMS 0x000000008d000000, 0x000000008d000000| Untracked 
| 209|0x000000008d100000, 0x000000008d100000, 0x000000008d200000|  0%| F|  |TAMS 0x000000008d100000, 0x000000008d100000| Untracked 
| 210|0x000000008d200000, 0x000000008d200000, 0x000000008d300000|  0%| F|  |TAMS 0x000000008d200000, 0x000000008d200000| Untracked 
| 211|0x000000008d300000, 0x000000008d300000, 0x000000008d400000|  0%| F|  |TAMS 0x000000008d300000, 0x000000008d300000| Untracked 
| 212|0x000000008d400000, 0x000000008d400000, 0x000000008d500000|  0%| F|  |TAMS 0x000000008d400000, 0x000000008d400000| Untracked 
| 213|0x000000008d500000, 0x000000008d500000, 0x000000008d600000|  0%| F|  |TAMS 0x000000008d500000, 0x000000008d500000| Untracked 
| 214|0x000000008d600000, 0x000000008d600000, 0x000000008d700000|  0%| F|  |TAMS 0x000000008d600000, 0x000000008d600000| Untracked 
| 215|0x000000008d700000, 0x000000008d700000, 0x000000008d800000|  0%| F|  |TAMS 0x000000008d700000, 0x000000008d700000| Untracked 
| 216|0x000000008d800000, 0x000000008d800000, 0x000000008d900000|  0%| F|  |TAMS 0x000000008d800000, 0x000000008d800000| Untracked 
| 217|0x000000008d900000, 0x000000008d900000, 0x000000008da00000|  0%| F|  |TAMS 0x000000008d900000, 0x000000008d900000| Untracked 
| 218|0x000000008da00000, 0x000000008da00000, 0x000000008db00000|  0%| F|  |TAMS 0x000000008da00000, 0x000000008da00000| Untracked 
| 219|0x000000008db00000, 0x000000008db00000, 0x000000008dc00000|  0%| F|  |TAMS 0x000000008db00000, 0x000000008db00000| Untracked 
| 220|0x000000008dc00000, 0x000000008dc00000, 0x000000008dd00000|  0%| F|  |TAMS 0x000000008dc00000, 0x000000008dc00000| Untracked 
| 221|0x000000008dd00000, 0x000000008dd00000, 0x000000008de00000|  0%| F|  |TAMS 0x000000008dd00000, 0x000000008dd00000| Untracked 
| 222|0x000000008de00000, 0x000000008de00000, 0x000000008df00000|  0%| F|  |TAMS 0x000000008de00000, 0x000000008de00000| Untracked 
| 223|0x000000008df00000, 0x000000008df00000, 0x000000008e000000|  0%| F|  |TAMS 0x000000008df00000, 0x000000008df00000| Untracked 
| 224|0x000000008e000000, 0x000000008e000000, 0x000000008e100000|  0%| F|  |TAMS 0x000000008e000000, 0x000000008e000000| Untracked 
| 225|0x000000008e100000, 0x000000008e100000, 0x000000008e200000|  0%| F|  |TAMS 0x000000008e100000, 0x000000008e100000| Untracked 
| 226|0x000000008e200000, 0x000000008e200000, 0x000000008e300000|  0%| F|  |TAMS 0x000000008e200000, 0x000000008e200000| Untracked 
| 227|0x000000008e300000, 0x000000008e300000, 0x000000008e400000|  0%| F|  |TAMS 0x000000008e300000, 0x000000008e300000| Untracked 
| 228|0x000000008e400000, 0x000000008e400000, 0x000000008e500000|  0%| F|  |TAMS 0x000000008e400000, 0x000000008e400000| Untracked 
| 229|0x000000008e500000, 0x000000008e500000, 0x000000008e600000|  0%| F|  |TAMS 0x000000008e500000, 0x000000008e500000| Untracked 
| 230|0x000000008e600000, 0x000000008e600000, 0x000000008e700000|  0%| F|  |TAMS 0x000000008e600000, 0x000000008e600000| Untracked 
| 231|0x000000008e700000, 0x000000008e700000, 0x000000008e800000|  0%| F|  |TAMS 0x000000008e700000, 0x000000008e700000| Untracked 
| 232|0x000000008e800000, 0x000000008e800000, 0x000000008e900000|  0%| F|  |TAMS 0x000000008e800000, 0x000000008e800000| Untracked 
| 233|0x000000008e900000, 0x000000008e900000, 0x000000008ea00000|  0%| F|  |TAMS 0x000000008e900000, 0x000000008e900000| Untracked 
| 234|0x000000008ea00000, 0x000000008ea00000, 0x000000008eb00000|  0%| F|  |TAMS 0x000000008ea00000, 0x000000008ea00000| Untracked 
| 235|0x000000008eb00000, 0x000000008eb00000, 0x000000008ec00000|  0%| F|  |TAMS 0x000000008eb00000, 0x000000008eb00000| Untracked 
| 236|0x000000008ec00000, 0x000000008ec00000, 0x000000008ed00000|  0%| F|  |TAMS 0x000000008ec00000, 0x000000008ec00000| Untracked 
| 237|0x000000008ed00000, 0x000000008ed00000, 0x000000008ee00000|  0%| F|  |TAMS 0x000000008ed00000, 0x000000008ed00000| Untracked 
| 238|0x000000008ee00000, 0x000000008ee00000, 0x000000008ef00000|  0%| F|  |TAMS 0x000000008ee00000, 0x000000008ee00000| Untracked 
| 239|0x000000008ef00000, 0x000000008ef00000, 0x000000008f000000|  0%| F|  |TAMS 0x000000008ef00000, 0x000000008ef00000| Untracked 
| 240|0x000000008f000000, 0x000000008f000000, 0x000000008f100000|  0%| F|  |TAMS 0x000000008f000000, 0x000000008f000000| Untracked 
| 241|0x000000008f100000, 0x000000008f100000, 0x000000008f200000|  0%| F|  |TAMS 0x000000008f100000, 0x000000008f100000| Untracked 
| 242|0x000000008f200000, 0x000000008f200000, 0x000000008f300000|  0%| F|  |TAMS 0x000000008f200000, 0x000000008f200000| Untracked 
| 243|0x000000008f300000, 0x000000008f300000, 0x000000008f400000|  0%| F|  |TAMS 0x000000008f300000, 0x000000008f300000| Untracked 
| 244|0x000000008f400000, 0x000000008f400000, 0x000000008f500000|  0%| F|  |TAMS 0x000000008f400000, 0x000000008f400000| Untracked 
| 245|0x000000008f500000, 0x000000008f500000, 0x000000008f600000|  0%| F|  |TAMS 0x000000008f500000, 0x000000008f500000| Untracked 
| 246|0x000000008f600000, 0x000000008f600000, 0x000000008f700000|  0%| F|  |TAMS 0x000000008f600000, 0x000000008f600000| Untracked 
| 247|0x000000008f700000, 0x000000008f700000, 0x000000008f800000|  0%| F|  |TAMS 0x000000008f700000, 0x000000008f700000| Untracked 
| 248|0x000000008f800000, 0x000000008f800000, 0x000000008f900000|  0%| F|  |TAMS 0x000000008f800000, 0x000000008f800000| Untracked 
| 249|0x000000008f900000, 0x000000008f900000, 0x000000008fa00000|  0%| F|  |TAMS 0x000000008f900000, 0x000000008f900000| Untracked 
| 250|0x000000008fa00000, 0x000000008fa00000, 0x000000008fb00000|  0%| F|  |TAMS 0x000000008fa00000, 0x000000008fa00000| Untracked 
| 251|0x000000008fb00000, 0x000000008fb00000, 0x000000008fc00000|  0%| F|  |TAMS 0x000000008fb00000, 0x000000008fb00000| Untracked 
| 252|0x000000008fc00000, 0x000000008fc00000, 0x000000008fd00000|  0%| F|  |TAMS 0x000000008fc00000, 0x000000008fc00000| Untracked 
| 253|0x000000008fd00000, 0x000000008fd00000, 0x000000008fe00000|  0%| F|  |TAMS 0x000000008fd00000, 0x000000008fd00000| Untracked 
| 254|0x000000008fe00000, 0x000000008fe00000, 0x000000008ff00000|  0%| F|  |TAMS 0x000000008fe00000, 0x000000008fe00000| Untracked 
| 255|0x000000008ff00000, 0x000000008ff00000, 0x0000000090000000|  0%| F|  |TAMS 0x000000008ff00000, 0x000000008ff00000| Untracked 
| 256|0x0000000090000000, 0x0000000090000000, 0x0000000090100000|  0%| F|  |TAMS 0x0000000090000000, 0x0000000090000000| Untracked 
| 257|0x0000000090100000, 0x0000000090100000, 0x0000000090200000|  0%| F|  |TAMS 0x0000000090100000, 0x0000000090100000| Untracked 
| 258|0x0000000090200000, 0x0000000090200000, 0x0000000090300000|  0%| F|  |TAMS 0x0000000090200000, 0x0000000090200000| Untracked 
| 259|0x0000000090300000, 0x0000000090300000, 0x0000000090400000|  0%| F|  |TAMS 0x0000000090300000, 0x0000000090300000| Untracked 
| 260|0x0000000090400000, 0x0000000090461c68, 0x0000000090500000| 38%| S|CS|TAMS 0x0000000090400000, 0x0000000090400000| Complete 
| 261|0x0000000090500000, 0x0000000090600000, 0x0000000090600000|100%| S|CS|TAMS 0x0000000090500000, 0x0000000090500000| Complete 
| 262|0x0000000090600000, 0x0000000090600000, 0x0000000090700000|  0%| F|  |TAMS 0x0000000090600000, 0x0000000090600000| Untracked 
| 263|0x0000000090700000, 0x0000000090700000, 0x0000000090800000|  0%| F|  |TAMS 0x0000000090700000, 0x0000000090700000| Untracked 
| 264|0x0000000090800000, 0x0000000090800000, 0x0000000090900000|  0%| F|  |TAMS 0x0000000090800000, 0x0000000090800000| Untracked 
| 265|0x0000000090900000, 0x0000000090900000, 0x0000000090a00000|  0%| F|  |TAMS 0x0000000090900000, 0x0000000090900000| Untracked 
| 266|0x0000000090a00000, 0x0000000090a00000, 0x0000000090b00000|  0%| F|  |TAMS 0x0000000090a00000, 0x0000000090a00000| Untracked 

Card table byte_map: [0x0000014a1b290000,0x0000014a1b690000] _byte_map_base: 0x0000014a1ae90000

Marking Bits (Prev, Next): (CMBitMap*) 0x0000014a083c1c68, (CMBitMap*) 0x0000014a083c1ca0
 Prev Bits: [0x0000014a1ba90000, 0x0000014a1da90000)
 Next Bits: [0x0000014a1da90000, 0x0000014a1fa90000)

Polling page: 0x0000014a06380000

Metaspace:

Usage:
  Non-class:    101.62 MB capacity,    99.91 MB ( 98%) used,     1.35 MB (  1%) free+waste,   365.63 KB ( <1%) overhead. 
      Class:     15.48 MB capacity,    14.34 MB ( 93%) used,   999.94 KB (  6%) free+waste,   165.44 KB (  1%) overhead. 
       Both:    117.09 MB capacity,   114.25 MB ( 98%) used,     2.32 MB (  2%) free+waste,   531.06 KB ( <1%) overhead. 

Virtual space:
  Non-class space:      102.00 MB reserved,     101.79 MB (>99%) committed 
      Class space:        1.00 GB reserved,      15.50 MB (  2%) committed 
             Both:        1.10 GB reserved,     117.29 MB ( 10%) committed 

Chunk freelists:
   Non-Class:  46.00 KB
       Class:  23.00 KB
        Both:  69.00 KB

MaxMetaspaceSize: 17179869184.00 GB
CompressedClassSpaceSize: 1.00 GB
Initial GC threshold: 20.80 MB
Current GC threshold: 191.73 MB
CDS: off

CodeHeap 'non-profiled nmethods': size=120064Kb used=10670Kb max_used=10670Kb free=109393Kb
 bounds [0x0000014a13950000, 0x0000014a143c0000, 0x0000014a1ae90000]
CodeHeap 'profiled nmethods': size=120000Kb used=36833Kb max_used=36833Kb free=83166Kb
 bounds [0x0000014a0c420000, 0x0000014a0e820000, 0x0000014a13950000]
CodeHeap 'non-nmethods': size=5696Kb used=2421Kb max_used=2496Kb free=3274Kb
 bounds [0x0000014a0be90000, 0x0000014a0c120000, 0x0000014a0c420000]
 total_blobs=18096 nmethods=17139 adapters=868
 compilation: enabled
              stopped_count=0, restarted_count=0
 full_count=0

Compilation events (20 events):
Event: 67.339 Thread 0x0000014a2291e800 18348       1       com.android.tools.r8.internal.s3::r (2 bytes)
Event: 67.339 Thread 0x0000014a2291e800 nmethod 18348 0x0000014a143bb390 code [0x0000014a143bb540, 0x0000014a143bb5f8]
Event: 67.339 Thread 0x0000014a2291e800 18347       1       com.android.tools.r8.internal.i3::f1 (2 bytes)
Event: 67.340 Thread 0x0000014a2291e800 nmethod 18347 0x0000014a143bb690 code [0x0000014a143bb840, 0x0000014a143bb8f8]
Event: 67.342 Thread 0x0000014a2291e800 18356       2       com.android.tools.r8.internal.qv::<init> (8 bytes)
Event: 67.342 Thread 0x0000014a2291e800 nmethod 18356 0x0000014a0e817590 code [0x0000014a0e817740, 0x0000014a0e8178c8]
Event: 67.353 Thread 0x0000014a2291e800 18358       2       com.android.tools.r8.internal.kv::a (65 bytes)
Event: 67.354 Thread 0x0000014a2291e800 nmethod 18358 0x0000014a0e817990 code [0x0000014a0e817ba0, 0x0000014a0e817ed8]
Event: 67.354 Thread 0x0000014a2291e800 18359       2       com.android.tools.r8.internal.dt::remove (150 bytes)
Event: 67.354 Thread 0x0000014a2291e800 nmethod 18359 0x0000014a0e818190 code [0x0000014a0e818380, 0x0000014a0e818728]
Event: 67.356 Thread 0x0000014a2291e800 18360       2       com.android.tools.r8.graph.S::<init> (5 bytes)
Event: 67.357 Thread 0x0000014a2291e800 nmethod 18360 0x0000014a0e818910 code [0x0000014a0e818ac0, 0x0000014a0e818bb8]
Event: 67.357 Thread 0x0000014a2291e800 18361       2       com.android.tools.r8.internal.Re::a (224 bytes)
Event: 67.358 Thread 0x0000014a2291e800 nmethod 18361 0x0000014a0e818c90 code [0x0000014a0e818f20, 0x0000014a0e819518]
Event: 67.358 Thread 0x0000014a2291e800 18362       2       com.android.tools.r8.internal.f7::a (21 bytes)
Event: 67.358 Thread 0x0000014a2291e800 nmethod 18362 0x0000014a0e819810 code [0x0000014a0e819a00, 0x0000014a0e819bf8]
Event: 67.359 Thread 0x0000014a2291e800 18363       2       com.android.tools.r8.internal.f7::a (33 bytes)
Event: 67.359 Thread 0x0000014a2291e800 nmethod 18363 0x0000014a0e819d90 code [0x0000014a0e819f60, 0x0000014a0e81a108]
Event: 67.359 Thread 0x0000014a2291e800 18364       2       com.android.tools.r8.internal.Pn::a (48 bytes)
Event: 67.360 Thread 0x0000014a2291e800 nmethod 18364 0x0000014a0e81a290 code [0x0000014a0e81a460, 0x0000014a0e81a678]

GC Heap History (20 events):
Event: 47.168 GC heap after
{Heap after GC invocations=35 (full 0):
 garbage-first heap   total 227328K, used 111849K [0x0000000080000000, 0x0000000100000000)
  region size 1024K, 9 young (9216K), 9 survivors (9216K)
 Metaspace       used 102465K, capacity 104690K, committed 104740K, reserved 1140736K
  class space    used 12709K, capacity 13561K, committed 13568K, reserved 1048576K
}
Event: 48.185 GC heap before
{Heap before GC invocations=35 (full 0):
 garbage-first heap   total 227328K, used 172265K [0x0000000080000000, 0x0000000100000000)
  region size 1024K, 68 young (69632K), 9 survivors (9216K)
 Metaspace       used 102894K, capacity 105151K, committed 105380K, reserved 1140736K
  class space    used 12765K, capacity 13649K, committed 13696K, reserved 1048576K
}
Event: 48.244 GC heap after
{Heap after GC invocations=36 (full 0):
 garbage-first heap   total 227328K, used 116485K [0x0000000080000000, 0x0000000100000000)
  region size 1024K, 5 young (5120K), 5 survivors (5120K)
 Metaspace       used 102894K, capacity 105151K, committed 105380K, reserved 1140736K
  class space    used 12765K, capacity 13649K, committed 13696K, reserved 1048576K
}
Event: 50.120 GC heap before
{Heap before GC invocations=37 (full 0):
 garbage-first heap   total 227328K, used 172805K [0x0000000080000000, 0x0000000100000000)
  region size 1024K, 64 young (65536K), 5 survivors (5120K)
 Metaspace       used 103411K, capacity 105686K, committed 106020K, reserved 1142784K
  class space    used 12816K, capacity 13711K, committed 13824K, reserved 1048576K
}
Event: 50.133 GC heap after
{Heap after GC invocations=38 (full 0):
 garbage-first heap   total 273408K, used 109568K [0x0000000080000000, 0x0000000100000000)
  region size 1024K, 3 young (3072K), 3 survivors (3072K)
 Metaspace       used 103411K, capacity 105686K, committed 106020K, reserved 1142784K
  class space    used 12816K, capacity 13711K, committed 13824K, reserved 1048576K
}
Event: 50.239 GC heap before
{Heap before GC invocations=38 (full 0):
 garbage-first heap   total 273408K, used 119808K [0x0000000080000000, 0x0000000100000000)
  region size 1024K, 13 young (13312K), 3 survivors (3072K)
 Metaspace       used 103411K, capacity 105686K, committed 106020K, reserved 1142784K
  class space    used 12816K, capacity 13711K, committed 13824K, reserved 1048576K
}
Event: 50.246 GC heap after
{Heap after GC invocations=39 (full 0):
 garbage-first heap   total 273408K, used 101603K [0x0000000080000000, 0x0000000100000000)
  region size 1024K, 1 young (1024K), 1 survivors (1024K)
 Metaspace       used 103411K, capacity 105686K, committed 106020K, reserved 1142784K
  class space    used 12816K, capacity 13711K, committed 13824K, reserved 1048576K
}
Event: 51.248 GC heap before
{Heap before GC invocations=39 (full 0):
 garbage-first heap   total 273408K, used 190691K [0x0000000080000000, 0x0000000100000000)
  region size 1024K, 88 young (90112K), 1 survivors (1024K)
 Metaspace       used 103411K, capacity 105686K, committed 106020K, reserved 1142784K
  class space    used 12816K, capacity 13711K, committed 13824K, reserved 1048576K
}
Event: 51.252 GC heap after
{Heap after GC invocations=40 (full 0):
 garbage-first heap   total 273408K, used 102635K [0x0000000080000000, 0x0000000100000000)
  region size 1024K, 2 young (2048K), 2 survivors (2048K)
 Metaspace       used 103411K, capacity 105686K, committed 106020K, reserved 1142784K
  class space    used 12816K, capacity 13711K, committed 13824K, reserved 1048576K
}
Event: 52.843 GC heap before
{Heap before GC invocations=40 (full 0):
 garbage-first heap   total 273408K, used 197867K [0x0000000080000000, 0x0000000100000000)
  region size 1024K, 94 young (96256K), 2 survivors (2048K)
 Metaspace       used 104577K, capacity 106931K, committed 107172K, reserved 1142784K
  class space    used 12973K, capacity 13890K, committed 13952K, reserved 1048576K
}
Event: 52.856 GC heap after
{Heap after GC invocations=41 (full 0):
 garbage-first heap   total 273408K, used 108785K [0x0000000080000000, 0x0000000100000000)
  region size 1024K, 8 young (8192K), 8 survivors (8192K)
 Metaspace       used 104577K, capacity 106931K, committed 107172K, reserved 1142784K
  class space    used 12973K, capacity 13890K, committed 13952K, reserved 1048576K
}
Event: 55.167 GC heap before
{Heap before GC invocations=41 (full 0):
 garbage-first heap   total 273408K, used 201969K [0x0000000080000000, 0x0000000100000000)
  region size 1024K, 100 young (102400K), 8 survivors (8192K)
 Metaspace       used 109876K, capacity 112364K, committed 112548K, reserved 1146880K
  class space    used 13635K, capacity 14595K, committed 14720K, reserved 1048576K
}
Event: 55.202 GC heap after
{Heap after GC invocations=42 (full 0):
 garbage-first heap   total 273408K, used 126146K [0x0000000080000000, 0x0000000100000000)
  region size 1024K, 13 young (13312K), 13 survivors (13312K)
 Metaspace       used 109876K, capacity 112364K, committed 112548K, reserved 1146880K
  class space    used 13635K, capacity 14595K, committed 14720K, reserved 1048576K
}
Event: 57.528 GC heap before
{Heap before GC invocations=42 (full 0):
 garbage-first heap   total 273408K, used 209090K [0x0000000080000000, 0x0000000100000000)
  region size 1024K, 94 young (96256K), 13 survivors (13312K)
 Metaspace       used 111665K, capacity 114266K, committed 114468K, reserved 1148928K
  class space    used 13949K, capacity 14993K, committed 15104K, reserved 1048576K
}
Event: 57.615 GC heap after
{Heap after GC invocations=43 (full 0):
 garbage-first heap   total 273408K, used 136490K [0x0000000080000000, 0x0000000100000000)
  region size 1024K, 12 young (12288K), 12 survivors (12288K)
 Metaspace       used 111665K, capacity 114266K, committed 114468K, reserved 1148928K
  class space    used 13949K, capacity 14993K, committed 15104K, reserved 1048576K
}
Event: 64.885 GC heap before
{Heap before GC invocations=43 (full 0):
 garbage-first heap   total 273408K, used 212266K [0x0000000080000000, 0x0000000100000000)
  region size 1024K, 86 young (88064K), 12 survivors (12288K)
 Metaspace       used 113977K, capacity 116768K, committed 116900K, reserved 1150976K
  class space    used 14314K, capacity 15418K, committed 15488K, reserved 1048576K
}
Event: 64.988 GC heap after
{Heap after GC invocations=44 (full 0):
 garbage-first heap   total 273408K, used 149984K [0x0000000080000000, 0x0000000100000000)
  region size 1024K, 11 young (11264K), 11 survivors (11264K)
 Metaspace       used 113977K, capacity 116768K, committed 116900K, reserved 1150976K
  class space    used 14314K, capacity 15418K, committed 15488K, reserved 1048576K
}
Event: 67.074 GC heap before
{Heap before GC invocations=45 (full 0):
 garbage-first heap   total 273408K, used 215520K [0x0000000080000000, 0x0000000100000000)
  region size 1024K, 77 young (78848K), 11 survivors (11264K)
 Metaspace       used 116674K, capacity 119573K, committed 119844K, reserved 1153024K
  class space    used 14633K, capacity 15782K, committed 15872K, reserved 1048576K
}
Event: 67.118 GC heap after
{Heap after GC invocations=46 (full 0):
 garbage-first heap   total 273408K, used 157184K [0x0000000080000000, 0x0000000100000000)
  region size 1024K, 8 young (8192K), 8 survivors (8192K)
 Metaspace       used 116674K, capacity 119573K, committed 119844K, reserved 1153024K
  class space    used 14633K, capacity 15782K, committed 15872K, reserved 1048576K
}
Event: 67.380 GC heap before
{Heap before GC invocations=46 (full 0):
 garbage-first heap   total 273408K, used 161280K [0x0000000080000000, 0x0000000100000000)
  region size 1024K, 13 young (13312K), 8 survivors (8192K)
 Metaspace       used 116992K, capacity 119903K, committed 120100K, reserved 1153024K
  class space    used 14683K, capacity 15849K, committed 15872K, reserved 1048576K
}

Deoptimization events (20 events):
Event: 67.129 Thread 0x0000014a22e88800 Uncommon trap: trap_request=0xffffff4d fr.pc=0x0000014a1439e2c8 relative=0x0000000000000268
Event: 67.129 Thread 0x0000014a22e88800 Uncommon trap: reason=unstable_if action=reinterpret pc=0x0000014a1439e2c8 method=com.android.tools.r8.ir.regalloc.c.compareTo(Ljava/lang/Object;)I @ 87 c2
Event: 67.129 Thread 0x0000014a22e88800 DEOPT PACKING pc=0x0000014a1439e2c8 sp=0x000000293c3f9550
Event: 67.129 Thread 0x0000014a22e88800 DEOPT UNPACKING pc=0x0000014a0beda1af sp=0x000000293c3f94e8 mode 2
Event: 67.149 Thread 0x0000014a22e88800 Uncommon trap: trap_request=0xffffffc6 fr.pc=0x0000014a143a38c0 relative=0x0000000000000100
Event: 67.149 Thread 0x0000014a22e88800 Uncommon trap: reason=bimorphic_or_optimized_type_check action=maybe_recompile pc=0x0000014a143a38c0 method=com.android.tools.r8.internal.w.next()Ljava/lang/Object; @ 21 c2
Event: 67.149 Thread 0x0000014a22e88800 DEOPT PACKING pc=0x0000014a143a38c0 sp=0x000000293c3f9620
Event: 67.149 Thread 0x0000014a22e88800 DEOPT UNPACKING pc=0x0000014a0beda1af sp=0x000000293c3f95b0 mode 2
Event: 67.150 Thread 0x0000014a22e88800 Uncommon trap: trap_request=0xffffffc6 fr.pc=0x0000014a143a38c0 relative=0x0000000000000100
Event: 67.150 Thread 0x0000014a22e88800 Uncommon trap: reason=bimorphic_or_optimized_type_check action=maybe_recompile pc=0x0000014a143a38c0 method=com.android.tools.r8.internal.w.next()Ljava/lang/Object; @ 21 c2
Event: 67.150 Thread 0x0000014a22e88800 DEOPT PACKING pc=0x0000014a143a38c0 sp=0x000000293c3f9620
Event: 67.150 Thread 0x0000014a22e88800 DEOPT UNPACKING pc=0x0000014a0beda1af sp=0x000000293c3f95b0 mode 2
Event: 67.150 Thread 0x0000014a22e88800 Uncommon trap: trap_request=0xffffffc6 fr.pc=0x0000014a143a38c0 relative=0x0000000000000100
Event: 67.150 Thread 0x0000014a22e88800 Uncommon trap: reason=bimorphic_or_optimized_type_check action=maybe_recompile pc=0x0000014a143a38c0 method=com.android.tools.r8.internal.w.next()Ljava/lang/Object; @ 21 c2
Event: 67.150 Thread 0x0000014a22e88800 DEOPT PACKING pc=0x0000014a143a38c0 sp=0x000000293c3f9620
Event: 67.150 Thread 0x0000014a22e88800 DEOPT UNPACKING pc=0x0000014a0beda1af sp=0x000000293c3f95b0 mode 2
Event: 67.150 Thread 0x0000014a22e88800 Uncommon trap: trap_request=0xffffffc6 fr.pc=0x0000014a143a38c0 relative=0x0000000000000100
Event: 67.150 Thread 0x0000014a22e88800 Uncommon trap: reason=bimorphic_or_optimized_type_check action=maybe_recompile pc=0x0000014a143a38c0 method=com.android.tools.r8.internal.w.next()Ljava/lang/Object; @ 21 c2
Event: 67.150 Thread 0x0000014a22e88800 DEOPT PACKING pc=0x0000014a143a38c0 sp=0x000000293c3f9620
Event: 67.150 Thread 0x0000014a22e88800 DEOPT UNPACKING pc=0x0000014a0beda1af sp=0x000000293c3f95b0 mode 2

Classes redefined (0 events):
No events

Internal exceptions (20 events):
Event: 53.688 Thread 0x0000014a22e90000 Exception <a 'java/lang/IncompatibleClassChangeError'{0x000000008e2d1050}: Found class java.lang.Object, but interface was expected> (0x000000008e2d1050) thrown at [./src/hotspot/share/interpreter/linkResolver.cpp, line 839]
Event: 53.688 Thread 0x0000014a22e88800 Exception <a 'java/lang/IncompatibleClassChangeError'{0x000000008da09268}: Found class java.lang.Object, but interface was expected> (0x000000008da09268) thrown at [./src/hotspot/share/interpreter/linkResolver.cpp, line 839]
Event: 53.791 Thread 0x0000014a26924800 Exception <a 'java/lang/NoSuchMethodError'{0x000000008d76b838}: 'java.lang.Object java.lang.invoke.DirectMethodHandle$Holder.invokeStatic(java.lang.Object, long)'> (0x000000008d76b838) thrown at [./src/hotspot/share/interpreter/linkResolver.cpp, line 773]
Event: 53.791 Thread 0x0000014a22e88800 Exception <a 'java/lang/NoSuchMethodError'{0x000000008d753838}: 'java.lang.Object java.lang.invoke.DirectMethodHandle$Holder.invokeStatic(java.lang.Object, long)'> (0x000000008d753838) thrown at [./src/hotspot/share/interpreter/linkResolver.cpp, line 773]
Event: 53.801 Thread 0x0000014a26924800 Exception <a 'java/lang/NoSuchMethodError'{0x000000008d7723b0}: 'java.lang.Object java.lang.invoke.Invokers$Holder.linkToTargetMethod(long, java.lang.Object)'> (0x000000008d7723b0) thrown at [./src/hotspot/share/interpreter/linkResolver.cpp, line 773]
Event: 54.559 Thread 0x0000014a22e90000 Exception <a 'java/lang/IncompatibleClassChangeError'{0x000000008cc7c110}: Found class java.lang.Object, but interface was expected> (0x000000008cc7c110) thrown at [./src/hotspot/share/interpreter/linkResolver.cpp, line 839]
Event: 55.279 Thread 0x0000014a22e90000 Exception <a 'java/lang/NoSuchMethodError'{0x0000000090262ab8}: 'java.lang.Object java.lang.invoke.DirectMethodHandle$Holder.invokeStatic(java.lang.Object, int, java.lang.Object, java.lang.Object)'> (0x0000000090262ab8) thrown at [./src/hotspot/share/interpreter/linkResolver.cpp, line 773]
Event: 57.156 Thread 0x0000014a22e90000 Exception <a 'java/lang/IncompatibleClassChangeError'{0x000000008d472778}: Found class java.lang.Object, but interface was expected> (0x000000008d472778) thrown at [./src/hotspot/share/interpreter/linkResolver.cpp, line 839]
Event: 57.157 Thread 0x0000014a22e90000 Exception <a 'java/lang/IncompatibleClassChangeError'{0x000000008d4d1a18}: Found class java.lang.Object, but interface was expected> (0x000000008d4d1a18) thrown at [./src/hotspot/share/interpreter/linkResolver.cpp, line 839]
Event: 57.654 Thread 0x0000014a22e90000 Exception <a 'java/lang/NoSuchMethodError'{0x0000000090a17a78}: 'void java.lang.invoke.DirectMethodHandle$Holder.invokeSpecial(java.lang.Object, java.lang.Object, int, java.lang.Object)'> (0x0000000090a17a78) thrown at [./src/hotspot/share/interpreter/linkResolver.cpp, line 773]
Event: 57.656 Thread 0x0000014a22e88800 Exception <a 'java/lang/NoSuchMethodError'{0x0000000090a20eb8}: 'void java.lang.invoke.DirectMethodHandle$Holder.invokeSpecial(java.lang.Object, java.lang.Object, int, java.lang.Object)'> (0x0000000090a20eb8) thrown at [./src/hotspot/share/interpreter/linkResolver.cpp, line 773]
Event: 62.074 Thread 0x0000014a22e88800 Exception <a 'java/lang/NoSuchMethodError'{0x000000008ef6ea10}: 'long java.lang.invoke.DirectMethodHandle$Holder.invokeStatic(java.lang.Object, java.lang.Object)'> (0x000000008ef6ea10) thrown at [./src/hotspot/share/interpreter/linkResolver.cpp, line 773]
Event: 65.272 Thread 0x0000014a22e88800 Exception <a 'java/lang/NoSuchMethodError'{0x000000008fe191a8}: 'java.lang.Object java.lang.invoke.DirectMethodHandle$Holder.invokeInterface(java.lang.Object, java.lang.Object, int)'> (0x000000008fe191a8) thrown at [./src/hotspot/share/interpreter/linkResolver.cpp, line 773]
Event: 65.317 Thread 0x0000014a22e90000 Exception <a 'java/lang/NoSuchMethodError'{0x000000008fd2a098}: 'java.lang.Object java.lang.invoke.Invokers$Holder.linkToTargetMethod(java.lang.Object, int, java.lang.Object, java.lang.Object, java.lang.Object, java.lang.Object)'> (0x000000008fd2a098) thrown at [./src/hotspot/share/interpreter/linkResolver.cpp, line 773]
Event: 65.321 Thread 0x0000014a22e90000 Exception <a 'java/lang/NoSuchMethodError'{0x000000008fd47178}: 'void java.lang.invoke.DirectMethodHandle$Holder.invokeStatic(java.lang.Object, java.lang.Object, java.lang.Object, java.lang.Object, java.lang.Object, java.lang.Object, java.lang.Object, java.lang.Object)'> (0x000000008fd47178) thrown at [./src/hotspot/share/interpreter/linkResolver.cpp, line 773]
Event: 66.432 Thread 0x0000014a22e90000 Exception <a 'java/lang/IncompatibleClassChangeError'{0x000000008e202b60}: Found class java.lang.Object, but interface was expected> (0x000000008e202b60) thrown at [./src/hotspot/share/interpreter/linkResolver.cpp, line 839]
Event: 66.802 Thread 0x0000014a22e90000 Exception <a 'java/lang/NoSuchMethodError'{0x000000008d1cbb98}: 'void java.lang.invoke.DirectMethodHandle$Holder.invokeSpecial(java.lang.Object, java.lang.Object, int)'> (0x000000008d1cbb98) thrown at [./src/hotspot/share/interpreter/linkResolver.cpp, line 773]
Event: 66.842 Thread 0x0000014a2692d800 Implicit null exception at 0x0000014a143a06bc to 0x0000014a143a07e8
Event: 66.843 Thread 0x0000014a26924800 Implicit null exception at 0x0000014a143a06bc to 0x0000014a143a07e8
Event: 66.953 Thread 0x0000014a22e90000 Exception <a 'sun/nio/fs/WindowsException'{0x000000008cb13598}> (0x000000008cb13598) thrown at [./src/hotspot/share/prims/jni.cpp, line 616]

Events (20 events):
Event: 67.325 loading class com/android/tools/r8/code/O2 done
Event: 67.346 loading class com/android/tools/r8/internal/z
Event: 67.346 loading class com/android/tools/r8/internal/z done
Event: 67.347 loading class com/android/tools/r8/internal/rr
Event: 67.347 loading class com/android/tools/r8/internal/rr done
Event: 67.347 loading class com/android/tools/r8/internal/fr
Event: 67.347 loading class com/android/tools/r8/internal/fr done
Event: 67.348 loading class com/android/tools/r8/internal/qr
Event: 67.348 loading class com/android/tools/r8/internal/qr done
Event: 67.349 loading class com/android/tools/r8/internal/xr
Event: 67.349 loading class com/android/tools/r8/internal/xr done
Event: 67.350 loading class com/android/tools/r8/internal/tr
Event: 67.350 loading class com/android/tools/r8/internal/tr done
Event: 67.351 loading class com/android/tools/r8/internal/yr
Event: 67.351 loading class com/android/tools/r8/internal/yr done
Event: 67.352 loading class com/android/tools/r8/internal/wr
Event: 67.352 loading class com/android/tools/r8/internal/wr done
Event: 67.352 loading class com/android/tools/r8/internal/pr
Event: 67.352 loading class com/android/tools/r8/internal/pr done
Event: 67.361 Executing VM operation: G1CollectForAllocation


Dynamic libraries:
0x00007ff736e10000 - 0x00007ff736e1a000 	C:\Program Files\Android\Android Studio\jre\bin\java.exe
0x00007ffed7200000 - 0x00007ffed73f0000 	C:\Windows\SYSTEM32\ntdll.dll
0x00007ffed6200000 - 0x00007ffed62b2000 	C:\Windows\System32\KERNEL32.DLL
0x00007ffed4f70000 - 0x00007ffed5215000 	C:\Windows\System32\KERNELBASE.dll
0x00007ffed49b0000 - 0x00007ffed4aaa000 	C:\Windows\System32\ucrtbase.dll
0x00007ffece8f0000 - 0x00007ffece907000 	C:\Program Files\Android\Android Studio\jre\bin\VCRUNTIME140.dll
0x00007ffecdfd0000 - 0x00007ffecdfe9000 	C:\Program Files\Android\Android Studio\jre\bin\jli.dll
0x00007ffed5f80000 - 0x00007ffed6114000 	C:\Windows\System32\USER32.dll
0x00007ffed4cd0000 - 0x00007ffed4cf1000 	C:\Windows\System32\win32u.dll
0x00007ffec4a60000 - 0x00007ffec4ce4000 	C:\Windows\WinSxS\amd64_microsoft.windows.common-controls_6595b64144ccf1df_6.0.18362.1256_none_9e7e379be45e40e2\COMCTL32.dll
0x00007ffed6bf0000 - 0x00007ffed6c16000 	C:\Windows\System32\GDI32.dll
0x00007ffed4b10000 - 0x00007ffed4ca6000 	C:\Windows\System32\gdi32full.dll
0x00007ffed4d80000 - 0x00007ffed4e1e000 	C:\Windows\System32\msvcp_win.dll
0x00007ffed6c20000 - 0x00007ffed6cbe000 	C:\Windows\System32\msvcrt.dll
0x00007ffed62c0000 - 0x00007ffed65f6000 	C:\Windows\System32\combase.dll
0x00007ffed5ae0000 - 0x00007ffed5c00000 	C:\Windows\System32\RPCRT4.dll
0x00007ffed5220000 - 0x00007ffed52a1000 	C:\Windows\System32\bcryptPrimitives.dll
0x00007ffed5ab0000 - 0x00007ffed5ade000 	C:\Windows\System32\IMM32.DLL
0x00007ffea9f20000 - 0x00007ffea9fbd000 	C:\Program Files\Android\Android Studio\jre\bin\msvcp140.dll
0x00007ffe6b3c0000 - 0x00007ffe6bec2000 	C:\Program Files\Android\Android Studio\jre\bin\server\jvm.dll
0x00007ffed6cf0000 - 0x00007ffed6d93000 	C:\Windows\System32\ADVAPI32.dll
0x00007ffed5320000 - 0x00007ffed53b7000 	C:\Windows\System32\sechost.dll
0x00007ffed6f10000 - 0x00007ffed6f18000 	C:\Windows\System32\PSAPI.DLL
0x00007ffe7cdf0000 - 0x00007ffe7cdf9000 	C:\Windows\SYSTEM32\WSOCK32.dll
0x00007ffed6120000 - 0x00007ffed618f000 	C:\Windows\System32\WS2_32.dll
0x00007ffed1ab0000 - 0x00007ffed1ad4000 	C:\Windows\SYSTEM32\WINMM.dll
0x00007ffed1a80000 - 0x00007ffed1aad000 	C:\Windows\SYSTEM32\WINMMBASE.dll
0x00007ffec8a90000 - 0x00007ffec8a9a000 	C:\Windows\SYSTEM32\VERSION.dll
0x00007ffed4d30000 - 0x00007ffed4d7a000 	C:\Windows\System32\cfgmgr32.dll
0x00007ffed4100000 - 0x00007ffed4111000 	C:\Windows\System32\kernel.appcore.dll
0x00007ffecff40000 - 0x00007ffecff51000 	C:\Program Files\Android\Android Studio\jre\bin\verify.dll
0x00007ffed2100000 - 0x00007ffed22f4000 	C:\Windows\SYSTEM32\DBGHELP.DLL
0x00007ffebca80000 - 0x00007ffebcaaa000 	C:\Windows\SYSTEM32\dbgcore.DLL
0x00007ffecdf60000 - 0x00007ffecdf89000 	C:\Program Files\Android\Android Studio\jre\bin\java.dll
0x00007ffecffa0000 - 0x00007ffecffab000 	C:\Program Files\Android\Android Studio\jre\bin\jimage.dll
0x00007ffeccc20000 - 0x00007ffeccc38000 	C:\Program Files\Android\Android Studio\jre\bin\zip.dll
0x00007ffed53c0000 - 0x00007ffed5aa7000 	C:\Windows\System32\SHELL32.dll
0x00007ffed6e00000 - 0x00007ffed6ea9000 	C:\Windows\System32\shcore.dll
0x00007ffed4220000 - 0x00007ffed49a1000 	C:\Windows\System32\windows.storage.dll
0x00007ffed4140000 - 0x00007ffed4163000 	C:\Windows\System32\profapi.dll
0x00007ffed40b0000 - 0x00007ffed40fa000 	C:\Windows\System32\powrprof.dll
0x00007ffed40a0000 - 0x00007ffed40b0000 	C:\Windows\System32\UMPDC.dll
0x00007ffed6eb0000 - 0x00007ffed6f02000 	C:\Windows\System32\shlwapi.dll
0x00007ffed4cb0000 - 0x00007ffed4cc7000 	C:\Windows\System32\cryptsp.dll
0x00007ffeccc00000 - 0x00007ffeccc1a000 	C:\Program Files\Android\Android Studio\jre\bin\net.dll
0x00007ffec8c40000 - 0x00007ffec8d30000 	C:\Windows\SYSTEM32\WINHTTP.dll
0x00007ffed38f0000 - 0x00007ffed3957000 	C:\Windows\system32\mswsock.dll
0x00007ffecc7d0000 - 0x00007ffecc7e4000 	C:\Program Files\Android\Android Studio\jre\bin\nio.dll
0x00007ffec2720000 - 0x00007ffec2747000 	C:\Users\cyoun\.gradle\native\e1d6ef7f7dcc3fd88c89a11ec53ec762bb8ba0a96d01ffa2cd45eb1d1d8dd5c5\windows-amd64\native-platform.dll
0x00007ffea6b60000 - 0x00007ffea6ca4000 	C:\Users\cyoun\.gradle\native\0d407fdbe67a94daf76414ababcb853783967236a71b16ec16e742cd7a986fd3\windows-amd64\native-platform-file-events.dll
0x00007ffece7a0000 - 0x00007ffece7aa000 	C:\Program Files\Android\Android Studio\jre\bin\management.dll
0x00007ffecdf50000 - 0x00007ffecdf5d000 	C:\Program Files\Android\Android Studio\jre\bin\management_ext.dll
0x00007ffed3460000 - 0x00007ffed3493000 	C:\Windows\system32\rsaenh.dll
0x00007ffed4d00000 - 0x00007ffed4d26000 	C:\Windows\System32\bcrypt.dll
0x00007ffed3fc0000 - 0x00007ffed3fe5000 	C:\Windows\SYSTEM32\USERENV.dll
0x00007ffed3ac0000 - 0x00007ffed3acc000 	C:\Windows\SYSTEM32\CRYPTBASE.dll
0x00007ffed3600000 - 0x00007ffed363a000 	C:\Windows\SYSTEM32\IPHLPAPI.DLL
0x00007ffed6ce0000 - 0x00007ffed6ce8000 	C:\Windows\System32\NSI.dll
0x00007ffec90d0000 - 0x00007ffec90e6000 	C:\Windows\SYSTEM32\dhcpcsvc6.DLL
0x00007ffecab50000 - 0x00007ffecab6c000 	C:\Windows\SYSTEM32\dhcpcsvc.DLL
0x00007ffed3640000 - 0x00007ffed370b000 	C:\Windows\SYSTEM32\DNSAPI.dll
0x00007ffed30e0000 - 0x00007ffed3111000 	C:\Windows\SYSTEM32\ntmarta.dll

dbghelp: loaded successfully - version: 4.0.5 - missing functions: none
symbol engine: initialized successfully - sym options: 0x614 - pdb path: .;C:\Program Files\Android\Android Studio\jre\bin;C:\Windows\SYSTEM32;C:\Windows\WinSxS\amd64_microsoft.windows.common-controls_6595b64144ccf1df_6.0.18362.1256_none_9e7e379be45e40e2;C:\Program Files\Android\Android Studio\jre\bin\server;C:\Users\cyoun\.gradle\native\e1d6ef7f7dcc3fd88c89a11ec53ec762bb8ba0a96d01ffa2cd45eb1d1d8dd5c5\windows-amd64;C:\Users\cyoun\.gradle\native\0d407fdbe67a94daf76414ababcb853783967236a71b16ec16e742cd7a986fd3\windows-amd64

VM Arguments:
jvm_args: --add-opens=java.base/java.util=ALL-UNNAMED --add-opens=java.base/java.lang=ALL-UNNAMED --add-opens=java.base/java.lang.invoke=ALL-UNNAMED --add-opens=java.base/java.util=ALL-UNNAMED --add-opens=java.prefs/java.util.prefs=ALL-UNNAMED --add-opens=java.prefs/java.util.prefs=ALL-UNNAMED --add-opens=java.base/java.nio.charset=ALL-UNNAMED --add-opens=java.base/java.net=ALL-UNNAMED --add-opens=java.base/java.util.concurrent.atomic=ALL-UNNAMED -Xmx2048m -Dfile.encoding=UTF-8 -Duser.country=US -Duser.language=en -Duser.variant 
java_command: org.gradle.launcher.daemon.bootstrap.GradleDaemon 7.4
java_class_path (initial): C:\Users\cyoun\.gradle\wrapper\dists\gradle-7.4-bin\c0gwcg53nkjbqw7r0h0umtfvt\gradle-7.4\lib\gradle-launcher-7.4.jar
Launcher Type: SUN_STANDARD

[Global flags]
     intx CICompilerCount                          = 3                                         {product} {ergonomic}
     uint ConcGCThreads                            = 1                                         {product} {ergonomic}
     uint G1ConcRefinementThreads                  = 4                                         {product} {ergonomic}
   size_t G1HeapRegionSize                         = 1048576                                   {product} {ergonomic}
    uintx GCDrainStackTargetSize                   = 64                                        {product} {ergonomic}
   size_t InitialHeapSize                          = 134217728                                 {product} {ergonomic}
   size_t MarkStackSize                            = 4194304                                   {product} {ergonomic}
   size_t MaxHeapSize                              = 2147483648                                {product} {command line}
   size_t MaxNewSize                               = 1287651328                                {product} {ergonomic}
   size_t MinHeapDeltaBytes                        = 1048576                                   {product} {ergonomic}
    uintx NonNMethodCodeHeapSize                   = 5830732                                {pd product} {ergonomic}
    uintx NonProfiledCodeHeapSize                  = 122913754                              {pd product} {ergonomic}
    uintx ProfiledCodeHeapSize                     = 122913754                              {pd product} {ergonomic}
    uintx ReservedCodeCacheSize                    = 251658240                              {pd product} {ergonomic}
     bool SegmentedCodeCache                       = true                                      {product} {ergonomic}
     bool UseCompressedClassPointers               = true                                 {lp64_product} {ergonomic}
     bool UseCompressedOops                        = true                                 {lp64_product} {ergonomic}
     bool UseG1GC                                  = true                                      {product} {ergonomic}
     bool UseLargePagesIndividualAllocation        = false                                  {pd product} {ergonomic}

Logging:
Log output configuration:
 #0: stdout all=warning uptime,level,tags
 #1: stderr all=off uptime,level,tags

Environment Variables:
PATH=C:\Program Files\Microsoft\jdk-11.0.12.7-hotspot\bin;C:\Python310\Scripts\;C:\Python310\;C:\Program Files\Common Files\Oracle\Java\javapath;C:\Windows\system32;C:\Windows;C:\Windows\System32\Wbem;C:\Windows\System32\WindowsPowerShell\v1.0\;C:\Windows\System32\OpenSSH\;C:\Program Files\Java\jdk-16.0.1\bin;C:\Program Files\Microsoft SQL Server\Client SDK\ODBC\170\Tools\Binn\;C:\Program Files\dotnet;C:\ProgramData\chocolatey\bin;C:\Program Files\nodejs\;C:\Program Files\Git\cmd;C:\Program Files\dotnet\;C:\Program Files (x86)\Microsoft SQL Server\150\Tools\Binn\;C:\Program Files\Microsoft SQL Server\150\Tools\Binn\;C:\Program Files\Microsoft SQL Server\150\DTS\Binn\;C:\Program Files\Microsoft SQL Server\130\Tools\Binn\;C:\Users\cyoun\AppData\Local\Microsoft\WindowsApps;C:\Users\cyoun\.dotnet\tools;C:\Program Files\Azure Data Studio\bin;C:\Users\cyoun\AppData\Local\nvs\;C:\Users\cyoun\AppData\Roaming\npm
USERNAME=cyoun
OS=Windows_NT
PROCESSOR_IDENTIFIER=Intel64 Family 6 Model 69 Stepping 1, GenuineIntel



---------------  S Y S T E M  ---------------

OS: Windows 10 , 64 bit Build 18362 (10.0.18362.1110)
OS uptime: 12 days 22:47 hours

CPU:total 4 (initial active 4) (2 cores per cpu, 2 threads per core) family 6 model 69 stepping 1 microcode 0x24, cmov, cx8, fxsr, mmx, sse, sse2, sse3, ssse3, sse4.1, sse4.2, popcnt, avx, avx2, aes, clmul, erms, lzcnt, ht, tsc, tscinvbit, bmi1, bmi2, fma

Memory: 4k page, system-wide physical 8082M (535M free)
TotalPageFile size 23264M (AvailPageFile size 18M)
current process WorkingSet (physical memory assigned to process): 562M, peak: 602M
current process commit charge ("private bytes"): 659M, peak: 716M

vm_info: OpenJDK 64-Bit Server VM (11.0.13+0-b1751.21-8125866) for windows-amd64 JRE (11.0.13+0-b1751.21-8125866), built on Feb  2 2022 03:00:22 by "builder" with MS VC++ 14.0 (VS2015)

END.
