#
# There is insufficient memory for the Java Runtime Environment to continue.
# Native memory allocation (mmap) failed to map 243269632 bytes for Failed to commit area from 0x000000008e800000 to 0x000000009d000000 of length 243269632.
# Possible reasons:
#   The system is out of physical RAM or swap space
#   The process is running with CompressedOops enabled, and the Java Heap may be blocking the growth of the native heap
# Possible solutions:
#   Reduce memory load on the system
#   Increase physical memory or swap space
#   Check if swap backing store is full
#   Decrease Java heap size (-Xmx/-Xms)
#   Decrease number of Java threads
#   Decrease Java thread stack sizes (-Xss)
#   Set larger code cache with -XX:ReservedCodeCacheSize=
#   JVM is running with Unscaled Compressed Oops mode in which the Java heap is
#     placed in the first 4GB address space. The Java Heap base address is the
#     maximum limit for the native heap growth. Please use -XX:HeapBaseMinAddress
#     to set the Java Heap base and to place the Java Heap above 4GB virtual address.
# This output file may be truncated or incomplete.
#
#  Out of Memory Error (./src/hotspot/os/windows/os_windows.cpp:3619), pid=19900, tid=14400
#
# JRE version: OpenJDK Runtime Environment (11.0.13) (build 11.0.13+0-b1751.21-8125866)
# Java VM: OpenJDK 64-Bit Server VM (11.0.13+0-b1751.21-8125866, mixed mode, tiered, compressed oops, g1 gc, windows-amd64)
# No core dump will be written. Minidumps are not enabled by default on client versions of Windows
#

---------------  S U M M A R Y ------------

Command Line: --add-opens=java.base/java.util=ALL-UNNAMED --add-opens=java.base/java.lang=ALL-UNNAMED --add-opens=java.base/java.lang.invoke=ALL-UNNAMED --add-opens=java.base/java.util=ALL-UNNAMED --add-opens=java.prefs/java.util.prefs=ALL-UNNAMED --add-opens=java.prefs/java.util.prefs=ALL-UNNAMED --add-opens=java.base/java.nio.charset=ALL-UNNAMED --add-opens=java.base/java.net=ALL-UNNAMED --add-opens=java.base/java.util.concurrent.atomic=ALL-UNNAMED -Xmx2048m -Dfile.encoding=UTF-8 -Duser.country=US -Duser.language=en -Duser.variant org.gradle.launcher.daemon.bootstrap.GradleDaemon 7.4

Host: Intel(R) Core(TM) i5-4300U CPU @ 1.90GHz, 4 cores, 7G,  Windows 10 , 64 bit Build 18362 (10.0.18362.1110)
Time: Wed Mar  1 18:19:24 2023 Eastern Standard Time elapsed time: 222.049896 seconds (0d 0h 3m 42s)

---------------  T H R E A D  ---------------

Current thread (0x000001683a551800):  VMThread "VM Thread" [stack: 0x0000003659500000,0x0000003659600000] [id=14400]

Stack: [0x0000003659500000,0x0000003659600000]
[error occurred during error reporting (printing stack bounds), id 0xc0000005, EXCEPTION_ACCESS_VIOLATION (0xc0000005) at pc=0x000001682446112d]

Native frames: (J=compiled Java code, j=interpreted, Vv=VM code, C=native code)
V  [jvm.dll+0x6100fa]
V  [jvm.dll+0x747090]
V  [jvm.dll+0x7486ad]
V  [jvm.dll+0x748ce5]
V  [jvm.dll+0x748c9b]
V  [jvm.dll+0x60f224]
V  [jvm.dll+0x60f9b8]
C  [ntdll.dll+0xa184f]
C  [ntdll.dll+0x6a889]
C  [ntdll.dll+0xa04be]
C  0x000001682446112d

VM_Operation (0x000000365f4fea50): G1CollectForAllocation, mode: safepoint, requested by thread 0x000001684516d800


---------------  P R O C E S S  ---------------

Threads class SMR info:
_java_thread_list=0x0000016841fc54c0, length=95, elements={
0x000001682094e000, 0x000001683a555000, 0x000001683a562800, 0x000001683aed5800,
0x000001683aed6800, 0x000001683aed9000, 0x000001683aede000, 0x000001683aee2800,
0x000001683a576000, 0x000001683b02a800, 0x000001683ccdc800, 0x000001683bace000,
0x000001683d350800, 0x000001683d870800, 0x000001683d86b800, 0x000001683d86e000,
0x000001683d86c000, 0x000001683d86a800, 0x000001683da26800, 0x000001683da29000,
0x000001683da2a000, 0x000001683da2f800, 0x000001683da2d000, 0x0000016840d9b800,
0x0000016840d9d000, 0x0000016840d97800, 0x0000016840d98000, 0x0000016840d96800,
0x0000016840d99000, 0x0000016840d93800, 0x0000016840d9a000, 0x0000016840d94000,
0x0000016840d9a800, 0x0000016840d95000, 0x0000016840d95800, 0x0000016840da1000,
0x0000016840da2000, 0x0000016840d9e000, 0x0000016840d9c800, 0x0000016840d9e800,
0x0000016840d9f800, 0x0000016840da0800, 0x000001683da2e000, 0x000001683da2c800,
0x000001683da2f000, 0x000001683da31800, 0x000001683da30800, 0x000001683da32000,
0x000001683da33000, 0x000001683da33800, 0x000001683d871000, 0x000001683d86d000,
0x000001683d86e800, 0x000001683d86f800, 0x0000016841c02800, 0x0000016841c04800,
0x0000016841c03000, 0x0000016841bff000, 0x0000016841c04000, 0x0000016841c05800,
0x0000016841c00000, 0x0000016841c06800, 0x0000016841c00800, 0x0000016841c07000,
0x0000016841c01800, 0x0000016841c09000, 0x0000016841c0a800, 0x0000016841c08000,
0x0000016841c0b800, 0x0000016841c0d800, 0x0000016841c09800, 0x0000016841c0c000,
0x0000016841c0d000, 0x0000016840922800, 0x0000016840924800, 0x0000016840923800,
0x0000016840925000, 0x0000016840926000, 0x0000016840922000, 0x0000016840926800,
0x0000016840921000, 0x000001684092d000, 0x0000016840927800, 0x000001684092e000,
0x0000016840929000, 0x000001684092b800, 0x000001684092a000, 0x000001684516c000,
0x000001684516d000, 0x000001684516e800, 0x0000016845171000, 0x000001684516f000,
0x000001684516b000, 0x000001684516d800, 0x0000016845170000
}

Java Threads: ( => current thread )
  0x000001682094e000 JavaThread "main" [_thread_blocked, id=18952, stack(0x0000003658f00000,0x0000003659000000)]
  0x000001683a555000 JavaThread "Reference Handler" daemon [_thread_blocked, id=4048, stack(0x0000003659600000,0x0000003659700000)]
  0x000001683a562800 JavaThread "Finalizer" daemon [_thread_blocked, id=17196, stack(0x0000003659700000,0x0000003659800000)]
  0x000001683aed5800 JavaThread "Signal Dispatcher" daemon [_thread_blocked, id=8700, stack(0x0000003659800000,0x0000003659900000)]
  0x000001683aed6800 JavaThread "Attach Listener" daemon [_thread_blocked, id=8888, stack(0x0000003659900000,0x0000003659a00000)]
  0x000001683aed9000 JavaThread "Service Thread" daemon [_thread_blocked, id=15648, stack(0x0000003659a00000,0x0000003659b00000)]
  0x000001683aede000 JavaThread "C2 CompilerThread0" daemon [_thread_in_native, id=3452, stack(0x0000003659b00000,0x0000003659c00000)]
  0x000001683aee2800 JavaThread "C1 CompilerThread0" daemon [_thread_blocked, id=2460, stack(0x0000003659c00000,0x0000003659d00000)]
  0x000001683a576000 JavaThread "Sweeper thread" daemon [_thread_blocked, id=3712, stack(0x0000003659d00000,0x0000003659e00000)]
  0x000001683b02a800 JavaThread "Common-Cleaner" daemon [_thread_blocked, id=13628, stack(0x0000003659e00000,0x0000003659f00000)]
  0x000001683ccdc800 JavaThread "Daemon health stats" [_thread_blocked, id=5468, stack(0x000000365a300000,0x000000365a400000)]
  0x000001683bace000 JavaThread "Incoming local TCP Connector on port 60821" [_thread_in_native, id=18848, stack(0x000000365a000000,0x000000365a100000)]
  0x000001683d350800 JavaThread "Daemon periodic checks" [_thread_blocked, id=13940, stack(0x000000365a400000,0x000000365a500000)]
  0x000001683d870800 JavaThread "Cache worker for journal cache (C:\Users\cyoun\.gradle\caches\journal-1)" [_thread_blocked, id=20392, stack(0x000000365ad00000,0x000000365ae00000)]
  0x000001683d86b800 JavaThread "File lock request listener" [_thread_in_native, id=17892, stack(0x000000365ae00000,0x000000365af00000)]
  0x000001683d86e000 JavaThread "Cache worker for file hash cache (C:\Users\cyoun\.gradle\caches\7.4\fileHashes)" [_thread_blocked, id=17820, stack(0x000000365af00000,0x000000365b000000)]
  0x000001683d86c000 JavaThread "File watcher server" daemon [_thread_blocked, id=8144, stack(0x000000365b100000,0x000000365b200000)]
  0x000001683d86a800 JavaThread "File watcher consumer" daemon [_thread_blocked, id=4556, stack(0x000000365b200000,0x000000365b300000)]
  0x000001683da26800 JavaThread "Cache worker for execution history cache (C:\Users\cyoun\.gradle\caches\7.4\executionHistory)" [_thread_blocked, id=3280, stack(0x000000365b700000,0x000000365b800000)]
  0x000001683da29000 JavaThread "jar transforms" [_thread_blocked, id=20464, stack(0x000000365b800000,0x000000365b900000)]
  0x000001683da2a000 JavaThread "Cache worker for file content cache (C:\Users\cyoun\.gradle\caches\7.4\fileContent)" [_thread_blocked, id=4820, stack(0x000000365b900000,0x000000365ba00000)]
  0x000001683da2f800 JavaThread "jar transforms Thread 2" [_thread_blocked, id=10296, stack(0x000000365ba00000,0x000000365bb00000)]
  0x000001683da2d000 JavaThread "jar transforms Thread 3" [_thread_blocked, id=7868, stack(0x000000365bc00000,0x000000365bd00000)]
  0x0000016840d9b800 JavaThread "jar transforms Thread 4" [_thread_blocked, id=9172, stack(0x000000365e600000,0x000000365e700000)]
  0x0000016840d9d000 JavaThread "Memory manager" [_thread_blocked, id=3080, stack(0x000000365e700000,0x000000365e800000)]
  0x0000016840d97800 JavaThread "Daemon Thread 2" [_thread_blocked, id=9440, stack(0x0000003658c00000,0x0000003658d00000)]
  0x0000016840d98000 JavaThread "Handler for socket connection from /127.0.0.1:60821 to /127.0.0.1:61000" [_thread_in_native, id=20152, stack(0x0000003658d00000,0x0000003658e00000)]
  0x0000016840d96800 JavaThread "Cancel handler" [_thread_blocked, id=5304, stack(0x0000003658e00000,0x0000003658f00000)]
  0x0000016840d99000 JavaThread "Daemon worker Thread 2" [_thread_blocked, id=7692, stack(0x000000365a500000,0x000000365a600000)]
  0x0000016840d93800 JavaThread "Asynchronous log dispatcher for DefaultDaemonConnection: socket connection from /127.0.0.1:60821 to /127.0.0.1:61000" [_thread_blocked, id=18384, stack(0x000000365a600000,0x000000365a700000)]
  0x0000016840d9a000 JavaThread "Stdin handler" [_thread_blocked, id=15568, stack(0x000000365a700000,0x000000365a800000)]
  0x0000016840d94000 JavaThread "Daemon client event forwarder" [_thread_blocked, id=7088, stack(0x000000365a800000,0x000000365a900000)]
  0x0000016840d9a800 JavaThread "Cache worker for checksums cache (C:\Users\cyoun\AndroidStudioProjects\SoftwareDevCareers3\.gradle\7.4\checksums)" [_thread_blocked, id=17732, stack(0x000000365a900000,0x000000365aa00000)]
  0x0000016840d95000 JavaThread "Cache worker for cache directory md-rule (C:\Users\cyoun\.gradle\caches\7.4\md-rule)" [_thread_blocked, id=2676, stack(0x000000365aa00000,0x000000365ab00000)]
  0x0000016840d95800 JavaThread "Cache worker for file hash cache (C:\Users\cyoun\AndroidStudioProjects\SoftwareDevCareers3\.gradle\7.4\fileHashes)" [_thread_blocked, id=5788, stack(0x000000365ab00000,0x000000365ac00000)]
  0x0000016840da1000 JavaThread "Cache worker for cache directory md-supplier (C:\Users\cyoun\.gradle\caches\7.4\md-supplier)" [_thread_blocked, id=508, stack(0x000000365b000000,0x000000365b100000)]
  0x0000016840da2000 JavaThread "Cache worker for dependencies-accessors (C:\Users\cyoun\AndroidStudioProjects\SoftwareDevCareers3\.gradle\7.4\dependencies-accessors)" [_thread_blocked, id=19464, stack(0x000000365b300000,0x000000365b400000)]
  0x0000016840d9e000 JavaThread "Cache worker for Build Output Cleanup Cache (C:\Users\cyoun\AndroidStudioProjects\SoftwareDevCareers3\.gradle\buildOutputCleanup)" [_thread_blocked, id=16020, stack(0x000000365b400000,0x000000365b500000)]
  0x0000016840d9c800 JavaThread "Unconstrained build operations" [_thread_blocked, id=11736, stack(0x000000365b500000,0x000000365b600000)]
  0x0000016840d9e800 JavaThread "Unconstrained build operations Thread 2" [_thread_blocked, id=20352, stack(0x000000365b600000,0x000000365b700000)]
  0x0000016840d9f800 JavaThread "Unconstrained build operations Thread 3" [_thread_blocked, id=5528, stack(0x000000365bb00000,0x000000365bc00000)]
  0x0000016840da0800 JavaThread "Unconstrained build operations Thread 4" [_thread_blocked, id=19224, stack(0x000000365bd00000,0x000000365be00000)]
  0x000001683da2e000 JavaThread "Unconstrained build operations Thread 5" [_thread_blocked, id=1068, stack(0x000000365be00000,0x000000365bf00000)]
  0x000001683da2c800 JavaThread "Unconstrained build operations Thread 6" [_thread_blocked, id=10384, stack(0x000000365bf00000,0x000000365c000000)]
  0x000001683da2f000 JavaThread "Unconstrained build operations Thread 7" [_thread_blocked, id=19148, stack(0x000000365c000000,0x000000365c100000)]
  0x000001683da31800 JavaThread "Unconstrained build operations Thread 8" [_thread_blocked, id=8136, stack(0x000000365c100000,0x000000365c200000)]
  0x000001683da30800 JavaThread "Unconstrained build operations Thread 9" [_thread_blocked, id=14876, stack(0x000000365c200000,0x000000365c300000)]
  0x000001683da32000 JavaThread "Unconstrained build operations Thread 10" [_thread_blocked, id=13528, stack(0x000000365c300000,0x000000365c400000)]
  0x000001683da33000 JavaThread "Unconstrained build operations Thread 11" [_thread_blocked, id=6440, stack(0x000000365c400000,0x000000365c500000)]
  0x000001683da33800 JavaThread "Unconstrained build operations Thread 12" [_thread_blocked, id=15936, stack(0x000000365c500000,0x000000365c600000)]
  0x000001683d871000 JavaThread "Unconstrained build operations Thread 13" [_thread_blocked, id=18892, stack(0x000000365c600000,0x000000365c700000)]
  0x000001683d86d000 JavaThread "Unconstrained build operations Thread 14" [_thread_blocked, id=11084, stack(0x000000365c700000,0x000000365c800000)]
  0x000001683d86e800 JavaThread "Unconstrained build operations Thread 15" [_thread_blocked, id=18160, stack(0x000000365c800000,0x000000365c900000)]
  0x000001683d86f800 JavaThread "Unconstrained build operations Thread 16" [_thread_blocked, id=18448, stack(0x000000365c900000,0x000000365ca00000)]
  0x0000016841c02800 JavaThread "Unconstrained build operations Thread 17" [_thread_blocked, id=19608, stack(0x000000365ca00000,0x000000365cb00000)]
  0x0000016841c04800 JavaThread "Unconstrained build operations Thread 18" [_thread_blocked, id=12796, stack(0x000000365cb00000,0x000000365cc00000)]
  0x0000016841c03000 JavaThread "Unconstrained build operations Thread 19" [_thread_blocked, id=3728, stack(0x000000365cc00000,0x000000365cd00000)]
  0x0000016841bff000 JavaThread "Unconstrained build operations Thread 20" [_thread_blocked, id=21008, stack(0x000000365cd00000,0x000000365ce00000)]
  0x0000016841c04000 JavaThread "Unconstrained build operations Thread 21" [_thread_blocked, id=20560, stack(0x000000365ce00000,0x000000365cf00000)]
  0x0000016841c05800 JavaThread "Unconstrained build operations Thread 22" [_thread_blocked, id=2412, stack(0x000000365cf00000,0x000000365d000000)]
  0x0000016841c00000 JavaThread "Unconstrained build operations Thread 23" [_thread_blocked, id=11284, stack(0x000000365d000000,0x000000365d100000)]
  0x0000016841c06800 JavaThread "Unconstrained build operations Thread 24" [_thread_blocked, id=804, stack(0x000000365d100000,0x000000365d200000)]
  0x0000016841c00800 JavaThread "Unconstrained build operations Thread 25" [_thread_blocked, id=14944, stack(0x000000365d200000,0x000000365d300000)]
  0x0000016841c07000 JavaThread "Unconstrained build operations Thread 26" [_thread_blocked, id=13256, stack(0x000000365d300000,0x000000365d400000)]
  0x0000016841c01800 JavaThread "Unconstrained build operations Thread 27" [_thread_blocked, id=19844, stack(0x000000365d400000,0x000000365d500000)]
  0x0000016841c09000 JavaThread "Unconstrained build operations Thread 28" [_thread_blocked, id=10636, stack(0x000000365d500000,0x000000365d600000)]
  0x0000016841c0a800 JavaThread "Unconstrained build operations Thread 29" [_thread_blocked, id=19512, stack(0x000000365d600000,0x000000365d700000)]
  0x0000016841c08000 JavaThread "Unconstrained build operations Thread 30" [_thread_blocked, id=18232, stack(0x000000365d700000,0x000000365d800000)]
  0x0000016841c0b800 JavaThread "Unconstrained build operations Thread 31" [_thread_blocked, id=20652, stack(0x000000365d800000,0x000000365d900000)]
  0x0000016841c0d800 JavaThread "Unconstrained build operations Thread 32" [_thread_blocked, id=4532, stack(0x000000365d900000,0x000000365da00000)]
  0x0000016841c09800 JavaThread "Unconstrained build operations Thread 33" [_thread_blocked, id=2712, stack(0x000000365da00000,0x000000365db00000)]
  0x0000016841c0c000 JavaThread "Unconstrained build operations Thread 34" [_thread_blocked, id=14232, stack(0x000000365db00000,0x000000365dc00000)]
  0x0000016841c0d000 JavaThread "Unconstrained build operations Thread 35" [_thread_blocked, id=14796, stack(0x000000365dc00000,0x000000365dd00000)]
  0x0000016840922800 JavaThread "Unconstrained build operations Thread 36" [_thread_blocked, id=21436, stack(0x000000365dd00000,0x000000365de00000)]
  0x0000016840924800 JavaThread "Unconstrained build operations Thread 37" [_thread_blocked, id=20720, stack(0x000000365de00000,0x000000365df00000)]
  0x0000016840923800 JavaThread "Unconstrained build operations Thread 38" [_thread_blocked, id=20668, stack(0x000000365df00000,0x000000365e000000)]
  0x0000016840925000 JavaThread "Unconstrained build operations Thread 39" [_thread_blocked, id=7788, stack(0x000000365e000000,0x000000365e100000)]
  0x0000016840926000 JavaThread "Unconstrained build operations Thread 40" [_thread_blocked, id=19476, stack(0x000000365e100000,0x000000365e200000)]
  0x0000016840922000 JavaThread "build event listener" [_thread_blocked, id=9032, stack(0x000000365e200000,0x000000365e300000)]
  0x0000016840926800 JavaThread "included builds" [_thread_blocked, id=9868, stack(0x000000365e300000,0x000000365e400000)]
  0x0000016840921000 JavaThread "Execution worker for ':'" [_thread_blocked, id=2436, stack(0x000000365e400000,0x000000365e500000)]
  0x000001684092d000 JavaThread "Execution worker for ':' Thread 2" [_thread_blocked, id=11756, stack(0x000000365e500000,0x000000365e600000)]
  0x0000016840927800 JavaThread "Execution worker for ':' Thread 3" [_thread_blocked, id=4592, stack(0x000000365e800000,0x000000365e900000)]
  0x000001684092e000 JavaThread "Cache worker for execution history cache (C:\Users\cyoun\AndroidStudioProjects\SoftwareDevCareers3\.gradle\7.4\executionHistory)" [_thread_blocked, id=18288, stack(0x000000365e900000,0x000000365ea00000)]
  0x0000016840929000 JavaThread "WorkerExecutor Queue Thread 2" [_thread_blocked, id=16796, stack(0x000000365eb00000,0x000000365ec00000)]
  0x000001684092b800 JavaThread "WorkerExecutor Queue Thread 3" [_thread_blocked, id=18504, stack(0x000000365ec00000,0x000000365ed00000)]
  0x000001684092a000 JavaThread "WorkerExecutor Queue Thread 4" [_thread_blocked, id=19488, stack(0x000000365ed00000,0x000000365ee00000)]
  0x000001684516c000 JavaThread "WorkerExecutor Queue Thread 6" [_thread_blocked, id=872, stack(0x000000365f000000,0x000000365f100000)]
  0x000001684516d000 JavaThread "pool-4-thread-1" [_thread_blocked, id=14660, stack(0x000000365f100000,0x000000365f200000)]
  0x000001684516e800 JavaThread "stderr" [_thread_in_native, id=20792, stack(0x000000365f200000,0x000000365f300000)]
  0x0000016845171000 JavaThread "stdout" [_thread_in_native, id=12412, stack(0x000000365f300000,0x000000365f400000)]
  0x000001684516f000 JavaThread "ForkJoinPool-1-worker-3" daemon [_thread_blocked, id=20992, stack(0x000000365ea00000,0x000000365eb00000)]
  0x000001684516b000 JavaThread "ForkJoinPool-1-worker-5" daemon [_thread_blocked, id=10324, stack(0x000000365ef00000,0x000000365f000000)]
  0x000001684516d800 JavaThread "ForkJoinPool-1-worker-7" daemon [_thread_blocked, id=16604, stack(0x000000365f400000,0x000000365f500000)]
  0x0000016845170000 JavaThread "ForkJoinPool-1-worker-1" daemon [_thread_blocked, id=14680, stack(0x000000365f500000,0x000000365f600000)]

Other Threads:
=>0x000001683a551800 VMThread "VM Thread" [stack: 0x0000003659500000,0x0000003659600000] [id=14400]
  0x000001683b04e800 WatcherThread [stack: 0x0000003659f00000,0x000000365a000000] [id=20732]
  0x0000016820967800 GCTaskThread "GC Thread#0" [stack: 0x0000003659000000,0x0000003659100000] [id=4764]
  0x000001683b2f2800 GCTaskThread "GC Thread#1" [stack: 0x000000365a100000,0x000000365a200000] [id=19520]
  0x000001683b5ad000 GCTaskThread "GC Thread#2" [stack: 0x000000365a200000,0x000000365a300000] [id=4400]
  0x000001683be33800 GCTaskThread "GC Thread#3" [stack: 0x000000365ac00000,0x000000365ad00000] [id=7228]
  0x0000016820997800 ConcurrentGCThread "G1 Main Marker" [stack: 0x0000003659100000,0x0000003659200000] [id=20312]
  0x000001682099a000 ConcurrentGCThread "G1 Conc#0" [stack: 0x0000003659200000,0x0000003659300000] [id=20472]
  0x000001683a3a0800 ConcurrentGCThread "G1 Refine#0" [stack: 0x0000003659300000,0x0000003659400000] [id=6972]
  0x000001683e6e8800 ConcurrentGCThread "G1 Refine#1" [stack: 0x000000365f600000,0x000000365f700000] [id=14996]
  0x000001683a3a1000 ConcurrentGCThread "G1 Young RemSet Sampling" [stack: 0x0000003659400000,0x0000003659500000] [id=1352]

Threads with active compile tasks:
C2 CompilerThread0 222099 15895       4       com.android.tools.r8.dex.i::a (829 bytes)

VM state:at safepoint (normal execution)

VM Mutex/Monitor currently owned by a thread:  ([mutex/lock_event])
[0x0000016820949f30] Threads_lock - owner thread: 0x000001683a551800
[0x000001682094b5b0] Heap_lock - owner thread: 0x000001684516d800

Heap address: 0x0000000080000000, size: 2048 MB, Compressed Oops mode: 32-bit
Narrow klass base: 0x0000000000000000, Narrow klass shift: 3
Compressed class space size: 1073741824 Address: 0x0000000100000000

Heap:
 garbage-first heap   total 475136K, used 194528K [0x0000000080000000, 0x0000000100000000)
  region size 1024K, 2 young (2048K), 2 survivors (2048K)
 Metaspace       used 110600K, capacity 113062K, committed 113360K, reserved 1148928K
  class space    used 13878K, capacity 14803K, committed 14848K, reserved 1048576K
Heap Regions: E=young(eden), S=young(survivor), O=old, HS=humongous(starts), HC=humongous(continues), CS=collection set, F=free, A=archive, TAMS=top-at-mark-start (previous, next)
|   0|0x0000000080000000, 0x0000000080100000, 0x0000000080100000|100%|HS|  |TAMS 0x0000000080100000, 0x0000000080000000| Complete 
|   1|0x0000000080100000, 0x0000000080200000, 0x0000000080200000|100%|HC|  |TAMS 0x0000000080200000, 0x0000000080100000| Complete 
|   2|0x0000000080200000, 0x0000000080300000, 0x0000000080300000|100%|HC|  |TAMS 0x0000000080300000, 0x0000000080200000| Complete 
|   3|0x0000000080300000, 0x0000000080400000, 0x0000000080400000|100%| O|  |TAMS 0x0000000080400000, 0x0000000080300000| Untracked 
|   4|0x0000000080400000, 0x0000000080500000, 0x0000000080500000|100%| O|  |TAMS 0x0000000080500000, 0x0000000080400000| Untracked 
|   5|0x0000000080500000, 0x0000000080600000, 0x0000000080600000|100%| O|  |TAMS 0x0000000080600000, 0x0000000080500000| Untracked 
|   6|0x0000000080600000, 0x0000000080700000, 0x0000000080700000|100%| O|  |TAMS 0x0000000080700000, 0x0000000080600000| Untracked 
|   7|0x0000000080700000, 0x0000000080800000, 0x0000000080800000|100%| O|  |TAMS 0x0000000080800000, 0x0000000080700000| Untracked 
|   8|0x0000000080800000, 0x0000000080900000, 0x0000000080900000|100%| O|  |TAMS 0x0000000080900000, 0x0000000080800000| Untracked 
|   9|0x0000000080900000, 0x0000000080a00000, 0x0000000080a00000|100%| O|  |TAMS 0x0000000080a00000, 0x0000000080900000| Untracked 
|  10|0x0000000080a00000, 0x0000000080b00000, 0x0000000080b00000|100%| O|  |TAMS 0x0000000080b00000, 0x0000000080a00000| Untracked 
|  11|0x0000000080b00000, 0x0000000080c00000, 0x0000000080c00000|100%| O|  |TAMS 0x0000000080c00000, 0x0000000080b00000| Untracked 
|  12|0x0000000080c00000, 0x0000000080d00000, 0x0000000080d00000|100%| O|  |TAMS 0x0000000080d00000, 0x0000000080c00000| Untracked 
|  13|0x0000000080d00000, 0x0000000080e00000, 0x0000000080e00000|100%| O|  |TAMS 0x0000000080e00000, 0x0000000080d00000| Untracked 
|  14|0x0000000080e00000, 0x0000000080f00000, 0x0000000080f00000|100%| O|  |TAMS 0x0000000080f00000, 0x0000000080e00000| Untracked 
|  15|0x0000000080f00000, 0x0000000081000000, 0x0000000081000000|100%| O|  |TAMS 0x0000000081000000, 0x0000000080f00000| Untracked 
|  16|0x0000000081000000, 0x0000000081100000, 0x0000000081100000|100%|HS|  |TAMS 0x0000000081100000, 0x0000000081000000| Complete 
|  17|0x0000000081100000, 0x0000000081200000, 0x0000000081200000|100%| O|  |TAMS 0x0000000081200000, 0x0000000081100000| Untracked 
|  18|0x0000000081200000, 0x0000000081300000, 0x0000000081300000|100%| O|  |TAMS 0x0000000081300000, 0x0000000081200000| Untracked 
|  19|0x0000000081300000, 0x0000000081400000, 0x0000000081400000|100%| O|  |TAMS 0x0000000081400000, 0x0000000081300000| Untracked 
|  20|0x0000000081400000, 0x0000000081500000, 0x0000000081500000|100%| O|  |TAMS 0x0000000081500000, 0x0000000081400000| Untracked 
|  21|0x0000000081500000, 0x0000000081600000, 0x0000000081600000|100%| O|  |TAMS 0x0000000081600000, 0x0000000081500000| Untracked 
|  22|0x0000000081600000, 0x0000000081700000, 0x0000000081700000|100%| O|  |TAMS 0x0000000081700000, 0x0000000081600000| Untracked 
|  23|0x0000000081700000, 0x0000000081800000, 0x0000000081800000|100%| O|  |TAMS 0x0000000081800000, 0x0000000081700000| Untracked 
|  24|0x0000000081800000, 0x0000000081900000, 0x0000000081900000|100%|HS|  |TAMS 0x0000000081900000, 0x0000000081800000| Complete 
|  25|0x0000000081900000, 0x0000000081a00000, 0x0000000081a00000|100%| O|  |TAMS 0x0000000081a00000, 0x0000000081900000| Untracked 
|  26|0x0000000081a00000, 0x0000000081b00000, 0x0000000081b00000|100%|HS|  |TAMS 0x0000000081b00000, 0x0000000081a00000| Complete 
|  27|0x0000000081b00000, 0x0000000081c00000, 0x0000000081c00000|100%|HC|  |TAMS 0x0000000081c00000, 0x0000000081b00000| Complete 
|  28|0x0000000081c00000, 0x0000000081d00000, 0x0000000081d00000|100%| O|  |TAMS 0x0000000081d00000, 0x0000000081c00000| Untracked 
|  29|0x0000000081d00000, 0x0000000081e00000, 0x0000000081e00000|100%| O|  |TAMS 0x0000000081e00000, 0x0000000081d00000| Untracked 
|  30|0x0000000081e00000, 0x0000000081f00000, 0x0000000081f00000|100%| O|  |TAMS 0x0000000081f00000, 0x0000000081e00000| Untracked 
|  31|0x0000000081f00000, 0x0000000082000000, 0x0000000082000000|100%| O|  |TAMS 0x0000000082000000, 0x0000000081f00000| Untracked 
|  32|0x0000000082000000, 0x0000000082100000, 0x0000000082100000|100%| O|  |TAMS 0x0000000082100000, 0x0000000082000000| Untracked 
|  33|0x0000000082100000, 0x0000000082200000, 0x0000000082200000|100%| O|  |TAMS 0x0000000082200000, 0x0000000082100000| Untracked 
|  34|0x0000000082200000, 0x0000000082300000, 0x0000000082300000|100%| O|  |TAMS 0x0000000082300000, 0x0000000082200000| Untracked 
|  35|0x0000000082300000, 0x0000000082400000, 0x0000000082400000|100%| O|  |TAMS 0x0000000082400000, 0x0000000082300000| Untracked 
|  36|0x0000000082400000, 0x0000000082500000, 0x0000000082500000|100%| O|  |TAMS 0x0000000082500000, 0x0000000082400000| Untracked 
|  37|0x0000000082500000, 0x0000000082600000, 0x0000000082600000|100%| O|  |TAMS 0x0000000082600000, 0x0000000082500000| Untracked 
|  38|0x0000000082600000, 0x0000000082700000, 0x0000000082700000|100%| O|  |TAMS 0x0000000082700000, 0x0000000082600000| Untracked 
|  39|0x0000000082700000, 0x0000000082800000, 0x0000000082800000|100%| O|  |TAMS 0x0000000082800000, 0x0000000082700000| Untracked 
|  40|0x0000000082800000, 0x0000000082900000, 0x0000000082900000|100%| O|  |TAMS 0x0000000082900000, 0x0000000082800000| Untracked 
|  41|0x0000000082900000, 0x0000000082a00000, 0x0000000082a00000|100%| O|  |TAMS 0x0000000082a00000, 0x0000000082900000| Untracked 
|  42|0x0000000082a00000, 0x0000000082b00000, 0x0000000082b00000|100%| O|  |TAMS 0x0000000082b00000, 0x0000000082a00000| Untracked 
|  43|0x0000000082b00000, 0x0000000082c00000, 0x0000000082c00000|100%| O|  |TAMS 0x0000000082c00000, 0x0000000082b00000| Untracked 
|  44|0x0000000082c00000, 0x0000000082d00000, 0x0000000082d00000|100%| O|  |TAMS 0x0000000082d00000, 0x0000000082c00000| Untracked 
|  45|0x0000000082d00000, 0x0000000082e00000, 0x0000000082e00000|100%| O|  |TAMS 0x0000000082e00000, 0x0000000082d00000| Untracked 
|  46|0x0000000082e00000, 0x0000000082f00000, 0x0000000082f00000|100%| O|  |TAMS 0x0000000082f00000, 0x0000000082e00000| Untracked 
|  47|0x0000000082f00000, 0x0000000083000000, 0x0000000083000000|100%| O|  |TAMS 0x0000000083000000, 0x0000000082f00000| Untracked 
|  48|0x0000000083000000, 0x0000000083100000, 0x0000000083100000|100%| O|  |TAMS 0x0000000083100000, 0x0000000083000000| Untracked 
|  49|0x0000000083100000, 0x0000000083200000, 0x0000000083200000|100%| O|  |TAMS 0x0000000083200000, 0x0000000083100000| Untracked 
|  50|0x0000000083200000, 0x0000000083300000, 0x0000000083300000|100%| O|  |TAMS 0x0000000083300000, 0x0000000083200000| Untracked 
|  51|0x0000000083300000, 0x0000000083400000, 0x0000000083400000|100%| O|  |TAMS 0x0000000083400000, 0x0000000083300000| Untracked 
|  52|0x0000000083400000, 0x0000000083500000, 0x0000000083500000|100%| O|  |TAMS 0x0000000083500000, 0x0000000083400000| Untracked 
|  53|0x0000000083500000, 0x0000000083600000, 0x0000000083600000|100%| O|  |TAMS 0x0000000083600000, 0x0000000083500000| Untracked 
|  54|0x0000000083600000, 0x0000000083700000, 0x0000000083700000|100%| O|  |TAMS 0x0000000083700000, 0x0000000083600000| Untracked 
|  55|0x0000000083700000, 0x0000000083800000, 0x0000000083800000|100%| O|  |TAMS 0x0000000083800000, 0x0000000083700000| Untracked 
|  56|0x0000000083800000, 0x0000000083900000, 0x0000000083900000|100%| O|  |TAMS 0x0000000083900000, 0x0000000083800000| Untracked 
|  57|0x0000000083900000, 0x0000000083a00000, 0x0000000083a00000|100%| O|  |TAMS 0x0000000083a00000, 0x0000000083900000| Untracked 
|  58|0x0000000083a00000, 0x0000000083b00000, 0x0000000083b00000|100%| O|  |TAMS 0x0000000083b00000, 0x0000000083a00000| Untracked 
|  59|0x0000000083b00000, 0x0000000083c00000, 0x0000000083c00000|100%| O|  |TAMS 0x0000000083c00000, 0x0000000083b00000| Untracked 
|  60|0x0000000083c00000, 0x0000000083d00000, 0x0000000083d00000|100%| O|  |TAMS 0x0000000083d00000, 0x0000000083c00000| Untracked 
|  61|0x0000000083d00000, 0x0000000083e00000, 0x0000000083e00000|100%| O|  |TAMS 0x0000000083e00000, 0x0000000083d00000| Untracked 
|  62|0x0000000083e00000, 0x0000000083f00000, 0x0000000083f00000|100%| O|  |TAMS 0x0000000083f00000, 0x0000000083e00000| Untracked 
|  63|0x0000000083f00000, 0x0000000084000000, 0x0000000084000000|100%| O|  |TAMS 0x0000000084000000, 0x0000000083f00000| Untracked 
|  64|0x0000000084000000, 0x0000000084100000, 0x0000000084100000|100%| O|  |TAMS 0x0000000084100000, 0x0000000084000000| Untracked 
|  65|0x0000000084100000, 0x0000000084200000, 0x0000000084200000|100%| O|  |TAMS 0x0000000084200000, 0x0000000084100000| Untracked 
|  66|0x0000000084200000, 0x0000000084300000, 0x0000000084300000|100%| O|  |TAMS 0x0000000084300000, 0x0000000084200000| Untracked 
|  67|0x0000000084300000, 0x0000000084400000, 0x0000000084400000|100%| O|  |TAMS 0x0000000084400000, 0x0000000084300000| Untracked 
|  68|0x0000000084400000, 0x0000000084500000, 0x0000000084500000|100%| O|  |TAMS 0x0000000084500000, 0x0000000084400000| Untracked 
|  69|0x0000000084500000, 0x0000000084600000, 0x0000000084600000|100%| O|  |TAMS 0x0000000084600000, 0x0000000084500000| Untracked 
|  70|0x0000000084600000, 0x0000000084700000, 0x0000000084700000|100%| O|  |TAMS 0x0000000084700000, 0x0000000084600000| Untracked 
|  71|0x0000000084700000, 0x0000000084800000, 0x0000000084800000|100%| O|  |TAMS 0x0000000084800000, 0x0000000084700000| Untracked 
|  72|0x0000000084800000, 0x0000000084900000, 0x0000000084900000|100%| O|  |TAMS 0x0000000084900000, 0x0000000084800000| Untracked 
|  73|0x0000000084900000, 0x0000000084a00000, 0x0000000084a00000|100%| O|  |TAMS 0x0000000084a00000, 0x0000000084900000| Untracked 
|  74|0x0000000084a00000, 0x0000000084b00000, 0x0000000084b00000|100%| O|  |TAMS 0x0000000084b00000, 0x0000000084a00000| Untracked 
|  75|0x0000000084b00000, 0x0000000084c00000, 0x0000000084c00000|100%| O|  |TAMS 0x0000000084c00000, 0x0000000084b00000| Untracked 
|  76|0x0000000084c00000, 0x0000000084d00000, 0x0000000084d00000|100%| O|  |TAMS 0x0000000084d00000, 0x0000000084c00000| Untracked 
|  77|0x0000000084d00000, 0x0000000084e00000, 0x0000000084e00000|100%| O|  |TAMS 0x0000000084e00000, 0x0000000084d00000| Untracked 
|  78|0x0000000084e00000, 0x0000000084f00000, 0x0000000084f00000|100%| O|  |TAMS 0x0000000084f00000, 0x0000000084e00000| Untracked 
|  79|0x0000000084f00000, 0x0000000085000000, 0x0000000085000000|100%| O|  |TAMS 0x0000000085000000, 0x0000000084f00000| Untracked 
|  80|0x0000000085000000, 0x0000000085100000, 0x0000000085100000|100%| O|  |TAMS 0x0000000085100000, 0x0000000085000000| Untracked 
|  81|0x0000000085100000, 0x0000000085200000, 0x0000000085200000|100%| O|  |TAMS 0x0000000085200000, 0x0000000085100000| Untracked 
|  82|0x0000000085200000, 0x0000000085300000, 0x0000000085300000|100%| O|  |TAMS 0x0000000085300000, 0x0000000085200000| Untracked 
|  83|0x0000000085300000, 0x0000000085400000, 0x0000000085400000|100%| O|  |TAMS 0x0000000085400000, 0x0000000085300000| Untracked 
|  84|0x0000000085400000, 0x0000000085500000, 0x0000000085500000|100%| O|  |TAMS 0x0000000085500000, 0x0000000085400000| Untracked 
|  85|0x0000000085500000, 0x0000000085600000, 0x0000000085600000|100%| O|  |TAMS 0x0000000085600000, 0x0000000085500000| Untracked 
|  86|0x0000000085600000, 0x0000000085700000, 0x0000000085700000|100%| O|  |TAMS 0x0000000085700000, 0x0000000085600000| Untracked 
|  87|0x0000000085700000, 0x0000000085800000, 0x0000000085800000|100%| O|  |TAMS 0x0000000085800000, 0x0000000085700000| Untracked 
|  88|0x0000000085800000, 0x0000000085900000, 0x0000000085900000|100%| O|  |TAMS 0x0000000085900000, 0x0000000085800000| Untracked 
|  89|0x0000000085900000, 0x0000000085a00000, 0x0000000085a00000|100%| O|  |TAMS 0x0000000085a00000, 0x0000000085900000| Untracked 
|  90|0x0000000085a00000, 0x0000000085b00000, 0x0000000085b00000|100%|HS|  |TAMS 0x0000000085a00000, 0x0000000085a00000| Complete 
|  91|0x0000000085b00000, 0x0000000085c00000, 0x0000000085c00000|100%|HS|  |TAMS 0x0000000085c00000, 0x0000000085b00000| Complete 
|  92|0x0000000085c00000, 0x0000000085d00000, 0x0000000085d00000|100%|HC|  |TAMS 0x0000000085d00000, 0x0000000085c00000| Complete 
|  93|0x0000000085d00000, 0x0000000085e00000, 0x0000000085e00000|100%| O|  |TAMS 0x0000000085d00000, 0x0000000085d00000| Untracked 
|  94|0x0000000085e00000, 0x0000000085f00000, 0x0000000085f00000|100%|HS|  |TAMS 0x0000000085f00000, 0x0000000085e00000| Complete 
|  95|0x0000000085f00000, 0x0000000086000000, 0x0000000086000000|100%|HS|  |TAMS 0x0000000086000000, 0x0000000085f00000| Complete 
|  96|0x0000000086000000, 0x0000000086100000, 0x0000000086100000|100%|HS|  |TAMS 0x0000000086100000, 0x0000000086000000| Complete 
|  97|0x0000000086100000, 0x0000000086200000, 0x0000000086200000|100%|HC|  |TAMS 0x0000000086200000, 0x0000000086100000| Complete 
|  98|0x0000000086200000, 0x0000000086300000, 0x0000000086300000|100%|HS|  |TAMS 0x0000000086300000, 0x0000000086200000| Complete 
|  99|0x0000000086300000, 0x0000000086400000, 0x0000000086400000|100%|HC|  |TAMS 0x0000000086400000, 0x0000000086300000| Complete 
| 100|0x0000000086400000, 0x0000000086500000, 0x0000000086500000|100%|HS|  |TAMS 0x0000000086500000, 0x0000000086400000| Complete 
| 101|0x0000000086500000, 0x0000000086600000, 0x0000000086600000|100%|HC|  |TAMS 0x0000000086600000, 0x0000000086500000| Complete 
| 102|0x0000000086600000, 0x0000000086700000, 0x0000000086700000|100%|HC|  |TAMS 0x0000000086700000, 0x0000000086600000| Complete 
| 103|0x0000000086700000, 0x0000000086800000, 0x0000000086800000|100%| O|  |TAMS 0x0000000086800000, 0x0000000086700000| Untracked 
| 104|0x0000000086800000, 0x0000000086900000, 0x0000000086900000|100%| O|  |TAMS 0x0000000086900000, 0x0000000086800000| Untracked 
| 105|0x0000000086900000, 0x0000000086a00000, 0x0000000086a00000|100%| O|  |TAMS 0x0000000086a00000, 0x0000000086900000| Untracked 
| 106|0x0000000086a00000, 0x0000000086b00000, 0x0000000086b00000|100%| O|  |TAMS 0x0000000086b00000, 0x0000000086a00000| Untracked 
| 107|0x0000000086b00000, 0x0000000086c00000, 0x0000000086c00000|100%| O|  |TAMS 0x0000000086c00000, 0x0000000086b00000| Untracked 
| 108|0x0000000086c00000, 0x0000000086d00000, 0x0000000086d00000|100%| O|  |TAMS 0x0000000086d00000, 0x0000000086c00000| Untracked 
| 109|0x0000000086d00000, 0x0000000086e00000, 0x0000000086e00000|100%| O|  |TAMS 0x0000000086e00000, 0x0000000086d00000| Untracked 
| 110|0x0000000086e00000, 0x0000000086f00000, 0x0000000086f00000|100%| O|  |TAMS 0x0000000086f00000, 0x0000000086e00000| Untracked 
| 111|0x0000000086f00000, 0x0000000087000000, 0x0000000087000000|100%| O|  |TAMS 0x0000000087000000, 0x0000000086f00000| Untracked 
| 112|0x0000000087000000, 0x0000000087100000, 0x0000000087100000|100%| O|  |TAMS 0x0000000087017a00, 0x0000000087000000| Untracked 
| 113|0x0000000087100000, 0x0000000087200000, 0x0000000087200000|100%| O|  |TAMS 0x0000000087100000, 0x0000000087100000| Untracked 
| 114|0x0000000087200000, 0x0000000087300000, 0x0000000087300000|100%| O|  |TAMS 0x0000000087200000, 0x0000000087200000| Untracked 
| 115|0x0000000087300000, 0x0000000087400000, 0x0000000087400000|100%|HS|  |TAMS 0x0000000087300000, 0x0000000087300000| Complete 
| 116|0x0000000087400000, 0x0000000087500000, 0x0000000087500000|100%|HC|  |TAMS 0x0000000087400000, 0x0000000087400000| Complete 
| 117|0x0000000087500000, 0x0000000087600000, 0x0000000087600000|100%| O|  |TAMS 0x0000000087500000, 0x0000000087500000| Untracked 
| 118|0x0000000087600000, 0x0000000087700000, 0x0000000087700000|100%|HS|  |TAMS 0x0000000087600000, 0x0000000087600000| Complete 
| 119|0x0000000087700000, 0x0000000087800000, 0x0000000087800000|100%| O|  |TAMS 0x0000000087700000, 0x0000000087700000| Untracked 
| 120|0x0000000087800000, 0x0000000087900000, 0x0000000087900000|100%|HS|  |TAMS 0x0000000087800000, 0x0000000087800000| Complete 
| 121|0x0000000087900000, 0x0000000087a00000, 0x0000000087a00000|100%| O|  |TAMS 0x0000000087900000, 0x0000000087900000| Untracked 
| 122|0x0000000087a00000, 0x0000000087b00000, 0x0000000087b00000|100%| O|  |TAMS 0x0000000087a00000, 0x0000000087a00000| Untracked 
| 123|0x0000000087b00000, 0x0000000087c00000, 0x0000000087c00000|100%|HS|  |TAMS 0x0000000087b00000, 0x0000000087b00000| Complete 
| 124|0x0000000087c00000, 0x0000000087d00000, 0x0000000087d00000|100%|HS|  |TAMS 0x0000000087c00000, 0x0000000087c00000| Complete 
| 125|0x0000000087d00000, 0x0000000087e00000, 0x0000000087e00000|100%|HC|  |TAMS 0x0000000087d00000, 0x0000000087d00000| Complete 
| 126|0x0000000087e00000, 0x0000000087f00000, 0x0000000087f00000|100%| O|  |TAMS 0x0000000087e00000, 0x0000000087e00000| Untracked 
| 127|0x0000000087f00000, 0x0000000088000000, 0x0000000088000000|100%| O|  |TAMS 0x0000000087f00000, 0x0000000087f00000| Untracked 
| 128|0x0000000088000000, 0x0000000088100000, 0x0000000088100000|100%| O|  |TAMS 0x0000000088000000, 0x0000000088000000| Untracked 
| 129|0x0000000088100000, 0x0000000088200000, 0x0000000088200000|100%|HS|  |TAMS 0x0000000088100000, 0x0000000088100000| Complete 
| 130|0x0000000088200000, 0x0000000088300000, 0x0000000088300000|100%|HC|  |TAMS 0x0000000088200000, 0x0000000088200000| Complete 
| 131|0x0000000088300000, 0x0000000088400000, 0x0000000088400000|100%| O|  |TAMS 0x0000000088300000, 0x0000000088300000| Untracked 
| 132|0x0000000088400000, 0x0000000088500000, 0x0000000088500000|100%| O|  |TAMS 0x0000000088400000, 0x0000000088400000| Untracked 
| 133|0x0000000088500000, 0x0000000088600000, 0x0000000088600000|100%| O|  |TAMS 0x0000000088500000, 0x0000000088500000| Untracked 
| 134|0x0000000088600000, 0x0000000088700000, 0x0000000088700000|100%| O|  |TAMS 0x0000000088600000, 0x0000000088600000| Untracked 
| 135|0x0000000088700000, 0x0000000088800000, 0x0000000088800000|100%| O|  |TAMS 0x0000000088700000, 0x0000000088700000| Untracked 
| 136|0x0000000088800000, 0x0000000088900000, 0x0000000088900000|100%| O|  |TAMS 0x0000000088800000, 0x0000000088800000| Untracked 
| 137|0x0000000088900000, 0x0000000088a00000, 0x0000000088a00000|100%|HS|  |TAMS 0x0000000088900000, 0x0000000088900000| Complete 
| 138|0x0000000088a00000, 0x0000000088b00000, 0x0000000088b00000|100%|HC|  |TAMS 0x0000000088a00000, 0x0000000088a00000| Complete 
| 139|0x0000000088b00000, 0x0000000088c00000, 0x0000000088c00000|100%|HC|  |TAMS 0x0000000088b00000, 0x0000000088b00000| Complete 
| 140|0x0000000088c00000, 0x0000000088d00000, 0x0000000088d00000|100%| O|  |TAMS 0x0000000088c00000, 0x0000000088c00000| Untracked 
| 141|0x0000000088d00000, 0x0000000088e00000, 0x0000000088e00000|100%| O|  |TAMS 0x0000000088d00000, 0x0000000088d00000| Untracked 
| 142|0x0000000088e00000, 0x0000000088f00000, 0x0000000088f00000|100%| O|  |TAMS 0x0000000088e00000, 0x0000000088e00000| Untracked 
| 143|0x0000000088f00000, 0x0000000089000000, 0x0000000089000000|100%| O|  |TAMS 0x0000000088f00000, 0x0000000088f00000| Untracked 
| 144|0x0000000089000000, 0x0000000089100000, 0x0000000089100000|100%| O|  |TAMS 0x0000000089000000, 0x0000000089000000| Untracked 
| 145|0x0000000089100000, 0x0000000089200000, 0x0000000089200000|100%| O|  |TAMS 0x0000000089100000, 0x0000000089100000| Untracked 
| 146|0x0000000089200000, 0x0000000089300000, 0x0000000089300000|100%| O|  |TAMS 0x0000000089200000, 0x0000000089200000| Untracked 
| 147|0x0000000089300000, 0x0000000089400000, 0x0000000089400000|100%| O|  |TAMS 0x0000000089300000, 0x0000000089300000| Untracked 
| 148|0x0000000089400000, 0x0000000089500000, 0x0000000089500000|100%| O|  |TAMS 0x0000000089400000, 0x0000000089400000| Untracked 
| 149|0x0000000089500000, 0x0000000089600000, 0x0000000089600000|100%| O|  |TAMS 0x0000000089500000, 0x0000000089500000| Untracked 
| 150|0x0000000089600000, 0x0000000089700000, 0x0000000089700000|100%| O|  |TAMS 0x0000000089600000, 0x0000000089600000| Untracked 
| 151|0x0000000089700000, 0x0000000089800000, 0x0000000089800000|100%| O|  |TAMS 0x0000000089700000, 0x0000000089700000| Untracked 
| 152|0x0000000089800000, 0x0000000089900000, 0x0000000089900000|100%| O|  |TAMS 0x0000000089800000, 0x0000000089800000| Untracked 
| 153|0x0000000089900000, 0x0000000089a00000, 0x0000000089a00000|100%| O|  |TAMS 0x0000000089900000, 0x0000000089900000| Untracked 
| 154|0x0000000089a00000, 0x0000000089b00000, 0x0000000089b00000|100%| O|  |TAMS 0x0000000089a00000, 0x0000000089a00000| Untracked 
| 155|0x0000000089b00000, 0x0000000089c00000, 0x0000000089c00000|100%| O|  |TAMS 0x0000000089b00000, 0x0000000089b00000| Untracked 
| 156|0x0000000089c00000, 0x0000000089d00000, 0x0000000089d00000|100%| O|  |TAMS 0x0000000089c00000, 0x0000000089c00000| Untracked 
| 157|0x0000000089d00000, 0x0000000089e00000, 0x0000000089e00000|100%| O|  |TAMS 0x0000000089d00000, 0x0000000089d00000| Untracked 
| 158|0x0000000089e00000, 0x0000000089f00000, 0x0000000089f00000|100%| O|  |TAMS 0x0000000089e00000, 0x0000000089e00000| Untracked 
| 159|0x0000000089f00000, 0x000000008a000000, 0x000000008a000000|100%| O|  |TAMS 0x0000000089f00000, 0x0000000089f00000| Untracked 
| 160|0x000000008a000000, 0x000000008a100000, 0x000000008a100000|100%| O|  |TAMS 0x000000008a000000, 0x000000008a000000| Untracked 
| 161|0x000000008a100000, 0x000000008a200000, 0x000000008a200000|100%| O|  |TAMS 0x000000008a100000, 0x000000008a100000| Untracked 
| 162|0x000000008a200000, 0x000000008a300000, 0x000000008a300000|100%| O|  |TAMS 0x000000008a200000, 0x000000008a200000| Untracked 
| 163|0x000000008a300000, 0x000000008a400000, 0x000000008a400000|100%| O|  |TAMS 0x000000008a300000, 0x000000008a300000| Untracked 
| 164|0x000000008a400000, 0x000000008a500000, 0x000000008a500000|100%| O|  |TAMS 0x000000008a400000, 0x000000008a400000| Untracked 
| 165|0x000000008a500000, 0x000000008a600000, 0x000000008a600000|100%| O|  |TAMS 0x000000008a500000, 0x000000008a500000| Untracked 
| 166|0x000000008a600000, 0x000000008a700000, 0x000000008a700000|100%| O|  |TAMS 0x000000008a600000, 0x000000008a600000| Untracked 
| 167|0x000000008a700000, 0x000000008a800000, 0x000000008a800000|100%| O|  |TAMS 0x000000008a700000, 0x000000008a700000| Untracked 
| 168|0x000000008a800000, 0x000000008a900000, 0x000000008a900000|100%| O|  |TAMS 0x000000008a800000, 0x000000008a800000| Untracked 
| 169|0x000000008a900000, 0x000000008aa00000, 0x000000008aa00000|100%| O|  |TAMS 0x000000008a900000, 0x000000008a900000| Untracked 
| 170|0x000000008aa00000, 0x000000008ab00000, 0x000000008ab00000|100%| O|  |TAMS 0x000000008aa00000, 0x000000008aa00000| Untracked 
| 171|0x000000008ab00000, 0x000000008ac00000, 0x000000008ac00000|100%| O|  |TAMS 0x000000008ab00000, 0x000000008ab00000| Untracked 
| 172|0x000000008ac00000, 0x000000008ad00000, 0x000000008ad00000|100%| O|  |TAMS 0x000000008ac00000, 0x000000008ac00000| Untracked 
| 173|0x000000008ad00000, 0x000000008ae00000, 0x000000008ae00000|100%| O|  |TAMS 0x000000008ad00000, 0x000000008ad00000| Untracked 
| 174|0x000000008ae00000, 0x000000008af00000, 0x000000008af00000|100%| O|  |TAMS 0x000000008ae00000, 0x000000008ae00000| Untracked 
| 175|0x000000008af00000, 0x000000008b000000, 0x000000008b000000|100%| O|  |TAMS 0x000000008af00000, 0x000000008af00000| Untracked 
| 176|0x000000008b000000, 0x000000008b100000, 0x000000008b100000|100%| O|  |TAMS 0x000000008b000000, 0x000000008b000000| Untracked 
| 177|0x000000008b100000, 0x000000008b200000, 0x000000008b200000|100%| O|  |TAMS 0x000000008b100000, 0x000000008b100000| Untracked 
| 178|0x000000008b200000, 0x000000008b300000, 0x000000008b300000|100%| O|  |TAMS 0x000000008b200000, 0x000000008b200000| Untracked 
| 179|0x000000008b300000, 0x000000008b3f8200, 0x000000008b400000| 96%| O|  |TAMS 0x000000008b300000, 0x000000008b300000| Untracked 
| 180|0x000000008b400000, 0x000000008b400000, 0x000000008b500000|  0%| F|  |TAMS 0x000000008b400000, 0x000000008b400000| Untracked 
| 181|0x000000008b500000, 0x000000008b500000, 0x000000008b600000|  0%| F|  |TAMS 0x000000008b500000, 0x000000008b500000| Untracked 
| 182|0x000000008b600000, 0x000000008b600000, 0x000000008b700000|  0%| F|  |TAMS 0x000000008b600000, 0x000000008b600000| Untracked 
| 183|0x000000008b700000, 0x000000008b700000, 0x000000008b800000|  0%| F|  |TAMS 0x000000008b700000, 0x000000008b700000| Untracked 
| 184|0x000000008b800000, 0x000000008b800000, 0x000000008b900000|  0%| F|  |TAMS 0x000000008b800000, 0x000000008b800000| Untracked 
| 185|0x000000008b900000, 0x000000008ba00000, 0x000000008ba00000|100%| O|  |TAMS 0x000000008b900000, 0x000000008b900000| Untracked 
| 186|0x000000008ba00000, 0x000000008bb00000, 0x000000008bb00000|100%| O|  |TAMS 0x000000008ba00000, 0x000000008ba00000| Untracked 
| 187|0x000000008bb00000, 0x000000008bc00000, 0x000000008bc00000|100%| O|  |TAMS 0x000000008bb00000, 0x000000008bb00000| Untracked 
| 188|0x000000008bc00000, 0x000000008bd00000, 0x000000008bd00000|100%| O|  |TAMS 0x000000008bc00000, 0x000000008bc00000| Untracked 
| 189|0x000000008bd00000, 0x000000008be00000, 0x000000008be00000|100%| O|  |TAMS 0x000000008bd00000, 0x000000008bd00000| Untracked 
| 190|0x000000008be00000, 0x000000008bf00000, 0x000000008bf00000|100%| O|  |TAMS 0x000000008be00000, 0x000000008be00000| Untracked 
| 191|0x000000008bf00000, 0x000000008c000000, 0x000000008c000000|100%| O|  |TAMS 0x000000008bf00000, 0x000000008bf00000| Untracked 
| 192|0x000000008c000000, 0x000000008c100000, 0x000000008c100000|100%| O|  |TAMS 0x000000008c000000, 0x000000008c000000| Untracked 
| 193|0x000000008c100000, 0x000000008c100000, 0x000000008c200000|  0%| F|  |TAMS 0x000000008c100000, 0x000000008c100000| Untracked 
| 194|0x000000008c200000, 0x000000008c200000, 0x000000008c300000|  0%| F|  |TAMS 0x000000008c200000, 0x000000008c200000| Untracked 
| 195|0x000000008c300000, 0x000000008c300000, 0x000000008c400000|  0%| F|  |TAMS 0x000000008c300000, 0x000000008c300000| Untracked 
| 196|0x000000008c400000, 0x000000008c400000, 0x000000008c500000|  0%| F|  |TAMS 0x000000008c400000, 0x000000008c400000| Untracked 
| 197|0x000000008c500000, 0x000000008c500000, 0x000000008c600000|  0%| F|  |TAMS 0x000000008c500000, 0x000000008c500000| Untracked 
| 198|0x000000008c600000, 0x000000008c600000, 0x000000008c700000|  0%| F|  |TAMS 0x000000008c600000, 0x000000008c600000| Untracked 
| 199|0x000000008c700000, 0x000000008c700000, 0x000000008c800000|  0%| F|  |TAMS 0x000000008c700000, 0x000000008c700000| Untracked 
| 200|0x000000008c800000, 0x000000008c800000, 0x000000008c900000|  0%| F|  |TAMS 0x000000008c800000, 0x000000008c800000| Untracked 
| 201|0x000000008c900000, 0x000000008c900000, 0x000000008ca00000|  0%| F|  |TAMS 0x000000008c900000, 0x000000008c900000| Untracked 
| 202|0x000000008ca00000, 0x000000008ca00000, 0x000000008cb00000|  0%| F|  |TAMS 0x000000008ca00000, 0x000000008ca00000| Untracked 
| 203|0x000000008cb00000, 0x000000008cb00000, 0x000000008cc00000|  0%| F|  |TAMS 0x000000008cb00000, 0x000000008cb00000| Untracked 
| 204|0x000000008cc00000, 0x000000008cc00000, 0x000000008cd00000|  0%| F|  |TAMS 0x000000008cc00000, 0x000000008cc00000| Untracked 
| 205|0x000000008cd00000, 0x000000008cd00000, 0x000000008ce00000|  0%| F|  |TAMS 0x000000008cd00000, 0x000000008cd00000| Untracked 
| 206|0x000000008ce00000, 0x000000008ce00000, 0x000000008cf00000|  0%| F|  |TAMS 0x000000008ce00000, 0x000000008ce00000| Untracked 
| 207|0x000000008cf00000, 0x000000008cf00000, 0x000000008d000000|  0%| F|  |TAMS 0x000000008cf00000, 0x000000008cf00000| Untracked 
| 208|0x000000008d000000, 0x000000008d000000, 0x000000008d100000|  0%| F|  |TAMS 0x000000008d000000, 0x000000008d000000| Untracked 
| 209|0x000000008d100000, 0x000000008d100000, 0x000000008d200000|  0%| F|  |TAMS 0x000000008d100000, 0x000000008d100000| Untracked 
| 210|0x000000008d200000, 0x000000008d200000, 0x000000008d300000|  0%| F|  |TAMS 0x000000008d200000, 0x000000008d200000| Untracked 
| 211|0x000000008d300000, 0x000000008d300000, 0x000000008d400000|  0%| F|  |TAMS 0x000000008d300000, 0x000000008d300000| Untracked 
| 212|0x000000008d400000, 0x000000008d400000, 0x000000008d500000|  0%| F|  |TAMS 0x000000008d400000, 0x000000008d400000| Untracked 
| 213|0x000000008d500000, 0x000000008d500000, 0x000000008d600000|  0%| F|  |TAMS 0x000000008d500000, 0x000000008d500000| Untracked 
| 214|0x000000008d600000, 0x000000008d600000, 0x000000008d700000|  0%| F|  |TAMS 0x000000008d600000, 0x000000008d600000| Untracked 
| 215|0x000000008d700000, 0x000000008d700000, 0x000000008d800000|  0%| F|  |TAMS 0x000000008d700000, 0x000000008d700000| Untracked 
| 216|0x000000008d800000, 0x000000008d800000, 0x000000008d900000|  0%| F|  |TAMS 0x000000008d800000, 0x000000008d800000| Untracked 
| 217|0x000000008d900000, 0x000000008d900000, 0x000000008da00000|  0%| F|  |TAMS 0x000000008d900000, 0x000000008d900000| Untracked 
| 218|0x000000008da00000, 0x000000008da00000, 0x000000008db00000|  0%| F|  |TAMS 0x000000008da00000, 0x000000008da00000| Untracked 
| 219|0x000000008db00000, 0x000000008dc00000, 0x000000008dc00000|100%| S|CS|TAMS 0x000000008db00000, 0x000000008db00000| Complete 
| 220|0x000000008dc00000, 0x000000008dd00000, 0x000000008dd00000|100%| S|CS|TAMS 0x000000008dc00000, 0x000000008dc00000| Complete 
| 221|0x000000008dd00000, 0x000000008dd00000, 0x000000008de00000|  0%| F|  |TAMS 0x000000008dd00000, 0x000000008dd00000| Untracked 
| 222|0x000000008de00000, 0x000000008de00000, 0x000000008df00000|  0%| F|  |TAMS 0x000000008de00000, 0x000000008de00000| Untracked 
| 223|0x000000008df00000, 0x000000008df00000, 0x000000008e000000|  0%| F|  |TAMS 0x000000008df00000, 0x000000008df00000| Untracked 
| 224|0x000000008e000000, 0x000000008e000000, 0x000000008e100000|  0%| F|  |TAMS 0x000000008e000000, 0x000000008e000000| Untracked 
| 225|0x000000008e100000, 0x000000008e100000, 0x000000008e200000|  0%| F|  |TAMS 0x000000008e100000, 0x000000008e100000| Untracked 
| 226|0x000000008e200000, 0x000000008e200000, 0x000000008e300000|  0%| F|  |TAMS 0x000000008e200000, 0x000000008e200000| Untracked 
| 227|0x000000008e300000, 0x000000008e300000, 0x000000008e400000|  0%| F|  |TAMS 0x000000008e300000, 0x000000008e300000| Untracked 
| 228|0x000000008e400000, 0x000000008e400000, 0x000000008e500000|  0%| F|  |TAMS 0x000000008e400000, 0x000000008e400000| Untracked 
| 229|0x000000008e500000, 0x000000008e500000, 0x000000008e600000|  0%| F|  |TAMS 0x000000008e500000, 0x000000008e500000| Untracked 
| 230|0x000000008e600000, 0x000000008e600000, 0x000000008e700000|  0%| F|  |TAMS 0x000000008e600000, 0x000000008e600000| Untracked 
| 231|0x000000008e700000, 0x000000008e700000, 0x000000008e800000|  0%| F|  |TAMS 0x000000008e700000, 0x000000008e700000| Untracked 

Card table byte_map: [0x0000016833860000,0x0000016833c60000] _byte_map_base: 0x0000016833460000

Marking Bits (Prev, Next): (CMBitMap*) 0x000001682098ee70, (CMBitMap*) 0x000001682098ee38
 Prev Bits: [0x0000016836060000, 0x0000016838060000)
 Next Bits: [0x0000016834060000, 0x0000016836060000)

Polling page: 0x000001681e8d0000

Metaspace:

Usage:
  Non-class:     95.96 MB capacity,    94.46 MB ( 98%) used,     1.20 MB (  1%) free+waste,   311.13 KB ( <1%) overhead. 
      Class:     14.46 MB capacity,    13.55 MB ( 94%) used,   787.43 KB (  5%) free+waste,   136.88 KB ( <1%) overhead. 
       Both:    110.41 MB capacity,   108.01 MB ( 98%) used,     1.97 MB (  2%) free+waste,   448.00 KB ( <1%) overhead. 

Virtual space:
  Non-class space:       98.00 MB reserved,      96.20 MB ( 98%) committed 
      Class space:        1.00 GB reserved,      14.50 MB (  1%) committed 
             Both:        1.10 GB reserved,     110.70 MB ( 10%) committed 

Chunk freelists:
   Non-Class:  61.00 KB
       Class:  13.00 KB
        Both:  74.00 KB

MaxMetaspaceSize: 17179869184.00 GB
CompressedClassSpaceSize: 1.00 GB
Initial GC threshold: 20.80 MB
Current GC threshold: 179.92 MB
CDS: off

CodeHeap 'non-profiled nmethods': size=120064Kb used=8734Kb max_used=8734Kb free=111329Kb
 bounds [0x000001682bf20000, 0x000001682c7b0000, 0x0000016833460000]
CodeHeap 'profiled nmethods': size=120000Kb used=34408Kb max_used=34408Kb free=85591Kb
 bounds [0x00000168249f0000, 0x0000016826b90000, 0x000001682bf20000]
CodeHeap 'non-nmethods': size=5696Kb used=2424Kb max_used=2468Kb free=3271Kb
 bounds [0x0000016824460000, 0x00000168246e0000, 0x00000168249f0000]
 total_blobs=16595 nmethods=15641 adapters=866
 compilation: enabled
              stopped_count=0, restarted_count=0
 full_count=0

Compilation events (20 events):
Event: 221.839 Thread 0x000001683aee2800 15993       2       com.android.tools.r8.code.N0::<init> (34 bytes)
Event: 221.839 Thread 0x000001683aee2800 nmethod 15993 0x0000016826b7f310 code [0x0000016826b7f4e0, 0x0000016826b7f6a8]
Event: 221.842 Thread 0x000001683aee2800 15994       2       com.android.tools.r8.internal.sK::<init> (41 bytes)
Event: 221.842 Thread 0x000001683aee2800 nmethod 15994 0x0000016826b7f810 code [0x0000016826b7f9c0, 0x0000016826b7fb38]
Event: 221.847 Thread 0x000001683aee2800 15995       2       com.android.tools.r8.code.F3::<init> (85 bytes)
Event: 221.848 Thread 0x000001683aee2800 nmethod 15995 0x0000016826b7fc10 code [0x0000016826b7fe40, 0x0000016826b80568]
Event: 221.861 Thread 0x000001683aee2800 15996 %     3       com.android.tools.r8.dex.i::a @ 28 (274 bytes)
Event: 221.865 Thread 0x000001683aee2800 nmethod 15996% 0x0000016826b80a90 code [0x0000016826b80e80, 0x0000016826b82c88]
Event: 221.957 Thread 0x000001683aee2800 15997       2       com.android.tools.r8.code.S3::<init> (7 bytes)
Event: 221.957 Thread 0x000001683aee2800 nmethod 15997 0x0000016826b83b10 code [0x0000016826b83ce0, 0x0000016826b83f18]
Event: 221.960 Thread 0x000001683aee2800 15998       2       com.android.tools.r8.code.m0::<init> (7 bytes)
Event: 221.961 Thread 0x000001683aee2800 nmethod 15998 0x0000016826b84110 code [0x0000016826b842e0, 0x0000016826b84518]
Event: 221.962 Thread 0x000001683aee2800 15999 %     3       com.android.tools.r8.dex.i::f @ 34 (109 bytes)
Event: 221.964 Thread 0x000001683aee2800 nmethod 15999% 0x0000016826b84710 code [0x0000016826b849a0, 0x0000016826b85598]
Event: 221.970 Thread 0x000001683aee2800 16001       3       com.android.tools.r8.dex.i::f (109 bytes)
Event: 221.972 Thread 0x000001683aee2800 nmethod 16001 0x0000016826b85b90 code [0x0000016826b85e00, 0x0000016826b86918]
Event: 221.972 Thread 0x000001683aee2800 16002       2       com.android.tools.r8.code.t0::<init> (7 bytes)
Event: 221.973 Thread 0x000001683aee2800 nmethod 16002 0x0000016826b86e90 code [0x0000016826b87040, 0x0000016826b87198]
Event: 221.975 Thread 0x000001683aee2800 16003       3       com.android.tools.r8.dex.i::a (274 bytes)
Event: 221.979 Thread 0x000001683aee2800 nmethod 16003 0x0000016826b87290 code [0x0000016826b87680, 0x0000016826b89308]

GC Heap History (20 events):
Event: 217.369 GC heap after
{Heap after GC invocations=36 (full 0):
 garbage-first heap   total 189440K, used 96539K [0x0000000080000000, 0x0000000100000000)
  region size 1024K, 2 young (2048K), 2 survivors (2048K)
 Metaspace       used 103915K, capacity 106252K, committed 106448K, reserved 1142784K
  class space    used 12835K, capacity 13725K, committed 13824K, reserved 1048576K
}
Event: 218.190 GC heap before
{Heap before GC invocations=37 (full 0):
 garbage-first heap   total 189440K, used 154907K [0x0000000080000000, 0x0000000100000000)
  region size 1024K, 49 young (50176K), 2 survivors (2048K)
 Metaspace       used 105754K, capacity 108112K, committed 108240K, reserved 1142784K
  class space    used 13089K, capacity 13992K, committed 14080K, reserved 1048576K
}
Event: 218.203 GC heap after
{Heap after GC invocations=38 (full 0):
 garbage-first heap   total 189440K, used 114688K [0x0000000080000000, 0x0000000100000000)
  region size 1024K, 7 young (7168K), 7 survivors (7168K)
 Metaspace       used 105754K, capacity 108112K, committed 108240K, reserved 1142784K
  class space    used 13089K, capacity 13992K, committed 14080K, reserved 1048576K
}
Event: 218.222 GC heap before
{Heap before GC invocations=38 (full 0):
 garbage-first heap   total 189440K, used 116736K [0x0000000080000000, 0x0000000100000000)
  region size 1024K, 9 young (9216K), 7 survivors (7168K)
 Metaspace       used 105792K, capacity 108130K, committed 108240K, reserved 1142784K
  class space    used 13095K, capacity 13995K, committed 14080K, reserved 1048576K
}
Event: 218.232 GC heap after
{Heap after GC invocations=39 (full 0):
 garbage-first heap   total 189440K, used 114368K [0x0000000080000000, 0x0000000100000000)
  region size 1024K, 1 young (1024K), 1 survivors (1024K)
 Metaspace       used 105792K, capacity 108130K, committed 108240K, reserved 1142784K
  class space    used 13095K, capacity 13995K, committed 14080K, reserved 1048576K
}
Event: 218.569 GC heap before
{Heap before GC invocations=39 (full 0):
 garbage-first heap   total 189440K, used 151232K [0x0000000080000000, 0x0000000100000000)
  region size 1024K, 37 young (37888K), 1 survivors (1024K)
 Metaspace       used 107293K, capacity 109639K, committed 109904K, reserved 1144832K
  class space    used 13283K, capacity 14178K, committed 14208K, reserved 1048576K
}
Event: 218.576 GC heap after
{Heap after GC invocations=40 (full 0):
 garbage-first heap   total 189440K, used 114468K [0x0000000080000000, 0x0000000100000000)
  region size 1024K, 1 young (1024K), 1 survivors (1024K)
 Metaspace       used 107293K, capacity 109639K, committed 109904K, reserved 1144832K
  class space    used 13283K, capacity 14178K, committed 14208K, reserved 1048576K
}
Event: 219.347 GC heap before
{Heap before GC invocations=41 (full 0):
 garbage-first heap   total 189440K, used 181028K [0x0000000080000000, 0x0000000100000000)
  region size 1024K, 39 young (39936K), 1 survivors (1024K)
 Metaspace       used 107985K, capacity 110421K, committed 110544K, reserved 1144832K
  class space    used 13388K, capacity 14294K, committed 14336K, reserved 1048576K
}
Event: 219.377 GC heap after
{Heap after GC invocations=42 (full 0):
 garbage-first heap   total 197632K, used 139455K [0x0000000080000000, 0x0000000100000000)
  region size 1024K, 5 young (5120K), 5 survivors (5120K)
 Metaspace       used 107985K, capacity 110421K, committed 110544K, reserved 1144832K
  class space    used 13388K, capacity 14294K, committed 14336K, reserved 1048576K
}
Event: 219.421 GC heap before
{Heap before GC invocations=42 (full 0):
 garbage-first heap   total 197632K, used 143551K [0x0000000080000000, 0x0000000100000000)
  region size 1024K, 9 young (9216K), 5 survivors (5120K)
 Metaspace       used 107985K, capacity 110421K, committed 110544K, reserved 1144832K
  class space    used 13388K, capacity 14294K, committed 14336K, reserved 1048576K
}
Event: 219.446 GC heap after
{Heap after GC invocations=43 (full 0):
 garbage-first heap   total 197632K, used 140831K [0x0000000080000000, 0x0000000100000000)
  region size 1024K, 2 young (2048K), 2 survivors (2048K)
 Metaspace       used 107985K, capacity 110421K, committed 110544K, reserved 1144832K
  class space    used 13388K, capacity 14294K, committed 14336K, reserved 1048576K
}
Event: 219.704 GC heap before
{Heap before GC invocations=43 (full 0):
 garbage-first heap   total 197632K, used 165407K [0x0000000080000000, 0x0000000100000000)
  region size 1024K, 23 young (23552K), 2 survivors (2048K)
 Metaspace       used 108098K, capacity 110492K, committed 110544K, reserved 1144832K
  class space    used 13409K, capacity 14310K, committed 14336K, reserved 1048576K
}
Event: 219.731 GC heap after
{Heap after GC invocations=44 (full 0):
 garbage-first heap   total 237568K, used 150162K [0x0000000080000000, 0x0000000100000000)
  region size 1024K, 3 young (3072K), 3 survivors (3072K)
 Metaspace       used 108098K, capacity 110492K, committed 110544K, reserved 1144832K
  class space    used 13409K, capacity 14310K, committed 14336K, reserved 1048576K
}
Event: 220.682 GC heap before
{Heap before GC invocations=44 (full 0):
 garbage-first heap   total 237568K, used 187026K [0x0000000080000000, 0x0000000100000000)
  region size 1024K, 39 young (39936K), 3 survivors (3072K)
 Metaspace       used 110540K, capacity 112991K, committed 113104K, reserved 1146880K
  class space    used 13877K, capacity 14802K, committed 14848K, reserved 1048576K
}
Event: 220.813 GC heap after
{Heap after GC invocations=45 (full 0):
 garbage-first heap   total 237568K, used 165642K [0x0000000080000000, 0x0000000100000000)
  region size 1024K, 5 young (5120K), 5 survivors (5120K)
 Metaspace       used 110540K, capacity 112991K, committed 113104K, reserved 1146880K
  class space    used 13877K, capacity 14802K, committed 14848K, reserved 1048576K
}
Event: 221.469 GC heap before
{Heap before GC invocations=45 (full 0):
 garbage-first heap   total 237568K, used 190218K [0x0000000080000000, 0x0000000100000000)
  region size 1024K, 29 young (29696K), 5 survivors (5120K)
 Metaspace       used 110577K, capacity 113061K, committed 113360K, reserved 1148928K
  class space    used 13878K, capacity 14803K, committed 14848K, reserved 1048576K
}
Event: 221.523 GC heap after
{Heap after GC invocations=46 (full 0):
 garbage-first heap   total 237568K, used 178688K [0x0000000080000000, 0x0000000100000000)
  region size 1024K, 4 young (4096K), 4 survivors (4096K)
 Metaspace       used 110577K, capacity 113061K, committed 113360K, reserved 1148928K
  class space    used 13878K, capacity 14803K, committed 14848K, reserved 1048576K
}
Event: 221.920 GC heap before
{Heap before GC invocations=46 (full 0):
 garbage-first heap   total 237568K, used 194048K [0x0000000080000000, 0x0000000100000000)
  region size 1024K, 20 young (20480K), 4 survivors (4096K)
 Metaspace       used 110600K, capacity 113062K, committed 113360K, reserved 1148928K
  class space    used 13878K, capacity 14803K, committed 14848K, reserved 1048576K
}
Event: 221.944 GC heap after
{Heap after GC invocations=47 (full 0):
 garbage-first heap   total 237568K, used 187904K [0x0000000080000000, 0x0000000100000000)
  region size 1024K, 3 young (3072K), 3 survivors (3072K)
 Metaspace       used 110600K, capacity 113062K, committed 113360K, reserved 1148928K
  class space    used 13878K, capacity 14803K, committed 14848K, reserved 1048576K
}
Event: 222.025 GC heap before
{Heap before GC invocations=47 (full 0):
 garbage-first heap   total 237568K, used 199168K [0x0000000080000000, 0x0000000100000000)
  region size 1024K, 14 young (14336K), 3 survivors (3072K)
 Metaspace       used 110600K, capacity 113062K, committed 113360K, reserved 1148928K
  class space    used 13878K, capacity 14803K, committed 14848K, reserved 1048576K
}

Deoptimization events (20 events):
Event: 220.106 Thread 0x000001684516c000 DEOPT PACKING pc=0x000001682c6dd55c sp=0x000000365f0fd3e0
Event: 220.106 Thread 0x000001684516c000 DEOPT UNPACKING pc=0x00000168244aa1af sp=0x000000365f0fd378 mode 2
Event: 220.311 Thread 0x0000016845170000 DEOPT PACKING pc=0x000001682696ef94 sp=0x000000365f5fe440
Event: 220.311 Thread 0x0000016845170000 DEOPT UNPACKING pc=0x00000168244aa95e sp=0x000000365f5fd8f0 mode 0
Event: 220.313 Thread 0x000001684516b000 DEOPT PACKING pc=0x0000016826a0f5dd sp=0x000000365effe730
Event: 220.313 Thread 0x000001684516b000 DEOPT UNPACKING pc=0x00000168244aa95e sp=0x000000365effdd70 mode 0
Event: 220.438 Thread 0x000001684516f000 DEOPT PACKING pc=0x0000016826a1595b sp=0x000000365eafe620
Event: 220.438 Thread 0x000001684516f000 DEOPT UNPACKING pc=0x00000168244aa95e sp=0x000000365eafdca0 mode 0
Event: 220.517 Thread 0x0000016845170000 DEOPT PACKING pc=0x0000016826a72a4e sp=0x000000365f5fe290
Event: 220.517 Thread 0x0000016845170000 DEOPT UNPACKING pc=0x00000168244aa95e sp=0x000000365f5fd810 mode 0
Event: 220.527 Thread 0x000001684516d800 DEOPT PACKING pc=0x00000168269e09db sp=0x000000365f4fe9a0
Event: 220.527 Thread 0x000001684516d800 DEOPT UNPACKING pc=0x00000168244aa95e sp=0x000000365f4fdef8 mode 0
Event: 220.839 Thread 0x0000016845170000 DEOPT PACKING pc=0x0000016826ad2e7c sp=0x000000365f5fe840
Event: 220.839 Thread 0x0000016845170000 DEOPT UNPACKING pc=0x00000168244aa95e sp=0x000000365f5fde00 mode 0
Event: 220.864 Thread 0x000001684516d800 DEOPT PACKING pc=0x0000016826a6611a sp=0x000000365f4fe2e0
Event: 220.864 Thread 0x000001684516d800 DEOPT UNPACKING pc=0x00000168244aa95e sp=0x000000365f4fd7a8 mode 0
Event: 221.595 Thread 0x000001684516f000 Uncommon trap: trap_request=0xffffff4d fr.pc=0x000001682c7a1690 relative=0x0000000000008730
Event: 221.595 Thread 0x000001684516f000 Uncommon trap: reason=unstable_if action=reinterpret pc=0x000001682c7a1690 method=com.android.tools.r8.code.y1.a(Ljava/nio/ShortBuffer;IILcom/android/tools/r8/internal/pL;)[Lcom/android/tools/r8/code/w1; @ 301 c2
Event: 221.595 Thread 0x000001684516f000 DEOPT PACKING pc=0x000001682c7a1690 sp=0x000000365eafe990
Event: 221.595 Thread 0x000001684516f000 DEOPT UNPACKING pc=0x00000168244aa1af sp=0x000000365eafe968 mode 2

Classes redefined (0 events):
No events

Internal exceptions (20 events):
Event: 218.150 Thread 0x0000016840921000 Exception <a 'sun/nio/fs/WindowsException'{0x0000000088b33588}> (0x0000000088b33588) thrown at [./src/hotspot/share/prims/jni.cpp, line 616]
Event: 218.184 Thread 0x0000016840921000 Exception <a 'java/lang/NoSuchMethodError'{0x0000000088af63a8}: <clinit>> (0x0000000088af63a8) thrown at [./src/hotspot/share/prims/jni.cpp, line 1366]
Event: 218.188 Thread 0x0000016840921000 Exception <a 'java/lang/NoSuchMethodError'{0x0000000088881e60}: <clinit>> (0x0000000088881e60) thrown at [./src/hotspot/share/prims/jni.cpp, line 1366]
Event: 218.205 Thread 0x0000016840921000 Exception <a 'java/lang/NoSuchMethodError'{0x000000008b819048}: <clinit>> (0x000000008b819048) thrown at [./src/hotspot/share/prims/jni.cpp, line 1366]
Event: 218.362 Thread 0x000001684092d000 Exception <a 'sun/nio/fs/WindowsException'{0x000000008a9b18e8}> (0x000000008a9b18e8) thrown at [./src/hotspot/share/prims/jni.cpp, line 616]
Event: 218.362 Thread 0x000001684092d000 Exception <a 'sun/nio/fs/WindowsException'{0x000000008a9b2798}> (0x000000008a9b2798) thrown at [./src/hotspot/share/prims/jni.cpp, line 616]
Event: 218.363 Thread 0x000001684092d000 Exception <a 'sun/nio/fs/WindowsException'{0x000000008a9b2ab0}> (0x000000008a9b2ab0) thrown at [./src/hotspot/share/prims/jni.cpp, line 616]
Event: 218.541 Thread 0x000001684092d000 Exception <a 'sun/nio/fs/WindowsException'{0x00000000895a3378}> (0x00000000895a3378) thrown at [./src/hotspot/share/prims/jni.cpp, line 616]
Event: 218.541 Thread 0x000001684092d000 Exception <a 'sun/nio/fs/WindowsException'{0x00000000895a4248}> (0x00000000895a4248) thrown at [./src/hotspot/share/prims/jni.cpp, line 616]
Event: 218.634 Thread 0x0000016840929000 Exception <a 'java/lang/NoSuchMethodError'{0x000000008b7473c0}: 'java.lang.Object java.lang.invoke.DirectMethodHandle$Holder.invokeStaticInit(java.lang.Object, java.lang.Object, java.lang.Object, java.lang.Object, java.lang.Object, java.lang.Object, java.lang.Object, java.lang.Object, java.lang.Object, java.lang.Object, java.lang.Object, java.lang.Object, java.lang.Object, java.lang.Object, java.lang.Object, java.lang.Object, java.lang.Object, java.lang.Object, int, java.lang.Object, java.lang.Object)'> (0
Event: 219.134 Thread 0x000001684516c000 Exception <a 'java/lang/NoSuchMethodError'{0x0000000089c186d8}: 'void java.lang.invoke.DirectMethodHandle$Holder.invokeStatic(java.lang.Object, long)'> (0x0000000089c186d8) thrown at [./src/hotspot/share/interpreter/linkResolver.cpp, line 773]
Event: 219.135 Thread 0x000001684516c000 Exception <a 'java/lang/NoSuchMethodError'{0x0000000089c1db98}: 'java.lang.Object java.lang.invoke.DirectMethodHandle$Holder.invokeStatic(java.lang.Object, long)'> (0x0000000089c1db98) thrown at [./src/hotspot/share/interpreter/linkResolver.cpp, line 773]
Event: 219.136 Thread 0x000001684516c000 Exception <a 'java/lang/NoSuchMethodError'{0x0000000089c24158}: 'java.lang.Object java.lang.invoke.Invokers$Holder.linkToTargetMethod(long, java.lang.Object)'> (0x0000000089c24158) thrown at [./src/hotspot/share/interpreter/linkResolver.cpp, line 773]
Event: 219.139 Thread 0x000001684516c000 Exception <a 'java/lang/NoSuchMethodError'{0x0000000089c2c8b8}: 'java.lang.Object java.lang.invoke.DirectMethodHandle$Holder.invokeStaticInit(java.lang.Object, java.lang.Object, long, java.lang.Object)'> (0x0000000089c2c8b8) thrown at [./src/hotspot/share/interpreter/linkResolver.cpp, line 773]
Event: 219.139 Thread 0x000001684516c000 Exception <a 'java/lang/NoSuchMethodError'{0x0000000089c32e90}: 'java.lang.Object java.lang.invoke.DirectMethodHandle$Holder.invokeStatic(java.lang.Object, java.lang.Object, long)'> (0x0000000089c32e90) thrown at [./src/hotspot/share/interpreter/linkResolver.cpp, line 773]
Event: 219.140 Thread 0x000001684516c000 Exception <a 'java/lang/NoSuchMethodError'{0x0000000089c39408}: 'java.lang.Object java.lang.invoke.Invokers$Holder.linkToTargetMethod(java.lang.Object, long, java.lang.Object)'> (0x0000000089c39408) thrown at [./src/hotspot/share/interpreter/linkResolver.cpp, line 773]
Event: 219.773 Thread 0x000001684516b000 Exception <a 'java/lang/IncompatibleClassChangeError'{0x000000008e6296e0}: Found class java.lang.Object, but interface was expected> (0x000000008e6296e0) thrown at [./src/hotspot/share/interpreter/linkResolver.cpp, line 839]
Event: 219.844 Thread 0x000001684516b000 Exception <a 'java/lang/IncompatibleClassChangeError'{0x000000008e458618}: Found class java.lang.Object, but interface was expected> (0x000000008e458618) thrown at [./src/hotspot/share/interpreter/linkResolver.cpp, line 839]
Event: 219.845 Thread 0x000001684516b000 Exception <a 'java/lang/IncompatibleClassChangeError'{0x000000008e45e290}: Found class java.lang.Object, but interface was expected> (0x000000008e45e290) thrown at [./src/hotspot/share/interpreter/linkResolver.cpp, line 839]
Event: 220.101 Thread 0x000001684516c000 Exception <a 'java/lang/NoSuchMethodError'{0x000000008de472b0}: 'int java.lang.invoke.DirectMethodHandle$Holder.invokeSpecialIFC(java.lang.Object, java.lang.Object, java.lang.Object)'> (0x000000008de472b0) thrown at [./src/hotspot/share/interpreter/linkResolver.cpp, line 773]

Events (20 events):
Event: 220.385 Thread 0x000001683a576000 flushing nmethod 0x00000168249f0410
Event: 220.385 Thread 0x000001683a576000 flushing nmethod 0x00000168249f1190
Event: 220.385 Thread 0x000001683a576000 flushing nmethod 0x00000168249f1510
Event: 220.385 Thread 0x000001683a576000 flushing nmethod 0x0000016824a02710
Event: 220.399 Thread 0x000001683a576000 flushing nmethod 0x00000168255e0790
Event: 220.668 Executing VM operation: G1CollectForAllocation
Event: 220.813 Executing VM operation: G1CollectForAllocation done
Event: 220.842 loading class com/android/tools/r8/internal/Ze
Event: 220.842 loading class com/android/tools/r8/internal/Ze done
Event: 220.862 loading class com/android/tools/r8/graph/a0$a
Event: 220.862 loading class com/android/tools/r8/graph/a0$a done
Event: 220.862 loading class com/android/tools/r8/graph/a0$a
Event: 220.862 loading class com/android/tools/r8/graph/a0$a done
Event: 220.862 loading class com/android/tools/r8/dex/i
Event: 220.862 loading class com/android/tools/r8/dex/i done
Event: 221.293 Executing VM operation: G1CollectForAllocation
Event: 221.524 Executing VM operation: G1CollectForAllocation done
Event: 221.865 Executing VM operation: G1CollectForAllocation
Event: 221.944 Executing VM operation: G1CollectForAllocation done
Event: 222.025 Executing VM operation: G1CollectForAllocation


Dynamic libraries:
0x00007ff67f6a0000 - 0x00007ff67f6aa000 	C:\Program Files\Android\Android Studio\jre\bin\java.exe
0x00007ffed7200000 - 0x00007ffed73f0000 	C:\Windows\SYSTEM32\ntdll.dll
0x00007ffed6200000 - 0x00007ffed62b2000 	C:\Windows\System32\KERNEL32.DLL
0x00007ffed4f70000 - 0x00007ffed5215000 	C:\Windows\System32\KERNELBASE.dll
0x00007ffed49b0000 - 0x00007ffed4aaa000 	C:\Windows\System32\ucrtbase.dll
0x00007ffecc830000 - 0x00007ffecc847000 	C:\Program Files\Android\Android Studio\jre\bin\VCRUNTIME140.dll
0x00007ffeae980000 - 0x00007ffeae999000 	C:\Program Files\Android\Android Studio\jre\bin\jli.dll
0x00007ffed5f80000 - 0x00007ffed6114000 	C:\Windows\System32\USER32.dll
0x00007ffed4cd0000 - 0x00007ffed4cf1000 	C:\Windows\System32\win32u.dll
0x00007ffed6bf0000 - 0x00007ffed6c16000 	C:\Windows\System32\GDI32.dll
0x00007ffed4b10000 - 0x00007ffed4ca6000 	C:\Windows\System32\gdi32full.dll
0x00007ffed4d80000 - 0x00007ffed4e1e000 	C:\Windows\System32\msvcp_win.dll
0x00007ffec4a60000 - 0x00007ffec4ce4000 	C:\Windows\WinSxS\amd64_microsoft.windows.common-controls_6595b64144ccf1df_6.0.18362.1256_none_9e7e379be45e40e2\COMCTL32.dll
0x00007ffed6c20000 - 0x00007ffed6cbe000 	C:\Windows\System32\msvcrt.dll
0x00007ffed62c0000 - 0x00007ffed65f6000 	C:\Windows\System32\combase.dll
0x00007ffed5ae0000 - 0x00007ffed5c00000 	C:\Windows\System32\RPCRT4.dll
0x00007ffed5220000 - 0x00007ffed52a1000 	C:\Windows\System32\bcryptPrimitives.dll
0x00007ffed5ab0000 - 0x00007ffed5ade000 	C:\Windows\System32\IMM32.DLL
0x00007ffea9f20000 - 0x00007ffea9fbd000 	C:\Program Files\Android\Android Studio\jre\bin\msvcp140.dll
0x00007ffe6b3c0000 - 0x00007ffe6bec2000 	C:\Program Files\Android\Android Studio\jre\bin\server\jvm.dll
0x00007ffed6cf0000 - 0x00007ffed6d93000 	C:\Windows\System32\ADVAPI32.dll
0x00007ffed5320000 - 0x00007ffed53b7000 	C:\Windows\System32\sechost.dll
0x00007ffed6f10000 - 0x00007ffed6f18000 	C:\Windows\System32\PSAPI.DLL
0x00007ffe7cdf0000 - 0x00007ffe7cdf9000 	C:\Windows\SYSTEM32\WSOCK32.dll
0x00007ffed6120000 - 0x00007ffed618f000 	C:\Windows\System32\WS2_32.dll
0x00007ffed1ab0000 - 0x00007ffed1ad4000 	C:\Windows\SYSTEM32\WINMM.dll
0x00007ffec8a90000 - 0x00007ffec8a9a000 	C:\Windows\SYSTEM32\VERSION.dll
0x00007ffed1a80000 - 0x00007ffed1aad000 	C:\Windows\SYSTEM32\WINMMBASE.dll
0x00007ffed4d30000 - 0x00007ffed4d7a000 	C:\Windows\System32\cfgmgr32.dll
0x00007ffed4100000 - 0x00007ffed4111000 	C:\Windows\System32\kernel.appcore.dll
0x00007ffecff40000 - 0x00007ffecff51000 	C:\Program Files\Android\Android Studio\jre\bin\verify.dll
0x00007ffed2100000 - 0x00007ffed22f4000 	C:\Windows\SYSTEM32\DBGHELP.DLL
0x00007ffebca80000 - 0x00007ffebcaaa000 	C:\Windows\SYSTEM32\dbgcore.DLL
0x00007ffecdf60000 - 0x00007ffecdf89000 	C:\Program Files\Android\Android Studio\jre\bin\java.dll
0x00007ffecffa0000 - 0x00007ffecffab000 	C:\Program Files\Android\Android Studio\jre\bin\jimage.dll
0x00007ffeccc20000 - 0x00007ffeccc38000 	C:\Program Files\Android\Android Studio\jre\bin\zip.dll
0x00007ffed53c0000 - 0x00007ffed5aa7000 	C:\Windows\System32\SHELL32.dll
0x00007ffed6e00000 - 0x00007ffed6ea9000 	C:\Windows\System32\shcore.dll
0x00007ffed4220000 - 0x00007ffed49a1000 	C:\Windows\System32\windows.storage.dll
0x00007ffed4140000 - 0x00007ffed4163000 	C:\Windows\System32\profapi.dll
0x00007ffed40b0000 - 0x00007ffed40fa000 	C:\Windows\System32\powrprof.dll
0x00007ffed40a0000 - 0x00007ffed40b0000 	C:\Windows\System32\UMPDC.dll
0x00007ffed6eb0000 - 0x00007ffed6f02000 	C:\Windows\System32\shlwapi.dll
0x00007ffed4cb0000 - 0x00007ffed4cc7000 	C:\Windows\System32\cryptsp.dll
0x00007ffeccc00000 - 0x00007ffeccc1a000 	C:\Program Files\Android\Android Studio\jre\bin\net.dll
0x00007ffec8c40000 - 0x00007ffec8d30000 	C:\Windows\SYSTEM32\WINHTTP.dll
0x00007ffed38f0000 - 0x00007ffed3957000 	C:\Windows\system32\mswsock.dll
0x00007ffecc7d0000 - 0x00007ffecc7e4000 	C:\Program Files\Android\Android Studio\jre\bin\nio.dll
0x00007ffec2720000 - 0x00007ffec2747000 	C:\Users\cyoun\.gradle\native\e1d6ef7f7dcc3fd88c89a11ec53ec762bb8ba0a96d01ffa2cd45eb1d1d8dd5c5\windows-amd64\native-platform.dll
0x00007ffea5380000 - 0x00007ffea54c4000 	C:\Users\cyoun\.gradle\native\0d407fdbe67a94daf76414ababcb853783967236a71b16ec16e742cd7a986fd3\windows-amd64\native-platform-file-events.dll
0x00007ffece7a0000 - 0x00007ffece7aa000 	C:\Program Files\Android\Android Studio\jre\bin\management.dll
0x00007ffecdf50000 - 0x00007ffecdf5d000 	C:\Program Files\Android\Android Studio\jre\bin\management_ext.dll
0x00007ffed3460000 - 0x00007ffed3493000 	C:\Windows\system32\rsaenh.dll
0x00007ffed4d00000 - 0x00007ffed4d26000 	C:\Windows\System32\bcrypt.dll
0x00007ffed3fc0000 - 0x00007ffed3fe5000 	C:\Windows\SYSTEM32\USERENV.dll
0x00007ffed3ac0000 - 0x00007ffed3acc000 	C:\Windows\SYSTEM32\CRYPTBASE.dll
0x00007ffed3600000 - 0x00007ffed363a000 	C:\Windows\SYSTEM32\IPHLPAPI.DLL
0x00007ffed6ce0000 - 0x00007ffed6ce8000 	C:\Windows\System32\NSI.dll
0x00007ffec90d0000 - 0x00007ffec90e6000 	C:\Windows\SYSTEM32\dhcpcsvc6.DLL
0x00007ffecab50000 - 0x00007ffecab6c000 	C:\Windows\SYSTEM32\dhcpcsvc.DLL
0x00007ffed3640000 - 0x00007ffed370b000 	C:\Windows\SYSTEM32\DNSAPI.dll
0x00007ffed30e0000 - 0x00007ffed3111000 	C:\Windows\SYSTEM32\ntmarta.dll

dbghelp: loaded successfully - version: 4.0.5 - missing functions: none
symbol engine: initialized successfully - sym options: 0x614 - pdb path: .;C:\Program Files\Android\Android Studio\jre\bin;C:\Windows\SYSTEM32;C:\Windows\WinSxS\amd64_microsoft.windows.common-controls_6595b64144ccf1df_6.0.18362.1256_none_9e7e379be45e40e2;C:\Program Files\Android\Android Studio\jre\bin\server;C:\Users\cyoun\.gradle\native\e1d6ef7f7dcc3fd88c89a11ec53ec762bb8ba0a96d01ffa2cd45eb1d1d8dd5c5\windows-amd64;C:\Users\cyoun\.gradle\native\0d407fdbe67a94daf76414ababcb853783967236a71b16ec16e742cd7a986fd3\windows-amd64

VM Arguments:
jvm_args: --add-opens=java.base/java.util=ALL-UNNAMED --add-opens=java.base/java.lang=ALL-UNNAMED --add-opens=java.base/java.lang.invoke=ALL-UNNAMED --add-opens=java.base/java.util=ALL-UNNAMED --add-opens=java.prefs/java.util.prefs=ALL-UNNAMED --add-opens=java.prefs/java.util.prefs=ALL-UNNAMED --add-opens=java.base/java.nio.charset=ALL-UNNAMED --add-opens=java.base/java.net=ALL-UNNAMED --add-opens=java.base/java.util.concurrent.atomic=ALL-UNNAMED -Xmx2048m -Dfile.encoding=UTF-8 -Duser.country=US -Duser.language=en -Duser.variant 
java_command: org.gradle.launcher.daemon.bootstrap.GradleDaemon 7.4
java_class_path (initial): C:\Users\cyoun\.gradle\wrapper\dists\gradle-7.4-bin\c0gwcg53nkjbqw7r0h0umtfvt\gradle-7.4\lib\gradle-launcher-7.4.jar
Launcher Type: SUN_STANDARD

[Global flags]
     intx CICompilerCount                          = 3                                         {product} {ergonomic}
     uint ConcGCThreads                            = 1                                         {product} {ergonomic}
     uint G1ConcRefinementThreads                  = 4                                         {product} {ergonomic}
   size_t G1HeapRegionSize                         = 1048576                                   {product} {ergonomic}
    uintx GCDrainStackTargetSize                   = 64                                        {product} {ergonomic}
   size_t InitialHeapSize                          = 134217728                                 {product} {ergonomic}
   size_t MarkStackSize                            = 4194304                                   {product} {ergonomic}
   size_t MaxHeapSize                              = 2147483648                                {product} {command line}
   size_t MaxNewSize                               = 1287651328                                {product} {ergonomic}
   size_t MinHeapDeltaBytes                        = 1048576                                   {product} {ergonomic}
    uintx NonNMethodCodeHeapSize                   = 5830732                                {pd product} {ergonomic}
    uintx NonProfiledCodeHeapSize                  = 122913754                              {pd product} {ergonomic}
    uintx ProfiledCodeHeapSize                     = 122913754                              {pd product} {ergonomic}
    uintx ReservedCodeCacheSize                    = 251658240                              {pd product} {ergonomic}
     bool SegmentedCodeCache                       = true                                      {product} {ergonomic}
     bool UseCompressedClassPointers               = true                                 {lp64_product} {ergonomic}
     bool UseCompressedOops                        = true                                 {lp64_product} {ergonomic}
     bool UseG1GC                                  = true                                      {product} {ergonomic}
     bool UseLargePagesIndividualAllocation        = false                                  {pd product} {ergonomic}

Logging:
Log output configuration:
 #0: stdout all=warning uptime,level,tags
 #1: stderr all=off uptime,level,tags

Environment Variables:
PATH=C:\Program Files\Microsoft\jdk-11.0.12.7-hotspot\bin;C:\Python310\Scripts\;C:\Python310\;C:\Program Files\Common Files\Oracle\Java\javapath;C:\Windows\system32;C:\Windows;C:\Windows\System32\Wbem;C:\Windows\System32\WindowsPowerShell\v1.0\;C:\Windows\System32\OpenSSH\;C:\Program Files\Java\jdk-16.0.1\bin;C:\Program Files\Microsoft SQL Server\Client SDK\ODBC\170\Tools\Binn\;C:\Program Files\dotnet;C:\ProgramData\chocolatey\bin;C:\Program Files\nodejs\;C:\Program Files\Git\cmd;C:\Program Files\dotnet\;C:\Program Files (x86)\Microsoft SQL Server\150\Tools\Binn\;C:\Program Files\Microsoft SQL Server\150\Tools\Binn\;C:\Program Files\Microsoft SQL Server\150\DTS\Binn\;C:\Program Files\Microsoft SQL Server\130\Tools\Binn\;C:\Users\cyoun\AppData\Local\Microsoft\WindowsApps;C:\Users\cyoun\.dotnet\tools;C:\Program Files\Azure Data Studio\bin;C:\Users\cyoun\AppData\Local\nvs\;C:\Users\cyoun\AppData\Roaming\npm
USERNAME=cyoun
OS=Windows_NT
PROCESSOR_IDENTIFIER=Intel64 Family 6 Model 69 Stepping 1, GenuineIntel



---------------  S Y S T E M  ---------------

OS: Windows 10 , 64 bit Build 18362 (10.0.18362.1110)
OS uptime: 12 days 22:44 hours

CPU:total 4 (initial active 4) (2 cores per cpu, 2 threads per core) family 6 model 69 stepping 1 microcode 0x24, cmov, cx8, fxsr, mmx, sse, sse2, sse3, ssse3, sse4.1, sse4.2, popcnt, avx, avx2, aes, clmul, erms, lzcnt, ht, tsc, tscinvbit, bmi1, bmi2, fma

Memory: 4k page, system-wide physical 8082M (295M free)
TotalPageFile size 23264M (AvailPageFile size 130M)
current process WorkingSet (physical memory assigned to process): 406M, peak: 460M
current process commit charge ("private bytes"): 564M, peak: 796M

vm_info: OpenJDK 64-Bit Server VM (11.0.13+0-b1751.21-8125866) for windows-amd64 JRE (11.0.13+0-b1751.21-8125866), built on Feb  2 2022 03:00:22 by "builder" with MS VC++ 14.0 (VS2015)

END.
