#
# There is insufficient memory for the Java Runtime Environment to continue.
# Native memory allocation (mmap) failed to map 41943040 bytes for Failed to commit area from 0x000000008c600000 to 0x000000008ee00000 of length 41943040.
# Possible reasons:
#   The system is out of physical RAM or swap space
#   The process is running with CompressedOops enabled, and the Java Heap may be blocking the growth of the native heap
# Possible solutions:
#   Reduce memory load on the system
#   Increase physical memory or swap space
#   Check if swap backing store is full
#   Decrease Java heap size (-Xmx/-Xms)
#   Decrease number of Java threads
#   Decrease Java thread stack sizes (-Xss)
#   Set larger code cache with -XX:ReservedCodeCacheSize=
#   JVM is running with Unscaled Compressed Oops mode in which the Java heap is
#     placed in the first 4GB address space. The Java Heap base address is the
#     maximum limit for the native heap growth. Please use -XX:HeapBaseMinAddress
#     to set the Java Heap base and to place the Java Heap above 4GB virtual address.
# This output file may be truncated or incomplete.
#
#  Out of Memory Error (./src/hotspot/os/windows/os_windows.cpp:3619), pid=4040, tid=19800
#
# JRE version: OpenJDK Runtime Environment (11.0.13) (build 11.0.13+0-b1751.21-8125866)
# Java VM: OpenJDK 64-Bit Server VM (11.0.13+0-b1751.21-8125866, mixed mode, tiered, compressed oops, g1 gc, windows-amd64)
# No core dump will be written. Minidumps are not enabled by default on client versions of Windows
#

---------------  S U M M A R Y ------------

Command Line: --add-opens=java.base/java.util=ALL-UNNAMED --add-opens=java.base/java.lang=ALL-UNNAMED --add-opens=java.base/java.lang.invoke=ALL-UNNAMED --add-opens=java.base/java.util=ALL-UNNAMED --add-opens=java.prefs/java.util.prefs=ALL-UNNAMED --add-opens=java.prefs/java.util.prefs=ALL-UNNAMED --add-opens=java.base/java.nio.charset=ALL-UNNAMED --add-opens=java.base/java.net=ALL-UNNAMED --add-opens=java.base/java.util.concurrent.atomic=ALL-UNNAMED -Xmx2048m -Dfile.encoding=UTF-8 -Duser.country=US -Duser.language=en -Duser.variant org.gradle.launcher.daemon.bootstrap.GradleDaemon 7.4

Host: Intel(R) Core(TM) i5-4300U CPU @ 1.90GHz, 4 cores, 7G,  Windows 10 , 64 bit Build 18362 (10.0.18362.1110)
Time: Mon Mar  6 20:48:07 2023 Eastern Standard Time elapsed time: 82.599573 seconds (0d 0h 1m 22s)

---------------  T H R E A D  ---------------

Current thread (0x000001b3eb3fb800):  VMThread "VM Thread" [stack: 0x0000006505300000,0x0000006505400000] [id=19800]

Stack: [0x0000006505300000,0x0000006505400000]
[error occurred during error reporting (printing stack bounds), id 0xc0000005, EXCEPTION_ACCESS_VIOLATION (0xc0000005) at pc=0x000001b3d531112d]

Native frames: (J=compiled Java code, j=interpreted, Vv=VM code, C=native code)
V  [jvm.dll+0x6100fa]
V  [jvm.dll+0x747090]
V  [jvm.dll+0x7486ad]
V  [jvm.dll+0x748ce5]
V  [jvm.dll+0x748c9b]
V  [jvm.dll+0x60f224]
V  [jvm.dll+0x60f9b8]
C  [ntdll.dll+0xa184f]
C  [ntdll.dll+0x6a889]
C  [ntdll.dll+0xa04be]
C  0x000001b3d531112d

VM_Operation (0x00000065066f67e0): G1CollectForAllocation, mode: safepoint, requested by thread 0x000001b3edfec000


---------------  P R O C E S S  ---------------

Threads class SMR info:
_java_thread_list=0x000001b3f17724f0, length=82, elements={
0x000001b3d17fe800, 0x000001b3eb400800, 0x000001b3eb403800, 0x000001b3eb41c000,
0x000001b3eb41d000, 0x000001b3eb41e000, 0x000001b3eb423000, 0x000001b3eb426800,
0x000001b3ebdd9800, 0x000001b3ebece800, 0x000001b3ece92800, 0x000001b3ed87d800,
0x000001b3ed00c800, 0x000001b3edef7800, 0x000001b3edfec000, 0x000001b3ec849000,
0x000001b3ec84a000, 0x000001b3ec844000, 0x000001b3ec84a800, 0x000001b3ec845000,
0x000001b3edbcc000, 0x000001b3edbcd800, 0x000001b3edbd0000, 0x000001b3edbd1000,
0x000001b3edbcd000, 0x000001b3ee724000, 0x000001b3ee723000, 0x000001b3ee722000,
0x000001b3ee719000, 0x000001b3ee71a000, 0x000001b3ee720800, 0x000001b3ee71d000,
0x000001b3ee71e000, 0x000001b3ee71f000, 0x000001b3ee71b000, 0x000001b3ee71f800,
0x000001b3ee721800, 0x000001b3ee71b800, 0x000001b3ee71c800, 0x000001b3ee724800,
0x000001b3ee728000, 0x000001b3ee726000, 0x000001b3ee725800, 0x000001b3ee727000,
0x000001b3edbd2800, 0x000001b3edbd3800, 0x000001b3edbd5000, 0x000001b3edbd4800,
0x000001b3edbcf800, 0x000001b3edbd6000, 0x000001b3edbd9000, 0x000001b3edbd6800,
0x000001b3edbd8800, 0x000001b3edbda000, 0x000001b3edbdb000, 0x000001b3edbd7800,
0x000001b3ec846000, 0x000001b3ec846800, 0x000001b3ec847800, 0x000001b3ec848000,
0x000001b3f46a7000, 0x000001b3f46a8000, 0x000001b3f46a9000, 0x000001b3f46a9800,
0x000001b3f46a4000, 0x000001b3f46a5000, 0x000001b3f46aa800, 0x000001b3f46a6800,
0x000001b3f46ab800, 0x000001b3f46a5800, 0x000001b3f46b1000, 0x000001b3f46b2000,
0x000001b3f46ad000, 0x000001b3f46ae800, 0x000001b3f46af800, 0x000001b3f46b0000,
0x000001b3f46ac000, 0x000001b3f46b2800, 0x000001b3f46ae000, 0x000001b3eeac8800,
0x000001b3eeac9800, 0x000001b3ef4f4800
}

Java Threads: ( => current thread )
  0x000001b3d17fe800 JavaThread "main" [_thread_blocked, id=5400, stack(0x0000006504d00000,0x0000006504e00000)]
  0x000001b3eb400800 JavaThread "Reference Handler" daemon [_thread_blocked, id=20744, stack(0x0000006505400000,0x0000006505500000)]
  0x000001b3eb403800 JavaThread "Finalizer" daemon [_thread_blocked, id=20860, stack(0x0000006505500000,0x0000006505600000)]
  0x000001b3eb41c000 JavaThread "Signal Dispatcher" daemon [_thread_blocked, id=6136, stack(0x0000006505600000,0x0000006505700000)]
  0x000001b3eb41d000 JavaThread "Attach Listener" daemon [_thread_blocked, id=19124, stack(0x0000006505700000,0x0000006505800000)]
  0x000001b3eb41e000 JavaThread "Service Thread" daemon [_thread_blocked, id=22156, stack(0x0000006505800000,0x0000006505900000)]
  0x000001b3eb423000 JavaThread "C2 CompilerThread0" daemon [_thread_blocked, id=22360, stack(0x0000006505900000,0x0000006505a00000)]
  0x000001b3eb426800 JavaThread "C1 CompilerThread0" daemon [_thread_blocked, id=21204, stack(0x0000006505a00000,0x0000006505b00000)]
  0x000001b3ebdd9800 JavaThread "Sweeper thread" daemon [_thread_blocked, id=19588, stack(0x0000006505b00000,0x0000006505c00000)]
  0x000001b3ebece800 JavaThread "Common-Cleaner" daemon [_thread_blocked, id=14892, stack(0x0000006505c00000,0x0000006505d00000)]
  0x000001b3ece92800 JavaThread "Daemon health stats" [_thread_blocked, id=19564, stack(0x0000006505e00000,0x0000006505f00000)]
  0x000001b3ed87d800 JavaThread "Incoming local TCP Connector on port 54191" [_thread_in_native, id=20736, stack(0x0000006506100000,0x0000006506200000)]
  0x000001b3ed00c800 JavaThread "Daemon periodic checks" [_thread_blocked, id=4828, stack(0x0000006506200000,0x0000006506300000)]
  0x000001b3edef7800 JavaThread "Daemon" [_thread_blocked, id=8736, stack(0x0000006506300000,0x0000006506400000)]
  0x000001b3edfec000 JavaThread "Daemon worker" [_thread_blocked, id=8748, stack(0x0000006506600000,0x0000006506700000)]
  0x000001b3ec849000 JavaThread "Cache worker for journal cache (C:\Users\cyoun\.gradle\caches\journal-1)" [_thread_blocked, id=14740, stack(0x0000006506b00000,0x0000006506c00000)]
  0x000001b3ec84a000 JavaThread "File lock request listener" [_thread_in_native, id=10648, stack(0x0000006506c00000,0x0000006506d00000)]
  0x000001b3ec844000 JavaThread "Cache worker for file hash cache (C:\Users\cyoun\.gradle\caches\7.4\fileHashes)" [_thread_blocked, id=8468, stack(0x0000006506d00000,0x0000006506e00000)]
  0x000001b3ec84a800 JavaThread "File watcher server" daemon [_thread_in_native, id=4656, stack(0x0000006506e00000,0x0000006506f00000)]
  0x000001b3ec845000 JavaThread "File watcher consumer" daemon [_thread_blocked, id=21608, stack(0x0000006506f00000,0x0000006507000000)]
  0x000001b3edbcc000 JavaThread "Cache worker for execution history cache (C:\Users\cyoun\.gradle\caches\7.4\executionHistory)" [_thread_blocked, id=8828, stack(0x0000006507400000,0x0000006507500000)]
  0x000001b3edbcd800 JavaThread "jar transforms" [_thread_blocked, id=19160, stack(0x0000006507600000,0x0000006507700000)]
  0x000001b3edbd0000 JavaThread "Cache worker for file content cache (C:\Users\cyoun\.gradle\caches\7.4\fileContent)" [_thread_blocked, id=11784, stack(0x0000006507700000,0x0000006507800000)]
  0x000001b3edbd1000 JavaThread "jar transforms Thread 2" [_thread_blocked, id=22084, stack(0x0000006507500000,0x0000006507600000)]
  0x000001b3edbcd000 JavaThread "jar transforms Thread 3" [_thread_blocked, id=19176, stack(0x0000006507900000,0x0000006507a00000)]
  0x000001b3ee724000 JavaThread "jar transforms Thread 4" [_thread_blocked, id=3092, stack(0x000000650a300000,0x000000650a400000)]
  0x000001b3ee723000 JavaThread "Memory manager" [_thread_blocked, id=7680, stack(0x000000650a400000,0x000000650a500000)]
  0x000001b3ee722000 JavaThread "included builds" [_thread_blocked, id=20120, stack(0x000000650a800000,0x000000650a900000)]
  0x000001b3ee719000 JavaThread "Handler for socket connection from /127.0.0.1:54191 to /127.0.0.1:54256" [_thread_in_native, id=9944, stack(0x0000006504b00000,0x0000006504c00000)]
  0x000001b3ee71a000 JavaThread "Cancel handler" [_thread_blocked, id=19324, stack(0x0000006504c00000,0x0000006504d00000)]
  0x000001b3ee720800 JavaThread "Asynchronous log dispatcher for DefaultDaemonConnection: socket connection from /127.0.0.1:54191 to /127.0.0.1:54256" [_thread_blocked, id=22276, stack(0x0000006506400000,0x0000006506500000)]
  0x000001b3ee71d000 JavaThread "Stdin handler" [_thread_blocked, id=10188, stack(0x0000006506500000,0x0000006506600000)]
  0x000001b3ee71e000 JavaThread "Daemon client event forwarder" [_thread_blocked, id=19764, stack(0x0000006506700000,0x0000006506800000)]
  0x000001b3ee71f000 JavaThread "Cache worker for checksums cache (C:\Users\cyoun\AndroidStudioProjects\JunkRemovalEstimator3\.gradle\7.4\checksums)" [_thread_blocked, id=21600, stack(0x0000006506800000,0x0000006506900000)]
  0x000001b3ee71b000 JavaThread "Cache worker for cache directory md-rule (C:\Users\cyoun\.gradle\caches\7.4\md-rule)" [_thread_blocked, id=20300, stack(0x0000006506a00000,0x0000006506b00000)]
  0x000001b3ee71f800 JavaThread "Cache worker for file hash cache (C:\Users\cyoun\AndroidStudioProjects\JunkRemovalEstimator3\.gradle\7.4\fileHashes)" [_thread_blocked, id=15588, stack(0x0000006507000000,0x0000006507100000)]
  0x000001b3ee721800 JavaThread "Cache worker for cache directory md-supplier (C:\Users\cyoun\.gradle\caches\7.4\md-supplier)" [_thread_blocked, id=7116, stack(0x0000006507100000,0x0000006507200000)]
  0x000001b3ee71b800 JavaThread "Cache worker for dependencies-accessors (C:\Users\cyoun\AndroidStudioProjects\JunkRemovalEstimator3\.gradle\7.4\dependencies-accessors)" [_thread_blocked, id=4508, stack(0x0000006507300000,0x0000006507400000)]
  0x000001b3ee71c800 JavaThread "Cache worker for Build Output Cleanup Cache (C:\Users\cyoun\AndroidStudioProjects\JunkRemovalEstimator3\.gradle\buildOutputCleanup)" [_thread_blocked, id=16872, stack(0x0000006507800000,0x0000006507900000)]
  0x000001b3ee724800 JavaThread "Unconstrained build operations" [_thread_blocked, id=9384, stack(0x0000006507a00000,0x0000006507b00000)]
  0x000001b3ee728000 JavaThread "Unconstrained build operations Thread 2" [_thread_blocked, id=7788, stack(0x0000006507b00000,0x0000006507c00000)]
  0x000001b3ee726000 JavaThread "Unconstrained build operations Thread 3" [_thread_blocked, id=8868, stack(0x0000006507c00000,0x0000006507d00000)]
  0x000001b3ee725800 JavaThread "Unconstrained build operations Thread 4" [_thread_blocked, id=7488, stack(0x0000006507d00000,0x0000006507e00000)]
  0x000001b3ee727000 JavaThread "Unconstrained build operations Thread 5" [_thread_blocked, id=21680, stack(0x0000006507e00000,0x0000006507f00000)]
  0x000001b3edbd2800 JavaThread "Unconstrained build operations Thread 6" [_thread_blocked, id=8408, stack(0x0000006507f00000,0x0000006508000000)]
  0x000001b3edbd3800 JavaThread "Unconstrained build operations Thread 7" [_thread_blocked, id=7396, stack(0x0000006508000000,0x0000006508100000)]
  0x000001b3edbd5000 JavaThread "Unconstrained build operations Thread 8" [_thread_blocked, id=4536, stack(0x0000006508100000,0x0000006508200000)]
  0x000001b3edbd4800 JavaThread "Unconstrained build operations Thread 9" [_thread_blocked, id=13044, stack(0x0000006508200000,0x0000006508300000)]
  0x000001b3edbcf800 JavaThread "Unconstrained build operations Thread 10" [_thread_blocked, id=10060, stack(0x0000006508300000,0x0000006508400000)]
  0x000001b3edbd6000 JavaThread "Unconstrained build operations Thread 11" [_thread_blocked, id=18964, stack(0x0000006508400000,0x0000006508500000)]
  0x000001b3edbd9000 JavaThread "Unconstrained build operations Thread 12" [_thread_blocked, id=19448, stack(0x0000006508500000,0x0000006508600000)]
  0x000001b3edbd6800 JavaThread "Unconstrained build operations Thread 13" [_thread_blocked, id=6368, stack(0x0000006508600000,0x0000006508700000)]
  0x000001b3edbd8800 JavaThread "Unconstrained build operations Thread 14" [_thread_blocked, id=22312, stack(0x0000006508700000,0x0000006508800000)]
  0x000001b3edbda000 JavaThread "Unconstrained build operations Thread 15" [_thread_blocked, id=22300, stack(0x0000006508800000,0x0000006508900000)]
  0x000001b3edbdb000 JavaThread "Unconstrained build operations Thread 16" [_thread_blocked, id=9928, stack(0x0000006508900000,0x0000006508a00000)]
  0x000001b3edbd7800 JavaThread "Unconstrained build operations Thread 17" [_thread_blocked, id=17140, stack(0x0000006508a00000,0x0000006508b00000)]
  0x000001b3ec846000 JavaThread "Unconstrained build operations Thread 18" [_thread_blocked, id=22144, stack(0x0000006508b00000,0x0000006508c00000)]
  0x000001b3ec846800 JavaThread "Unconstrained build operations Thread 19" [_thread_blocked, id=15156, stack(0x0000006508c00000,0x0000006508d00000)]
  0x000001b3ec847800 JavaThread "Unconstrained build operations Thread 20" [_thread_blocked, id=22016, stack(0x0000006508d00000,0x0000006508e00000)]
  0x000001b3ec848000 JavaThread "Unconstrained build operations Thread 21" [_thread_blocked, id=22504, stack(0x0000006508e00000,0x0000006508f00000)]
  0x000001b3f46a7000 JavaThread "Unconstrained build operations Thread 22" [_thread_blocked, id=22056, stack(0x0000006508f00000,0x0000006509000000)]
  0x000001b3f46a8000 JavaThread "Unconstrained build operations Thread 23" [_thread_blocked, id=22052, stack(0x0000006509000000,0x0000006509100000)]
  0x000001b3f46a9000 JavaThread "Unconstrained build operations Thread 24" [_thread_blocked, id=11744, stack(0x0000006509100000,0x0000006509200000)]
  0x000001b3f46a9800 JavaThread "Unconstrained build operations Thread 25" [_thread_blocked, id=11732, stack(0x0000006509200000,0x0000006509300000)]
  0x000001b3f46a4000 JavaThread "Unconstrained build operations Thread 26" [_thread_blocked, id=13404, stack(0x0000006509300000,0x0000006509400000)]
  0x000001b3f46a5000 JavaThread "Unconstrained build operations Thread 27" [_thread_blocked, id=17052, stack(0x0000006509400000,0x0000006509500000)]
  0x000001b3f46aa800 JavaThread "Unconstrained build operations Thread 28" [_thread_blocked, id=16848, stack(0x0000006509500000,0x0000006509600000)]
  0x000001b3f46a6800 JavaThread "Unconstrained build operations Thread 29" [_thread_blocked, id=22296, stack(0x0000006509600000,0x0000006509700000)]
  0x000001b3f46ab800 JavaThread "Unconstrained build operations Thread 30" [_thread_blocked, id=5532, stack(0x0000006509700000,0x0000006509800000)]
  0x000001b3f46a5800 JavaThread "Unconstrained build operations Thread 31" [_thread_blocked, id=18728, stack(0x0000006509800000,0x0000006509900000)]
  0x000001b3f46b1000 JavaThread "Unconstrained build operations Thread 32" [_thread_blocked, id=20004, stack(0x0000006509900000,0x0000006509a00000)]
  0x000001b3f46b2000 JavaThread "Unconstrained build operations Thread 33" [_thread_blocked, id=10868, stack(0x0000006509a00000,0x0000006509b00000)]
  0x000001b3f46ad000 JavaThread "Unconstrained build operations Thread 34" [_thread_blocked, id=748, stack(0x0000006509b00000,0x0000006509c00000)]
  0x000001b3f46ae800 JavaThread "Unconstrained build operations Thread 35" [_thread_blocked, id=22092, stack(0x0000006509c00000,0x0000006509d00000)]
  0x000001b3f46af800 JavaThread "Unconstrained build operations Thread 36" [_thread_blocked, id=10520, stack(0x0000006509d00000,0x0000006509e00000)]
  0x000001b3f46b0000 JavaThread "Unconstrained build operations Thread 37" [_thread_blocked, id=18452, stack(0x0000006509e00000,0x0000006509f00000)]
  0x000001b3f46ac000 JavaThread "Unconstrained build operations Thread 38" [_thread_blocked, id=5956, stack(0x0000006509f00000,0x000000650a000000)]
  0x000001b3f46b2800 JavaThread "Unconstrained build operations Thread 39" [_thread_blocked, id=5636, stack(0x000000650a000000,0x000000650a100000)]
  0x000001b3f46ae000 JavaThread "Unconstrained build operations Thread 40" [_thread_blocked, id=9320, stack(0x000000650a100000,0x000000650a200000)]
  0x000001b3eeac8800 JavaThread "included builds" [_thread_blocked, id=7720, stack(0x0000006507200000,0x0000006507300000)]
  0x000001b3eeac9800 JavaThread "Cache worker for execution history cache (C:\Users\cyoun\AndroidStudioProjects\JunkRemovalEstimator3\.gradle\7.4\executionHistory)" [_thread_blocked, id=20304, stack(0x000000650aa00000,0x000000650ab00000)]
  0x000001b3ef4f4800 JavaThread "C2 CompilerThread1" daemon [_thread_in_native, id=18700, stack(0x000000650a200000,0x000000650a300000)]

Other Threads:
=>0x000001b3eb3fb800 VMThread "VM Thread" [stack: 0x0000006505300000,0x0000006505400000] [id=19800]
  0x000001b3ebef4000 WatcherThread [stack: 0x0000006505d00000,0x0000006505e00000] [id=11652]
  0x000001b3d1818000 GCTaskThread "GC Thread#0" [stack: 0x0000006504e00000,0x0000006504f00000] [id=15560]
  0x000001b3ec2b1800 GCTaskThread "GC Thread#1" [stack: 0x0000006505f00000,0x0000006506000000] [id=7516]
  0x000001b3ec2a0000 GCTaskThread "GC Thread#2" [stack: 0x0000006506000000,0x0000006506100000] [id=21304]
  0x000001b3ee0c2800 GCTaskThread "GC Thread#3" [stack: 0x0000006506900000,0x0000006506a00000] [id=548]
  0x000001b3d1848000 ConcurrentGCThread "G1 Main Marker" [stack: 0x0000006504f00000,0x0000006505000000] [id=9864]
  0x000001b3d184a000 ConcurrentGCThread "G1 Conc#0" [stack: 0x0000006505000000,0x0000006505100000] [id=4464]
  0x000001b3eb250800 ConcurrentGCThread "G1 Refine#0" [stack: 0x0000006505100000,0x0000006505200000] [id=20812]
  0x000001b3eb251000 ConcurrentGCThread "G1 Young RemSet Sampling" [stack: 0x0000006505200000,0x0000006505300000] [id=20364]

Threads with active compile tasks:
C2 CompilerThread0  82642 9039       4       java.lang.Class::annotationData (44 bytes)
C2 CompilerThread1  82642 9034   !   4       org.gradle.internal.classloader.FilteringClassLoader::loadClass (62 bytes)

VM state:at safepoint (normal execution)

VM Mutex/Monitor currently owned by a thread:  ([mutex/lock_event])
[0x000001b3d17fbc20] Threads_lock - owner thread: 0x000001b3eb3fb800
[0x000001b3d17fa870] Heap_lock - owner thread: 0x000001b3edfec000

Heap address: 0x0000000080000000, size: 2048 MB, Compressed Oops mode: 32-bit
Narrow klass base: 0x0000000000000000, Narrow klass shift: 3
Compressed class space size: 1073741824 Address: 0x0000000100000000

Heap:
 garbage-first heap   total 243712K, used 136487K [0x0000000080000000, 0x0000000100000000)
  region size 1024K, 2 young (2048K), 2 survivors (2048K)
 Metaspace       used 86704K, capacity 89051K, committed 89332K, reserved 1126400K
  class space    used 11208K, capacity 12065K, committed 12160K, reserved 1048576K
Heap Regions: E=young(eden), S=young(survivor), O=old, HS=humongous(starts), HC=humongous(continues), CS=collection set, F=free, A=archive, TAMS=top-at-mark-start (previous, next)
|   0|0x0000000080000000, 0x0000000080100000, 0x0000000080100000|100%|HS|  |TAMS 0x0000000080100000, 0x0000000080000000| Complete 
|   1|0x0000000080100000, 0x0000000080200000, 0x0000000080200000|100%|HC|  |TAMS 0x0000000080200000, 0x0000000080100000| Complete 
|   2|0x0000000080200000, 0x0000000080300000, 0x0000000080300000|100%|HC|  |TAMS 0x0000000080300000, 0x0000000080200000| Complete 
|   3|0x0000000080300000, 0x0000000080400000, 0x0000000080400000|100%| O|  |TAMS 0x0000000080400000, 0x0000000080300000| Untracked 
|   4|0x0000000080400000, 0x0000000080500000, 0x0000000080500000|100%| O|  |TAMS 0x0000000080500000, 0x0000000080400000| Untracked 
|   5|0x0000000080500000, 0x0000000080600000, 0x0000000080600000|100%| O|  |TAMS 0x0000000080600000, 0x0000000080500000| Untracked 
|   6|0x0000000080600000, 0x0000000080700000, 0x0000000080700000|100%| O|  |TAMS 0x0000000080700000, 0x0000000080600000| Untracked 
|   7|0x0000000080700000, 0x0000000080800000, 0x0000000080800000|100%| O|  |TAMS 0x0000000080800000, 0x0000000080700000| Untracked 
|   8|0x0000000080800000, 0x0000000080900000, 0x0000000080900000|100%| O|  |TAMS 0x0000000080900000, 0x0000000080800000| Untracked 
|   9|0x0000000080900000, 0x0000000080a00000, 0x0000000080a00000|100%| O|  |TAMS 0x0000000080a00000, 0x0000000080900000| Untracked 
|  10|0x0000000080a00000, 0x0000000080b00000, 0x0000000080b00000|100%| O|  |TAMS 0x0000000080b00000, 0x0000000080a00000| Untracked 
|  11|0x0000000080b00000, 0x0000000080c00000, 0x0000000080c00000|100%| O|  |TAMS 0x0000000080c00000, 0x0000000080b00000| Untracked 
|  12|0x0000000080c00000, 0x0000000080d00000, 0x0000000080d00000|100%| O|  |TAMS 0x0000000080d00000, 0x0000000080c00000| Untracked 
|  13|0x0000000080d00000, 0x0000000080e00000, 0x0000000080e00000|100%| O|  |TAMS 0x0000000080e00000, 0x0000000080d00000| Untracked 
|  14|0x0000000080e00000, 0x0000000080f00000, 0x0000000080f00000|100%| O|  |TAMS 0x0000000080f00000, 0x0000000080e00000| Untracked 
|  15|0x0000000080f00000, 0x0000000081000000, 0x0000000081000000|100%| O|  |TAMS 0x0000000081000000, 0x0000000080f00000| Untracked 
|  16|0x0000000081000000, 0x0000000081100000, 0x0000000081100000|100%| O|  |TAMS 0x0000000081100000, 0x0000000081000000| Untracked 
|  17|0x0000000081100000, 0x0000000081200000, 0x0000000081200000|100%| O|  |TAMS 0x0000000081200000, 0x0000000081100000| Untracked 
|  18|0x0000000081200000, 0x0000000081300000, 0x0000000081300000|100%| O|  |TAMS 0x0000000081300000, 0x0000000081200000| Untracked 
|  19|0x0000000081300000, 0x0000000081400000, 0x0000000081400000|100%|HS|  |TAMS 0x0000000081400000, 0x0000000081300000| Complete 
|  20|0x0000000081400000, 0x0000000081500000, 0x0000000081500000|100%| O|  |TAMS 0x0000000081500000, 0x0000000081400000| Untracked 
|  21|0x0000000081500000, 0x0000000081600000, 0x0000000081600000|100%| O|  |TAMS 0x0000000081600000, 0x0000000081500000| Untracked 
|  22|0x0000000081600000, 0x0000000081700000, 0x0000000081700000|100%| O|  |TAMS 0x0000000081700000, 0x0000000081600000| Untracked 
|  23|0x0000000081700000, 0x0000000081800000, 0x0000000081800000|100%| O|  |TAMS 0x0000000081800000, 0x0000000081700000| Untracked 
|  24|0x0000000081800000, 0x0000000081900000, 0x0000000081900000|100%|HS|  |TAMS 0x0000000081900000, 0x0000000081800000| Complete 
|  25|0x0000000081900000, 0x0000000081a00000, 0x0000000081a00000|100%| O|  |TAMS 0x0000000081a00000, 0x0000000081900000| Untracked 
|  26|0x0000000081a00000, 0x0000000081b00000, 0x0000000081b00000|100%| O|  |TAMS 0x0000000081b00000, 0x0000000081a00000| Untracked 
|  27|0x0000000081b00000, 0x0000000081c00000, 0x0000000081c00000|100%| O|  |TAMS 0x0000000081c00000, 0x0000000081b00000| Untracked 
|  28|0x0000000081c00000, 0x0000000081d00000, 0x0000000081d00000|100%| O|  |TAMS 0x0000000081d00000, 0x0000000081c00000| Untracked 
|  29|0x0000000081d00000, 0x0000000081e00000, 0x0000000081e00000|100%| O|  |TAMS 0x0000000081e00000, 0x0000000081d00000| Untracked 
|  30|0x0000000081e00000, 0x0000000081f00000, 0x0000000081f00000|100%| O|  |TAMS 0x0000000081f00000, 0x0000000081e00000| Untracked 
|  31|0x0000000081f00000, 0x0000000082000000, 0x0000000082000000|100%|HS|  |TAMS 0x0000000082000000, 0x0000000081f00000| Complete 
|  32|0x0000000082000000, 0x0000000082100000, 0x0000000082100000|100%|HC|  |TAMS 0x0000000082100000, 0x0000000082000000| Complete 
|  33|0x0000000082100000, 0x0000000082200000, 0x0000000082200000|100%| O|  |TAMS 0x0000000082200000, 0x0000000082100000| Untracked 
|  34|0x0000000082200000, 0x0000000082300000, 0x0000000082300000|100%| O|  |TAMS 0x0000000082300000, 0x0000000082200000| Untracked 
|  35|0x0000000082300000, 0x0000000082400000, 0x0000000082400000|100%| O|  |TAMS 0x0000000082400000, 0x0000000082300000| Untracked 
|  36|0x0000000082400000, 0x0000000082500000, 0x0000000082500000|100%| O|  |TAMS 0x0000000082500000, 0x0000000082400000| Untracked 
|  37|0x0000000082500000, 0x0000000082600000, 0x0000000082600000|100%| O|  |TAMS 0x0000000082600000, 0x0000000082500000| Untracked 
|  38|0x0000000082600000, 0x0000000082700000, 0x0000000082700000|100%| O|  |TAMS 0x0000000082700000, 0x0000000082600000| Untracked 
|  39|0x0000000082700000, 0x0000000082800000, 0x0000000082800000|100%| O|  |TAMS 0x0000000082800000, 0x0000000082700000| Untracked 
|  40|0x0000000082800000, 0x0000000082900000, 0x0000000082900000|100%| O|  |TAMS 0x0000000082900000, 0x0000000082800000| Untracked 
|  41|0x0000000082900000, 0x0000000082a00000, 0x0000000082a00000|100%| O|  |TAMS 0x0000000082a00000, 0x0000000082900000| Untracked 
|  42|0x0000000082a00000, 0x0000000082b00000, 0x0000000082b00000|100%| O|  |TAMS 0x0000000082b00000, 0x0000000082a00000| Untracked 
|  43|0x0000000082b00000, 0x0000000082c00000, 0x0000000082c00000|100%| O|  |TAMS 0x0000000082c00000, 0x0000000082b00000| Untracked 
|  44|0x0000000082c00000, 0x0000000082d00000, 0x0000000082d00000|100%| O|  |TAMS 0x0000000082d00000, 0x0000000082c00000| Untracked 
|  45|0x0000000082d00000, 0x0000000082e00000, 0x0000000082e00000|100%| O|  |TAMS 0x0000000082e00000, 0x0000000082d00000| Untracked 
|  46|0x0000000082e00000, 0x0000000082f00000, 0x0000000082f00000|100%| O|  |TAMS 0x0000000082f00000, 0x0000000082e00000| Untracked 
|  47|0x0000000082f00000, 0x0000000083000000, 0x0000000083000000|100%| O|  |TAMS 0x0000000083000000, 0x0000000082f00000| Untracked 
|  48|0x0000000083000000, 0x0000000083100000, 0x0000000083100000|100%| O|  |TAMS 0x0000000083100000, 0x0000000083000000| Untracked 
|  49|0x0000000083100000, 0x0000000083200000, 0x0000000083200000|100%| O|  |TAMS 0x0000000083200000, 0x0000000083100000| Untracked 
|  50|0x0000000083200000, 0x0000000083300000, 0x0000000083300000|100%| O|  |TAMS 0x0000000083300000, 0x0000000083200000| Untracked 
|  51|0x0000000083300000, 0x0000000083400000, 0x0000000083400000|100%| O|  |TAMS 0x0000000083400000, 0x0000000083300000| Untracked 
|  52|0x0000000083400000, 0x0000000083500000, 0x0000000083500000|100%|HS|  |TAMS 0x0000000083500000, 0x0000000083400000| Complete 
|  53|0x0000000083500000, 0x0000000083600000, 0x0000000083600000|100%|HC|  |TAMS 0x0000000083600000, 0x0000000083500000| Complete 
|  54|0x0000000083600000, 0x0000000083700000, 0x0000000083700000|100%|HS|  |TAMS 0x0000000083700000, 0x0000000083600000| Complete 
|  55|0x0000000083700000, 0x0000000083800000, 0x0000000083800000|100%|HC|  |TAMS 0x0000000083800000, 0x0000000083700000| Complete 
|  56|0x0000000083800000, 0x0000000083900000, 0x0000000083900000|100%|HC|  |TAMS 0x0000000083900000, 0x0000000083800000| Complete 
|  57|0x0000000083900000, 0x0000000083a00000, 0x0000000083a00000|100%| O|  |TAMS 0x0000000083a00000, 0x0000000083900000| Untracked 
|  58|0x0000000083a00000, 0x0000000083b00000, 0x0000000083b00000|100%| O|  |TAMS 0x0000000083b00000, 0x0000000083a00000| Untracked 
|  59|0x0000000083b00000, 0x0000000083c00000, 0x0000000083c00000|100%| O|  |TAMS 0x0000000083c00000, 0x0000000083b00000| Untracked 
|  60|0x0000000083c00000, 0x0000000083d00000, 0x0000000083d00000|100%|HS|  |TAMS 0x0000000083d00000, 0x0000000083c00000| Complete 
|  61|0x0000000083d00000, 0x0000000083e00000, 0x0000000083e00000|100%|HC|  |TAMS 0x0000000083e00000, 0x0000000083d00000| Complete 
|  62|0x0000000083e00000, 0x0000000083f00000, 0x0000000083f00000|100%|HC|  |TAMS 0x0000000083f00000, 0x0000000083e00000| Complete 
|  63|0x0000000083f00000, 0x0000000084000000, 0x0000000084000000|100%| O|  |TAMS 0x0000000084000000, 0x0000000083f00000| Untracked 
|  64|0x0000000084000000, 0x0000000084100000, 0x0000000084100000|100%| O|  |TAMS 0x0000000084100000, 0x0000000084000000| Untracked 
|  65|0x0000000084100000, 0x0000000084200000, 0x0000000084200000|100%| O|  |TAMS 0x0000000084200000, 0x0000000084100000| Untracked 
|  66|0x0000000084200000, 0x0000000084300000, 0x0000000084300000|100%|HS|  |TAMS 0x0000000084300000, 0x0000000084200000| Complete 
|  67|0x0000000084300000, 0x0000000084400000, 0x0000000084400000|100%|HC|  |TAMS 0x0000000084400000, 0x0000000084300000| Complete 
|  68|0x0000000084400000, 0x0000000084500000, 0x0000000084500000|100%|HC|  |TAMS 0x0000000084500000, 0x0000000084400000| Complete 
|  69|0x0000000084500000, 0x0000000084600000, 0x0000000084600000|100%|HC|  |TAMS 0x0000000084600000, 0x0000000084500000| Complete 
|  70|0x0000000084600000, 0x0000000084700000, 0x0000000084700000|100%|HS|  |TAMS 0x0000000084700000, 0x0000000084600000| Complete 
|  71|0x0000000084700000, 0x0000000084800000, 0x0000000084800000|100%|HC|  |TAMS 0x0000000084800000, 0x0000000084700000| Complete 
|  72|0x0000000084800000, 0x0000000084900000, 0x0000000084900000|100%|HC|  |TAMS 0x0000000084900000, 0x0000000084800000| Complete 
|  73|0x0000000084900000, 0x0000000084a00000, 0x0000000084a00000|100%|HC|  |TAMS 0x0000000084a00000, 0x0000000084900000| Complete 
|  74|0x0000000084a00000, 0x0000000084b00000, 0x0000000084b00000|100%|HC|  |TAMS 0x0000000084b00000, 0x0000000084a00000| Complete 
|  75|0x0000000084b00000, 0x0000000084c00000, 0x0000000084c00000|100%|HS|  |TAMS 0x0000000084c00000, 0x0000000084b00000| Complete 
|  76|0x0000000084c00000, 0x0000000084d00000, 0x0000000084d00000|100%| O|  |TAMS 0x0000000084d00000, 0x0000000084c00000| Untracked 
|  77|0x0000000084d00000, 0x0000000084e00000, 0x0000000084e00000|100%| O|  |TAMS 0x0000000084e00000, 0x0000000084d00000| Untracked 
|  78|0x0000000084e00000, 0x0000000084f00000, 0x0000000084f00000|100%| O|  |TAMS 0x0000000084f00000, 0x0000000084e00000| Untracked 
|  79|0x0000000084f00000, 0x0000000085000000, 0x0000000085000000|100%| O|  |TAMS 0x0000000085000000, 0x0000000084f00000| Untracked 
|  80|0x0000000085000000, 0x0000000085100000, 0x0000000085100000|100%|HS|  |TAMS 0x0000000085100000, 0x0000000085000000| Complete 
|  81|0x0000000085100000, 0x0000000085200000, 0x0000000085200000|100%|HC|  |TAMS 0x0000000085200000, 0x0000000085100000| Complete 
|  82|0x0000000085200000, 0x0000000085300000, 0x0000000085300000|100%|HC|  |TAMS 0x0000000085300000, 0x0000000085200000| Complete 
|  83|0x0000000085300000, 0x0000000085400000, 0x0000000085400000|100%|HC|  |TAMS 0x0000000085400000, 0x0000000085300000| Complete 
|  84|0x0000000085400000, 0x0000000085500000, 0x0000000085500000|100%|HS|  |TAMS 0x0000000085500000, 0x0000000085400000| Complete 
|  85|0x0000000085500000, 0x0000000085600000, 0x0000000085600000|100%|HC|  |TAMS 0x0000000085600000, 0x0000000085500000| Complete 
|  86|0x0000000085600000, 0x0000000085700000, 0x0000000085700000|100%|HC|  |TAMS 0x0000000085700000, 0x0000000085600000| Complete 
|  87|0x0000000085700000, 0x0000000085800000, 0x0000000085800000|100%|HS|  |TAMS 0x0000000085800000, 0x0000000085700000| Complete 
|  88|0x0000000085800000, 0x0000000085900000, 0x0000000085900000|100%|HC|  |TAMS 0x0000000085900000, 0x0000000085800000| Complete 
|  89|0x0000000085900000, 0x0000000085a00000, 0x0000000085a00000|100%|HS|  |TAMS 0x0000000085a00000, 0x0000000085900000| Complete 
|  90|0x0000000085a00000, 0x0000000085b00000, 0x0000000085b00000|100%|HC|  |TAMS 0x0000000085b00000, 0x0000000085a00000| Complete 
|  91|0x0000000085b00000, 0x0000000085c00000, 0x0000000085c00000|100%|HC|  |TAMS 0x0000000085c00000, 0x0000000085b00000| Complete 
|  92|0x0000000085c00000, 0x0000000085d00000, 0x0000000085d00000|100%| O|  |TAMS 0x0000000085d00000, 0x0000000085c00000| Untracked 
|  93|0x0000000085d00000, 0x0000000085e00000, 0x0000000085e00000|100%| O|  |TAMS 0x0000000085e00000, 0x0000000085d00000| Untracked 
|  94|0x0000000085e00000, 0x0000000085f00000, 0x0000000085f00000|100%| O|  |TAMS 0x0000000085f00000, 0x0000000085e00000| Untracked 
|  95|0x0000000085f00000, 0x0000000086000000, 0x0000000086000000|100%| O|  |TAMS 0x0000000086000000, 0x0000000085f00000| Untracked 
|  96|0x0000000086000000, 0x0000000086100000, 0x0000000086100000|100%| O|  |TAMS 0x0000000086100000, 0x0000000086000000| Untracked 
|  97|0x0000000086100000, 0x0000000086200000, 0x0000000086200000|100%|HS|  |TAMS 0x0000000086200000, 0x0000000086100000| Complete 
|  98|0x0000000086200000, 0x0000000086300000, 0x0000000086300000|100%|HC|  |TAMS 0x0000000086300000, 0x0000000086200000| Complete 
|  99|0x0000000086300000, 0x0000000086400000, 0x0000000086400000|100%|HC|  |TAMS 0x0000000086400000, 0x0000000086300000| Complete 
| 100|0x0000000086400000, 0x0000000086500000, 0x0000000086500000|100%|HC|  |TAMS 0x0000000086500000, 0x0000000086400000| Complete 
| 101|0x0000000086500000, 0x0000000086600000, 0x0000000086600000|100%|HC|  |TAMS 0x0000000086600000, 0x0000000086500000| Complete 
| 102|0x0000000086600000, 0x0000000086700000, 0x0000000086700000|100%| O|  |TAMS 0x0000000086700000, 0x0000000086600000| Untracked 
| 103|0x0000000086700000, 0x0000000086800000, 0x0000000086800000|100%| O|  |TAMS 0x0000000086800000, 0x0000000086700000| Untracked 
| 104|0x0000000086800000, 0x0000000086900000, 0x0000000086900000|100%| O|  |TAMS 0x0000000086900000, 0x0000000086800000| Untracked 
| 105|0x0000000086900000, 0x0000000086a00000, 0x0000000086a00000|100%| O|  |TAMS 0x0000000086a00000, 0x0000000086900000| Untracked 
| 106|0x0000000086a00000, 0x0000000086b00000, 0x0000000086b00000|100%|HS|  |TAMS 0x0000000086b00000, 0x0000000086a00000| Complete 
| 107|0x0000000086b00000, 0x0000000086c00000, 0x0000000086c00000|100%|HC|  |TAMS 0x0000000086c00000, 0x0000000086b00000| Complete 
| 108|0x0000000086c00000, 0x0000000086d00000, 0x0000000086d00000|100%|HS|  |TAMS 0x0000000086d00000, 0x0000000086c00000| Complete 
| 109|0x0000000086d00000, 0x0000000086e00000, 0x0000000086e00000|100%|HC|  |TAMS 0x0000000086e00000, 0x0000000086d00000| Complete 
| 110|0x0000000086e00000, 0x0000000086f00000, 0x0000000086f00000|100%|HC|  |TAMS 0x0000000086f00000, 0x0000000086e00000| Complete 
| 111|0x0000000086f00000, 0x0000000087000000, 0x0000000087000000|100%|HS|  |TAMS 0x0000000087000000, 0x0000000086f00000| Complete 
| 112|0x0000000087000000, 0x0000000087100000, 0x0000000087100000|100%|HC|  |TAMS 0x0000000087100000, 0x0000000087000000| Complete 
| 113|0x0000000087100000, 0x0000000087200000, 0x0000000087200000|100%|HC|  |TAMS 0x0000000087200000, 0x0000000087100000| Complete 
| 114|0x0000000087200000, 0x0000000087300000, 0x0000000087300000|100%|HS|  |TAMS 0x0000000087300000, 0x0000000087200000| Complete 
| 115|0x0000000087300000, 0x0000000087400000, 0x0000000087400000|100%|HC|  |TAMS 0x0000000087400000, 0x0000000087300000| Complete 
| 116|0x0000000087400000, 0x0000000087500000, 0x0000000087500000|100%|HC|  |TAMS 0x0000000087500000, 0x0000000087400000| Complete 
| 117|0x0000000087500000, 0x0000000087600000, 0x0000000087600000|100%|HC|  |TAMS 0x0000000087600000, 0x0000000087500000| Complete 
| 118|0x0000000087600000, 0x0000000087700000, 0x0000000087700000|100%| O|  |TAMS 0x0000000087700000, 0x0000000087600000| Untracked 
| 119|0x0000000087700000, 0x0000000087800000, 0x0000000087800000|100%| O|  |TAMS 0x0000000087800000, 0x0000000087700000| Untracked 
| 120|0x0000000087800000, 0x0000000087900000, 0x0000000087900000|100%| O|  |TAMS 0x0000000087900000, 0x0000000087800000| Untracked 
| 121|0x0000000087900000, 0x0000000087a00000, 0x0000000087a00000|100%|HS|  |TAMS 0x0000000087a00000, 0x0000000087900000| Complete 
| 122|0x0000000087a00000, 0x0000000087b00000, 0x0000000087b00000|100%| O|  |TAMS 0x0000000087a43a00, 0x0000000087a00000| Untracked 
| 123|0x0000000087b00000, 0x0000000087b00000, 0x0000000087c00000|  0%| F|  |TAMS 0x0000000087b00000, 0x0000000087b00000| Untracked 
| 124|0x0000000087c00000, 0x0000000087cc9200, 0x0000000087d00000| 78%| O|  |TAMS 0x0000000087c00000, 0x0000000087c00000| Untracked 
| 125|0x0000000087d00000, 0x0000000087d00000, 0x0000000087e00000|  0%| F|  |TAMS 0x0000000087d00000, 0x0000000087d00000| Untracked 
| 126|0x0000000087e00000, 0x0000000087e00000, 0x0000000087f00000|  0%| F|  |TAMS 0x0000000087e00000, 0x0000000087e00000| Untracked 
| 127|0x0000000087f00000, 0x0000000087f00000, 0x0000000088000000|  0%| F|  |TAMS 0x0000000087f00000, 0x0000000087f00000| Untracked 
| 128|0x0000000088000000, 0x0000000088100000, 0x0000000088100000|100%|HS|  |TAMS 0x0000000088100000, 0x0000000088000000| Complete 
| 129|0x0000000088100000, 0x0000000088200000, 0x0000000088200000|100%|HC|  |TAMS 0x0000000088200000, 0x0000000088100000| Complete 
| 130|0x0000000088200000, 0x0000000088300000, 0x0000000088300000|100%|HC|  |TAMS 0x0000000088300000, 0x0000000088200000| Complete 
| 131|0x0000000088300000, 0x0000000088400000, 0x0000000088400000|100%|HC|  |TAMS 0x0000000088400000, 0x0000000088300000| Complete 
| 132|0x0000000088400000, 0x0000000088500000, 0x0000000088500000|100%|HC|  |TAMS 0x0000000088500000, 0x0000000088400000| Complete 
| 133|0x0000000088500000, 0x0000000088500000, 0x0000000088600000|  0%| F|  |TAMS 0x0000000088500000, 0x0000000088500000| Untracked 
| 134|0x0000000088600000, 0x0000000088700000, 0x0000000088700000|100%| O|  |TAMS 0x0000000088700000, 0x0000000088600000| Untracked 
| 135|0x0000000088700000, 0x0000000088800000, 0x0000000088800000|100%| O|  |TAMS 0x0000000088800000, 0x0000000088700000| Untracked 
| 136|0x0000000088800000, 0x0000000088900000, 0x0000000088900000|100%| O|  |TAMS 0x0000000088900000, 0x0000000088800000| Untracked 
| 137|0x0000000088900000, 0x0000000088900000, 0x0000000088a00000|  0%| F|  |TAMS 0x0000000088900000, 0x0000000088900000| Untracked 
| 138|0x0000000088a00000, 0x0000000088a00000, 0x0000000088b00000|  0%| F|  |TAMS 0x0000000088a00000, 0x0000000088a00000| Untracked 
| 139|0x0000000088b00000, 0x0000000088b00000, 0x0000000088c00000|  0%| F|  |TAMS 0x0000000088b00000, 0x0000000088b00000| Untracked 
| 140|0x0000000088c00000, 0x0000000088c00000, 0x0000000088d00000|  0%| F|  |TAMS 0x0000000088c00000, 0x0000000088c00000| Untracked 
| 141|0x0000000088d00000, 0x0000000088d00000, 0x0000000088e00000|  0%| F|  |TAMS 0x0000000088d00000, 0x0000000088d00000| Untracked 
| 142|0x0000000088e00000, 0x0000000088e00000, 0x0000000088f00000|  0%| F|  |TAMS 0x0000000088e00000, 0x0000000088e00000| Untracked 
| 143|0x0000000088f00000, 0x0000000088f00000, 0x0000000089000000|  0%| F|  |TAMS 0x0000000088f00000, 0x0000000088f00000| Untracked 
| 144|0x0000000089000000, 0x0000000089000000, 0x0000000089100000|  0%| F|  |TAMS 0x0000000089000000, 0x0000000089000000| Untracked 
| 145|0x0000000089100000, 0x0000000089100000, 0x0000000089200000|  0%| F|  |TAMS 0x0000000089100000, 0x0000000089100000| Untracked 
| 146|0x0000000089200000, 0x0000000089200000, 0x0000000089300000|  0%| F|  |TAMS 0x0000000089200000, 0x0000000089200000| Untracked 
| 147|0x0000000089300000, 0x0000000089300000, 0x0000000089400000|  0%| F|  |TAMS 0x0000000089300000, 0x0000000089300000| Untracked 
| 148|0x0000000089400000, 0x0000000089400000, 0x0000000089500000|  0%| F|  |TAMS 0x0000000089400000, 0x0000000089400000| Untracked 
| 149|0x0000000089500000, 0x0000000089500000, 0x0000000089600000|  0%| F|  |TAMS 0x0000000089500000, 0x0000000089500000| Untracked 
| 150|0x0000000089600000, 0x0000000089600000, 0x0000000089700000|  0%| F|  |TAMS 0x0000000089600000, 0x0000000089600000| Untracked 
| 151|0x0000000089700000, 0x0000000089700000, 0x0000000089800000|  0%| F|  |TAMS 0x0000000089700000, 0x0000000089700000| Untracked 
| 152|0x0000000089800000, 0x0000000089800000, 0x0000000089900000|  0%| F|  |TAMS 0x0000000089800000, 0x0000000089800000| Untracked 
| 153|0x0000000089900000, 0x0000000089900000, 0x0000000089a00000|  0%| F|  |TAMS 0x0000000089900000, 0x0000000089900000| Untracked 
| 154|0x0000000089a00000, 0x0000000089a00000, 0x0000000089b00000|  0%| F|  |TAMS 0x0000000089a00000, 0x0000000089a00000| Untracked 
| 155|0x0000000089b00000, 0x0000000089b00000, 0x0000000089c00000|  0%| F|  |TAMS 0x0000000089b00000, 0x0000000089b00000| Untracked 
| 156|0x0000000089c00000, 0x0000000089c00000, 0x0000000089d00000|  0%| F|  |TAMS 0x0000000089c00000, 0x0000000089c00000| Untracked 
| 157|0x0000000089d00000, 0x0000000089d00000, 0x0000000089e00000|  0%| F|  |TAMS 0x0000000089d00000, 0x0000000089d00000| Untracked 
| 158|0x0000000089e00000, 0x0000000089e00000, 0x0000000089f00000|  0%| F|  |TAMS 0x0000000089e00000, 0x0000000089e00000| Untracked 
| 159|0x0000000089f00000, 0x0000000089f00000, 0x000000008a000000|  0%| F|  |TAMS 0x0000000089f00000, 0x0000000089f00000| Untracked 
| 160|0x000000008a000000, 0x000000008a000000, 0x000000008a100000|  0%| F|  |TAMS 0x000000008a000000, 0x000000008a000000| Untracked 
| 161|0x000000008a100000, 0x000000008a100000, 0x000000008a200000|  0%| F|  |TAMS 0x000000008a100000, 0x000000008a100000| Untracked 
| 162|0x000000008a200000, 0x000000008a200000, 0x000000008a300000|  0%| F|  |TAMS 0x000000008a200000, 0x000000008a200000| Untracked 
| 163|0x000000008a300000, 0x000000008a300000, 0x000000008a400000|  0%| F|  |TAMS 0x000000008a300000, 0x000000008a300000| Untracked 
| 164|0x000000008a400000, 0x000000008a400000, 0x000000008a500000|  0%| F|  |TAMS 0x000000008a400000, 0x000000008a400000| Untracked 
| 165|0x000000008a500000, 0x000000008a500000, 0x000000008a600000|  0%| F|  |TAMS 0x000000008a500000, 0x000000008a500000| Untracked 
| 166|0x000000008a600000, 0x000000008a680d90, 0x000000008a700000| 50%| S|CS|TAMS 0x000000008a600000, 0x000000008a600000| Complete 
| 167|0x000000008a700000, 0x000000008a700000, 0x000000008a800000|  0%| F|  |TAMS 0x000000008a700000, 0x000000008a700000| Untracked 
| 168|0x000000008a800000, 0x000000008a800000, 0x000000008a900000|  0%| F|  |TAMS 0x000000008a800000, 0x000000008a800000| Untracked 
| 169|0x000000008a900000, 0x000000008aa00000, 0x000000008aa00000|100%| S|CS|TAMS 0x000000008a900000, 0x000000008a900000| Complete 
| 170|0x000000008aa00000, 0x000000008aa00000, 0x000000008ab00000|  0%| F|  |TAMS 0x000000008aa00000, 0x000000008aa00000| Untracked 
| 171|0x000000008ab00000, 0x000000008ab00000, 0x000000008ac00000|  0%| F|  |TAMS 0x000000008ab00000, 0x000000008ab00000| Untracked 
| 172|0x000000008ac00000, 0x000000008ac00000, 0x000000008ad00000|  0%| F|  |TAMS 0x000000008ac00000, 0x000000008ac00000| Untracked 
| 173|0x000000008ad00000, 0x000000008ad00000, 0x000000008ae00000|  0%| F|  |TAMS 0x000000008ad00000, 0x000000008ad00000| Untracked 
| 174|0x000000008ae00000, 0x000000008ae00000, 0x000000008af00000|  0%| F|  |TAMS 0x000000008ae00000, 0x000000008ae00000| Untracked 
| 175|0x000000008af00000, 0x000000008af00000, 0x000000008b000000|  0%| F|  |TAMS 0x000000008af00000, 0x000000008af00000| Untracked 
| 176|0x000000008b000000, 0x000000008b000000, 0x000000008b100000|  0%| F|  |TAMS 0x000000008b000000, 0x000000008b000000| Untracked 
| 177|0x000000008b100000, 0x000000008b100000, 0x000000008b200000|  0%| F|  |TAMS 0x000000008b100000, 0x000000008b100000| Untracked 
| 178|0x000000008b200000, 0x000000008b200000, 0x000000008b300000|  0%| F|  |TAMS 0x000000008b200000, 0x000000008b200000| Untracked 
| 179|0x000000008b300000, 0x000000008b300000, 0x000000008b400000|  0%| F|  |TAMS 0x000000008b300000, 0x000000008b300000| Untracked 
| 180|0x000000008b400000, 0x000000008b400000, 0x000000008b500000|  0%| F|  |TAMS 0x000000008b400000, 0x000000008b400000| Untracked 
| 181|0x000000008b500000, 0x000000008b500000, 0x000000008b600000|  0%| F|  |TAMS 0x000000008b500000, 0x000000008b500000| Untracked 
| 182|0x000000008b600000, 0x000000008b600000, 0x000000008b700000|  0%| F|  |TAMS 0x000000008b600000, 0x000000008b600000| Untracked 
| 183|0x000000008b700000, 0x000000008b700000, 0x000000008b800000|  0%| F|  |TAMS 0x000000008b700000, 0x000000008b700000| Untracked 
| 184|0x000000008b800000, 0x000000008b800000, 0x000000008b900000|  0%| F|  |TAMS 0x000000008b800000, 0x000000008b800000| Untracked 
| 185|0x000000008b900000, 0x000000008b900000, 0x000000008ba00000|  0%| F|  |TAMS 0x000000008b900000, 0x000000008b900000| Untracked 
| 186|0x000000008ba00000, 0x000000008ba00000, 0x000000008bb00000|  0%| F|  |TAMS 0x000000008ba00000, 0x000000008ba00000| Untracked 
| 187|0x000000008bb00000, 0x000000008bb00000, 0x000000008bc00000|  0%| F|  |TAMS 0x000000008bb00000, 0x000000008bb00000| Untracked 
| 188|0x000000008bc00000, 0x000000008bc00000, 0x000000008bd00000|  0%| F|  |TAMS 0x000000008bc00000, 0x000000008bc00000| Untracked 
| 189|0x000000008bd00000, 0x000000008bd00000, 0x000000008be00000|  0%| F|  |TAMS 0x000000008bd00000, 0x000000008bd00000| Untracked 
| 190|0x000000008be00000, 0x000000008be00000, 0x000000008bf00000|  0%| F|  |TAMS 0x000000008be00000, 0x000000008be00000| Untracked 
| 191|0x000000008bf00000, 0x000000008bf00000, 0x000000008c000000|  0%| F|  |TAMS 0x000000008bf00000, 0x000000008bf00000| Untracked 
| 192|0x000000008c000000, 0x000000008c000000, 0x000000008c100000|  0%| F|  |TAMS 0x000000008c000000, 0x000000008c000000| Untracked 
| 193|0x000000008c100000, 0x000000008c100000, 0x000000008c200000|  0%| F|  |TAMS 0x000000008c100000, 0x000000008c100000| Untracked 
| 194|0x000000008c200000, 0x000000008c200000, 0x000000008c300000|  0%| F|  |TAMS 0x000000008c200000, 0x000000008c200000| Untracked 
| 195|0x000000008c300000, 0x000000008c300000, 0x000000008c400000|  0%| F|  |TAMS 0x000000008c300000, 0x000000008c300000| Untracked 
| 196|0x000000008c400000, 0x000000008c400000, 0x000000008c500000|  0%| F|  |TAMS 0x000000008c400000, 0x000000008c400000| Untracked 
| 197|0x000000008c500000, 0x000000008c500000, 0x000000008c600000|  0%| F|  |TAMS 0x000000008c500000, 0x000000008c500000| Untracked 

Card table byte_map: [0x000001b3e4710000,0x000001b3e4b10000] _byte_map_base: 0x000001b3e4310000

Marking Bits (Prev, Next): (CMBitMap*) 0x000001b3d183f240, (CMBitMap*) 0x000001b3d183f208
 Prev Bits: [0x000001b3e6f10000, 0x000001b3e8f10000)
 Next Bits: [0x000001b3e4f10000, 0x000001b3e6f10000)

Polling page: 0x000001b3cf620000

Metaspace:

Usage:
  Non-class:     75.18 MB capacity,    73.73 MB ( 98%) used,     1.22 MB (  2%) free+waste,   241.50 KB ( <1%) overhead. 
      Class:     11.78 MB capacity,    10.95 MB ( 93%) used,   744.76 KB (  6%) free+waste,   112.19 KB ( <1%) overhead. 
       Both:     86.96 MB capacity,    84.67 MB ( 97%) used,     1.95 MB (  2%) free+waste,   353.69 KB ( <1%) overhead. 

Virtual space:
  Non-class space:       76.00 MB reserved,      75.36 MB (>99%) committed 
      Class space:        1.00 GB reserved,      11.88 MB (  1%) committed 
             Both:        1.07 GB reserved,      87.24 MB (  8%) committed 

Chunk freelists:
   Non-Class:  58.00 KB
       Class:  0 bytes
        Both:  58.00 KB

MaxMetaspaceSize: 17179869184.00 GB
CompressedClassSpaceSize: 1.00 GB
Initial GC threshold: 20.80 MB
Current GC threshold: 139.98 MB
CDS: off

CodeHeap 'non-profiled nmethods': size=120064Kb used=5692Kb max_used=5692Kb free=114371Kb
 bounds [0x000001b3dcdd0000, 0x000001b3dd360000, 0x000001b3e4310000]
CodeHeap 'profiled nmethods': size=120000Kb used=20021Kb max_used=20021Kb free=99978Kb
 bounds [0x000001b3d58a0000, 0x000001b3d6c30000, 0x000001b3dcdd0000]
CodeHeap 'non-nmethods': size=5696Kb used=2365Kb max_used=2436Kb free=3330Kb
 bounds [0x000001b3d5310000, 0x000001b3d5580000, 0x000001b3d58a0000]
 total_blobs=9860 nmethods=8973 adapters=799
 compilation: enabled
              stopped_count=0, restarted_count=0
 full_count=0

Compilation events (20 events):
Event: 82.527 Thread 0x000001b3eb426800 9050       3       jdk.internal.reflect.ClassFileAssembler::getMaxStack (6 bytes)
Event: 82.527 Thread 0x000001b3eb426800 nmethod 9050 0x000001b3d6c26710 code [0x000001b3d6c268c0, 0x000001b3d6c269d8]
Event: 82.527 Thread 0x000001b3eb426800 9054       3       com.sun.xml.bind.v2.model.nav.ReflectionNavigator::getMethodParameters (9 bytes)
Event: 82.528 Thread 0x000001b3eb426800 nmethod 9054 0x000001b3d6c26a90 code [0x000001b3d6c26cc0, 0x000001b3d6c27428]
Event: 82.528 Thread 0x000001b3eb426800 9055       3       com.sun.xml.bind.v2.model.nav.ReflectionNavigator::getMethodParameters (5 bytes)
Event: 82.564 Thread 0x000001b3eb426800 nmethod 9055 0x000001b3d6c27690 code [0x000001b3d6c278e0, 0x000001b3d6c281d8]
Event: 82.564 Thread 0x000001b3eb426800 9056       3       com.sun.xml.bind.v2.model.nav.ReflectionNavigator::isBridgeMethod (9 bytes)
Event: 82.565 Thread 0x000001b3eb426800 nmethod 9056 0x000001b3d6c28490 code [0x000001b3d6c28660, 0x000001b3d6c28998]
Event: 82.574 Thread 0x000001b3eb426800 9057   !   3       com.sun.xml.bind.v2.model.annotation.LocatableAnnotation::create (106 bytes)
Event: 82.577 Thread 0x000001b3eb426800 nmethod 9057 0x000001b3d6c28a90 code [0x000001b3d6c28e40, 0x000001b3d6c2a788]
Event: 82.577 Thread 0x000001b3eb426800 9058       3       java.lang.Package::hashCode (8 bytes)
Event: 82.577 Thread 0x000001b3eb426800 nmethod 9058 0x000001b3d6c2b090 code [0x000001b3d6c2b240, 0x000001b3d6c2b408]
Event: 82.577 Thread 0x000001b3eb426800 9059       1       java.lang.reflect.Field::getGenericSignature (5 bytes)
Event: 82.577 Thread 0x000001b3eb426800 nmethod 9059 0x000001b3dd35ef10 code [0x000001b3dd35f0c0, 0x000001b3dd35f178]
Event: 82.579 Thread 0x000001b3eb426800 9060       3       java.lang.reflect.AccessibleObject::isAnnotationPresent (6 bytes)
Event: 82.579 Thread 0x000001b3eb426800 nmethod 9060 0x000001b3d6c2b510 code [0x000001b3d6c2b6e0, 0x000001b3d6c2b948]
Event: 82.579 Thread 0x000001b3eb426800 9061       3       java.lang.ClassLoader::definePackage (29 bytes)
Event: 82.580 Thread 0x000001b3eb426800 nmethod 9061 0x000001b3d6c2ba10 code [0x000001b3d6c2bc00, 0x000001b3d6c2bf08]
Event: 82.580 Thread 0x000001b3eb426800 9062       3       com.sun.xml.bind.v2.model.nav.TypeVisitor::visit (125 bytes)
Event: 82.581 Thread 0x000001b3eb426800 nmethod 9062 0x000001b3d6c2c010 code [0x000001b3d6c2c2a0, 0x000001b3d6c2d358]

GC Heap History (20 events):
Event: 76.303 GC heap after
{Heap after GC invocations=47 (full 0):
 garbage-first heap   total 139264K, used 132673K [0x0000000080000000, 0x0000000100000000)
  region size 1024K, 1 young (1024K), 1 survivors (1024K)
 Metaspace       used 78218K, capacity 80485K, committed 80756K, reserved 1120256K
  class space    used 10157K, capacity 10946K, committed 11008K, reserved 1048576K
}
Event: 76.561 GC heap before
{Heap before GC invocations=47 (full 0):
 garbage-first heap   total 139264K, used 137793K [0x0000000080000000, 0x0000000100000000)
  region size 1024K, 6 young (6144K), 1 survivors (1024K)
 Metaspace       used 78599K, capacity 80902K, committed 81140K, reserved 1120256K
  class space    used 10213K, capacity 11021K, committed 11136K, reserved 1048576K
}
Event: 76.566 GC heap after
{Heap after GC invocations=48 (full 0):
 garbage-first heap   total 140288K, used 133155K [0x0000000080000000, 0x0000000100000000)
  region size 1024K, 1 young (1024K), 1 survivors (1024K)
 Metaspace       used 78599K, capacity 80902K, committed 81140K, reserved 1120256K
  class space    used 10213K, capacity 11021K, committed 11136K, reserved 1048576K
}
Event: 76.796 GC heap before
{Heap before GC invocations=48 (full 0):
 garbage-first heap   total 140288K, used 138275K [0x0000000080000000, 0x0000000100000000)
  region size 1024K, 6 young (6144K), 1 survivors (1024K)
 Metaspace       used 78707K, capacity 81039K, committed 81396K, reserved 1120256K
  class space    used 10225K, capacity 11025K, committed 11136K, reserved 1048576K
}
Event: 76.801 GC heap after
{Heap after GC invocations=49 (full 0):
 garbage-first heap   total 168960K, used 133328K [0x0000000080000000, 0x0000000100000000)
  region size 1024K, 1 young (1024K), 1 survivors (1024K)
 Metaspace       used 78707K, capacity 81039K, committed 81396K, reserved 1120256K
  class space    used 10225K, capacity 11025K, committed 11136K, reserved 1048576K
}
Event: 77.041 GC heap before
{Heap before GC invocations=50 (full 0):
 garbage-first heap   total 168960K, used 141520K [0x0000000080000000, 0x0000000100000000)
  region size 1024K, 9 young (9216K), 1 survivors (1024K)
 Metaspace       used 78854K, capacity 81319K, committed 81396K, reserved 1120256K
  class space    used 10242K, capacity 11093K, committed 11136K, reserved 1048576K
}
Event: 77.045 GC heap after
{Heap after GC invocations=51 (full 0):
 garbage-first heap   total 168960K, used 133563K [0x0000000080000000, 0x0000000100000000)
  region size 1024K, 1 young (1024K), 1 survivors (1024K)
 Metaspace       used 78854K, capacity 81319K, committed 81396K, reserved 1120256K
  class space    used 10242K, capacity 11093K, committed 11136K, reserved 1048576K
}
Event: 77.151 GC heap before
{Heap before GC invocations=51 (full 0):
 garbage-first heap   total 168960K, used 142779K [0x0000000080000000, 0x0000000100000000)
  region size 1024K, 10 young (10240K), 1 survivors (1024K)
 Metaspace       used 79106K, capacity 81543K, committed 81652K, reserved 1120256K
  class space    used 10269K, capacity 11125K, committed 11136K, reserved 1048576K
}
Event: 77.155 GC heap after
{Heap after GC invocations=52 (full 0):
 garbage-first heap   total 168960K, used 133617K [0x0000000080000000, 0x0000000100000000)
  region size 1024K, 1 young (1024K), 1 survivors (1024K)
 Metaspace       used 79106K, capacity 81543K, committed 81652K, reserved 1120256K
  class space    used 10269K, capacity 11125K, committed 11136K, reserved 1048576K
}
Event: 77.479 GC heap before
{Heap before GC invocations=52 (full 0):
 garbage-first heap   total 168960K, used 142833K [0x0000000080000000, 0x0000000100000000)
  region size 1024K, 10 young (10240K), 1 survivors (1024K)
 Metaspace       used 79373K, capacity 81831K, committed 82036K, reserved 1120256K
  class space    used 10302K, capacity 11157K, committed 11264K, reserved 1048576K
}
Event: 77.484 GC heap after
{Heap after GC invocations=53 (full 0):
 garbage-first heap   total 168960K, used 133535K [0x0000000080000000, 0x0000000100000000)
  region size 1024K, 1 young (1024K), 1 survivors (1024K)
 Metaspace       used 79373K, capacity 81831K, committed 82036K, reserved 1120256K
  class space    used 10302K, capacity 11157K, committed 11264K, reserved 1048576K
}
Event: 77.764 GC heap before
{Heap before GC invocations=54 (full 0):
 garbage-first heap   total 168960K, used 143775K [0x0000000080000000, 0x0000000100000000)
  region size 1024K, 11 young (11264K), 1 survivors (1024K)
 Metaspace       used 79651K, capacity 82055K, committed 82292K, reserved 1120256K
  class space    used 10343K, capacity 11189K, committed 11264K, reserved 1048576K
}
Event: 77.769 GC heap after
{Heap after GC invocations=55 (full 0):
 garbage-first heap   total 202752K, used 133792K [0x0000000080000000, 0x0000000100000000)
  region size 1024K, 2 young (2048K), 2 survivors (2048K)
 Metaspace       used 79651K, capacity 82055K, committed 82292K, reserved 1120256K
  class space    used 10343K, capacity 11189K, committed 11264K, reserved 1048576K
}
Event: 78.952 GC heap before
{Heap before GC invocations=55 (full 0):
 garbage-first heap   total 202752K, used 156320K [0x0000000080000000, 0x0000000100000000)
  region size 1024K, 24 young (24576K), 2 survivors (2048K)
 Metaspace       used 80732K, capacity 83046K, committed 83188K, reserved 1122304K
  class space    used 10472K, capacity 11283K, committed 11392K, reserved 1048576K
}
Event: 78.969 GC heap after
{Heap after GC invocations=56 (full 0):
 garbage-first heap   total 202752K, used 134966K [0x0000000080000000, 0x0000000100000000)
  region size 1024K, 3 young (3072K), 3 survivors (3072K)
 Metaspace       used 80732K, capacity 83046K, committed 83188K, reserved 1122304K
  class space    used 10472K, capacity 11283K, committed 11392K, reserved 1048576K
}
Event: 80.318 GC heap before
{Heap before GC invocations=57 (full 0):
 garbage-first heap   total 202752K, used 158518K [0x0000000080000000, 0x0000000100000000)
  region size 1024K, 26 young (26624K), 3 survivors (3072K)
 Metaspace       used 81753K, capacity 84125K, committed 84340K, reserved 1122304K
  class space    used 10615K, capacity 11449K, committed 11520K, reserved 1048576K
}
Event: 80.327 GC heap after
{Heap after GC invocations=58 (full 0):
 garbage-first heap   total 202752K, used 135521K [0x0000000080000000, 0x0000000100000000)
  region size 1024K, 3 young (3072K), 3 survivors (3072K)
 Metaspace       used 81753K, capacity 84125K, committed 84340K, reserved 1122304K
  class space    used 10615K, capacity 11449K, committed 11520K, reserved 1048576K
}
Event: 80.640 GC heap before
{Heap before GC invocations=58 (full 0):
 garbage-first heap   total 202752K, used 161121K [0x0000000080000000, 0x0000000100000000)
  region size 1024K, 28 young (28672K), 3 survivors (3072K)
 Metaspace       used 82566K, capacity 84925K, committed 85236K, reserved 1122304K
  class space    used 10715K, capacity 11545K, committed 11648K, reserved 1048576K
}
Event: 80.648 GC heap after
{Heap after GC invocations=59 (full 0):
 garbage-first heap   total 202752K, used 135749K [0x0000000080000000, 0x0000000100000000)
  region size 1024K, 3 young (3072K), 3 survivors (3072K)
 Metaspace       used 82566K, capacity 84925K, committed 85236K, reserved 1122304K
  class space    used 10715K, capacity 11545K, committed 11648K, reserved 1048576K
}
Event: 82.581 GC heap before
{Heap before GC invocations=60 (full 0):
 garbage-first heap   total 202752K, used 163397K [0x0000000080000000, 0x0000000100000000)
  region size 1024K, 30 young (30720K), 3 survivors (3072K)
 Metaspace       used 86704K, capacity 89051K, committed 89332K, reserved 1126400K
  class space    used 11208K, capacity 12065K, committed 12160K, reserved 1048576K
}

Deoptimization events (20 events):
Event: 81.127 Thread 0x000001b3edfec000 Uncommon trap: trap_request=0xffffffde fr.pc=0x000001b3dd0db460 relative=0x0000000000000540
Event: 81.127 Thread 0x000001b3edfec000 Uncommon trap: reason=class_check action=maybe_recompile pc=0x000001b3dd0db460 method=java.util.regex.Matcher.search(I)Z @ 121 c2
Event: 81.127 Thread 0x000001b3edfec000 DEOPT PACKING pc=0x000001b3dd0db460 sp=0x00000065066faf60
Event: 81.127 Thread 0x000001b3edfec000 DEOPT UNPACKING pc=0x000001b3d535a1af sp=0x00000065066faf20 mode 2
Event: 81.493 Thread 0x000001b3edfec000 Uncommon trap: trap_request=0xffffff4d fr.pc=0x000001b3dd0da8c4 relative=0x00000000000000a4
Event: 81.493 Thread 0x000001b3edfec000 Uncommon trap: reason=unstable_if action=reinterpret pc=0x000001b3dd0da8c4 method=java.lang.CharacterDataLatin1.digit(II)I @ 12 c2
Event: 81.493 Thread 0x000001b3edfec000 DEOPT PACKING pc=0x000001b3dd0da8c4 sp=0x00000065066fa5e0
Event: 81.493 Thread 0x000001b3edfec000 DEOPT UNPACKING pc=0x000001b3d535a1af sp=0x00000065066fa558 mode 2
Event: 81.668 Thread 0x000001b3edfec000 Uncommon trap: trap_request=0xffffff4d fr.pc=0x000001b3dd04f154 relative=0x0000000000001b34
Event: 81.668 Thread 0x000001b3edfec000 Uncommon trap: reason=unstable_if action=reinterpret pc=0x000001b3dd04f154 method=sun.nio.fs.WindowsPathParser.normalize(Ljava/lang/StringBuilder;Ljava/lang/String;I)Ljava/lang/String; @ 172 c2
Event: 81.668 Thread 0x000001b3edfec000 DEOPT PACKING pc=0x000001b3dd04f154 sp=0x00000065066f9410
Event: 81.668 Thread 0x000001b3edfec000 DEOPT UNPACKING pc=0x000001b3d535a1af sp=0x00000065066f9400 mode 2
Event: 82.274 Thread 0x000001b3edfec000 Uncommon trap: trap_request=0xffffffde fr.pc=0x000001b3dd11a47c relative=0x000000000000197c
Event: 82.274 Thread 0x000001b3edfec000 Uncommon trap: reason=class_check action=maybe_recompile pc=0x000001b3dd11a47c method=java.lang.Class.createAnnotationData(I)Ljava/lang/Class$AnnotationData; @ 103 c2
Event: 82.274 Thread 0x000001b3edfec000 DEOPT PACKING pc=0x000001b3dd11a47c sp=0x00000065066f8820
Event: 82.274 Thread 0x000001b3edfec000 DEOPT UNPACKING pc=0x000001b3d535a1af sp=0x00000065066f86a8 mode 2
Event: 82.421 Thread 0x000001b3edfec000 Uncommon trap: trap_request=0xfffffff4 fr.pc=0x000001b3dd11a610 relative=0x0000000000001b10
Event: 82.421 Thread 0x000001b3edfec000 Uncommon trap: reason=null_check action=make_not_entrant pc=0x000001b3dd11a610 method=java.lang.Class.createAnnotationData(I)Ljava/lang/Class$AnnotationData; @ 14 c2
Event: 82.421 Thread 0x000001b3edfec000 DEOPT PACKING pc=0x000001b3dd11a610 sp=0x00000065066f8020
Event: 82.421 Thread 0x000001b3edfec000 DEOPT UNPACKING pc=0x000001b3d535a1af sp=0x00000065066f7fd0 mode 2

Classes redefined (0 events):
No events

Internal exceptions (20 events):
Event: 78.738 Thread 0x000001b3edfec000 Exception <a 'java/lang/ClassNotFoundException'{0x000000008b4681c8}: org/gradle/api/internal/tasks/DefaultTaskCollectionCustomizer> (0x000000008b4681c8) thrown at [./src/hotspot/share/classfile/systemDictionary.cpp, line 231]
Event: 78.740 Thread 0x000001b3edfec000 Exception <a 'java/lang/ClassNotFoundException'{0x000000008b4a86e8}: org/gradle/api/internal/tasks/DefaultTaskContainerCustomizer> (0x000000008b4a86e8) thrown at [./src/hotspot/share/classfile/systemDictionary.cpp, line 231]
Event: 78.746 Thread 0x000001b3edfec000 Exception <a 'java/lang/ClassNotFoundException'{0x000000008b30a380}: org/gradle/api/internal/tasks/DefaultTaskContainer_DecoratedCustomizer> (0x000000008b30a380) thrown at [./src/hotspot/share/classfile/systemDictionary.cpp, line 231]
Event: 78.771 Thread 0x000001b3edfec000 Exception <a 'java/lang/ClassNotFoundException'{0x000000008b2946a0}: java/util/ArrayListBeanInfo> (0x000000008b2946a0) thrown at [./src/hotspot/share/classfile/systemDictionary.cpp, line 231]
Event: 78.771 Thread 0x000001b3edfec000 Exception <a 'java/lang/ClassNotFoundException'{0x000000008b29d960}: java/util/AbstractListBeanInfo> (0x000000008b29d960) thrown at [./src/hotspot/share/classfile/systemDictionary.cpp, line 231]
Event: 78.773 Thread 0x000001b3edfec000 Exception <a 'java/lang/ClassNotFoundException'{0x000000008b2a6c30}: java/util/AbstractListCustomizer> (0x000000008b2a6c30) thrown at [./src/hotspot/share/classfile/systemDictionary.cpp, line 231]
Event: 78.775 Thread 0x000001b3edfec000 Exception <a 'java/lang/ClassNotFoundException'{0x000000008b2ba918}: java/util/ArrayListCustomizer> (0x000000008b2ba918) thrown at [./src/hotspot/share/classfile/systemDictionary.cpp, line 231]
Event: 78.825 Thread 0x000001b3edfec000 Exception <a 'java/lang/ClassNotFoundException'{0x000000008b156760}: java/util/CollectionBeanInfo> (0x000000008b156760) thrown at [./src/hotspot/share/classfile/systemDictionary.cpp, line 231]
Event: 78.825 Thread 0x000001b3edfec000 Exception <a 'java/lang/ClassNotFoundException'{0x000000008b15f9f0}: java/util/CollectionCustomizer> (0x000000008b15f9f0) thrown at [./src/hotspot/share/classfile/systemDictionary.cpp, line 231]
Event: 78.885 Thread 0x000001b3edfec000 Exception <a 'java/lang/ClassNotFoundException'{0x000000008b1e4d88}: org/gradle/api/tasks/SourceSetBeanInfo> (0x000000008b1e4d88) thrown at [./src/hotspot/share/classfile/systemDictionary.cpp, line 231]
Event: 78.887 Thread 0x000001b3edfec000 Exception <a 'java/lang/ClassNotFoundException'{0x000000008b0011e8}: org/gradle/api/tasks/SourceSetCustomizer> (0x000000008b0011e8) thrown at [./src/hotspot/share/classfile/systemDictionary.cpp, line 231]
Event: 78.896 Thread 0x000001b3edfec000 Exception <a 'java/lang/ClassNotFoundException'{0x000000008b07b540}: java/util/LinkedHashMapBeanInfo> (0x000000008b07b540) thrown at [./src/hotspot/share/classfile/systemDictionary.cpp, line 231]
Event: 78.935 Thread 0x000001b3edfec000 Exception <a 'java/lang/ClassNotFoundException'{0x000000008b083ef0}: java/util/HashMapBeanInfo> (0x000000008b083ef0) thrown at [./src/hotspot/share/classfile/systemDictionary.cpp, line 231]
Event: 78.936 Thread 0x000001b3edfec000 Exception <a 'java/lang/ClassNotFoundException'{0x000000008b08d900}: java/util/AbstractMapBeanInfo> (0x000000008b08d900) thrown at [./src/hotspot/share/classfile/systemDictionary.cpp, line 231]
Event: 78.938 Thread 0x000001b3edfec000 Exception <a 'java/lang/ClassNotFoundException'{0x000000008b096bd0}: java/util/AbstractMapCustomizer> (0x000000008b096bd0) thrown at [./src/hotspot/share/classfile/systemDictionary.cpp, line 231]
Event: 78.939 Thread 0x000001b3edfec000 Exception <a 'java/lang/ClassNotFoundException'{0x000000008b0a99e0}: java/util/HashMapCustomizer> (0x000000008b0a99e0) thrown at [./src/hotspot/share/classfile/systemDictionary.cpp, line 231]
Event: 78.941 Thread 0x000001b3edfec000 Exception <a 'java/lang/ClassNotFoundException'{0x000000008b0ca9b8}: java/util/LinkedHashMapCustomizer> (0x000000008b0ca9b8) thrown at [./src/hotspot/share/classfile/systemDictionary.cpp, line 231]
Event: 81.548 Thread 0x000001b3edfec000 Exception <a 'sun/nio/fs/WindowsException'{0x000000008bc16788}> (0x000000008bc16788) thrown at [./src/hotspot/share/prims/jni.cpp, line 616]
Event: 82.045 Thread 0x000001b3edfec000 Exception <a 'java/lang/NullPointerException'{0x000000008b395ed0}> (0x000000008b395ed0) thrown at [./src/hotspot/share/interpreter/linkResolver.cpp, line 1440]
Event: 82.421 Thread 0x000001b3edfec000 Implicit null exception at 0x000001b3dd118beb to 0x000001b3dd11a5e8

Events (20 events):
Event: 82.502 loading class com/android/repository/impl/meta/TrimStringAdapter done
Event: 82.503 loading class javax/xml/bind/annotation/adapters/XmlAdapter
Event: 82.503 loading class javax/xml/bind/annotation/adapters/XmlAdapter done
Event: 82.506 loading class com/sun/xml/bind/v2/model/core/Adapter
Event: 82.506 loading class com/sun/xml/bind/v2/model/core/Adapter done
Event: 82.508 loading class com/sun/xml/bind/v2/runtime/reflect/Utils
Event: 82.508 loading class com/sun/xml/bind/v2/runtime/reflect/Utils done
Event: 82.508 loading class com/sun/xml/bind/v2/runtime/reflect/Utils$1
Event: 82.508 loading class com/sun/xml/bind/v2/runtime/reflect/Utils$1 done
Event: 82.510 loading class javax/xml/bind/annotation/adapters/CollapsedStringAdapter
Event: 82.510 loading class javax/xml/bind/annotation/adapters/CollapsedStringAdapter done
Event: 82.513 loading class javax/xml/bind/annotation/XmlSchemaType$DEFAULT
Event: 82.513 loading class javax/xml/bind/annotation/XmlSchemaType$DEFAULT done
Event: 82.517 loading class com/sun/xml/bind/v2/model/impl/AttributePropertyInfoImpl$1
Event: 82.517 loading class com/sun/xml/bind/v2/model/impl/AttributePropertyInfoImpl$1 done
Event: 82.523 loading class com/android/repository/api/RepositorySource
Event: 82.523 loading class com/android/repository/api/RepositorySource done
Event: 82.565 loading class com/sun/xml/bind/v2/model/impl/GetterSetterPropertySeed
Event: 82.565 loading class com/sun/xml/bind/v2/model/impl/GetterSetterPropertySeed done
Event: 82.581 Executing VM operation: G1CollectForAllocation


Dynamic libraries:
0x00007ff6fb550000 - 0x00007ff6fb55a000 	C:\Program Files\Android\Android Studio\jre\bin\java.exe
0x00007ffed7200000 - 0x00007ffed73f0000 	C:\Windows\SYSTEM32\ntdll.dll
0x00007ffed6200000 - 0x00007ffed62b2000 	C:\Windows\System32\KERNEL32.DLL
0x00007ffed4f70000 - 0x00007ffed5215000 	C:\Windows\System32\KERNELBASE.dll
0x00007ffed49b0000 - 0x00007ffed4aaa000 	C:\Windows\System32\ucrtbase.dll
0x00007ffec12a0000 - 0x00007ffec12b9000 	C:\Program Files\Android\Android Studio\jre\bin\jli.dll
0x00007ffed5f80000 - 0x00007ffed6114000 	C:\Windows\System32\USER32.dll
0x00007ffed4cd0000 - 0x00007ffed4cf1000 	C:\Windows\System32\win32u.dll
0x00007ffed6bf0000 - 0x00007ffed6c16000 	C:\Windows\System32\GDI32.dll
0x00007ffed4b10000 - 0x00007ffed4ca6000 	C:\Windows\System32\gdi32full.dll
0x00007ffed4d80000 - 0x00007ffed4e1e000 	C:\Windows\System32\msvcp_win.dll
0x00007ffec1280000 - 0x00007ffec1297000 	C:\Program Files\Android\Android Studio\jre\bin\VCRUNTIME140.dll
0x00007ffec4a60000 - 0x00007ffec4ce4000 	C:\Windows\WinSxS\amd64_microsoft.windows.common-controls_6595b64144ccf1df_6.0.18362.1256_none_9e7e379be45e40e2\COMCTL32.dll
0x00007ffed6c20000 - 0x00007ffed6cbe000 	C:\Windows\System32\msvcrt.dll
0x00007ffed62c0000 - 0x00007ffed65f6000 	C:\Windows\System32\combase.dll
0x00007ffed5ae0000 - 0x00007ffed5c00000 	C:\Windows\System32\RPCRT4.dll
0x00007ffed5220000 - 0x00007ffed52a1000 	C:\Windows\System32\bcryptPrimitives.dll
0x00007ffed5ab0000 - 0x00007ffed5ade000 	C:\Windows\System32\IMM32.DLL
0x00007ffea5430000 - 0x00007ffea54cd000 	C:\Program Files\Android\Android Studio\jre\bin\msvcp140.dll
0x00007ffe72240000 - 0x00007ffe72d42000 	C:\Program Files\Android\Android Studio\jre\bin\server\jvm.dll
0x00007ffed6cf0000 - 0x00007ffed6d93000 	C:\Windows\System32\ADVAPI32.dll
0x00007ffed5320000 - 0x00007ffed53b7000 	C:\Windows\System32\sechost.dll
0x00007ffed6f10000 - 0x00007ffed6f18000 	C:\Windows\System32\PSAPI.DLL
0x00007ffe7cdf0000 - 0x00007ffe7cdf9000 	C:\Windows\SYSTEM32\WSOCK32.dll
0x00007ffed6120000 - 0x00007ffed618f000 	C:\Windows\System32\WS2_32.dll
0x00007ffed1ab0000 - 0x00007ffed1ad4000 	C:\Windows\SYSTEM32\WINMM.dll
0x00007ffec8a90000 - 0x00007ffec8a9a000 	C:\Windows\SYSTEM32\VERSION.dll
0x00007ffed1a80000 - 0x00007ffed1aad000 	C:\Windows\SYSTEM32\WINMMBASE.dll
0x00007ffed4d30000 - 0x00007ffed4d7a000 	C:\Windows\System32\cfgmgr32.dll
0x00007ffed4100000 - 0x00007ffed4111000 	C:\Windows\System32\kernel.appcore.dll
0x00007ffecdf50000 - 0x00007ffecdf61000 	C:\Program Files\Android\Android Studio\jre\bin\verify.dll
0x00007ffed2100000 - 0x00007ffed22f4000 	C:\Windows\SYSTEM32\DBGHELP.DLL
0x00007ffebca80000 - 0x00007ffebcaaa000 	C:\Windows\SYSTEM32\dbgcore.DLL
0x00007ffeccd50000 - 0x00007ffeccd79000 	C:\Program Files\Android\Android Studio\jre\bin\java.dll
0x00007ffece120000 - 0x00007ffece12b000 	C:\Program Files\Android\Android Studio\jre\bin\jimage.dll
0x00007ffecdd90000 - 0x00007ffecdda8000 	C:\Program Files\Android\Android Studio\jre\bin\zip.dll
0x00007ffed53c0000 - 0x00007ffed5aa7000 	C:\Windows\System32\SHELL32.dll
0x00007ffed6e00000 - 0x00007ffed6ea9000 	C:\Windows\System32\shcore.dll
0x00007ffed4220000 - 0x00007ffed49a1000 	C:\Windows\System32\windows.storage.dll
0x00007ffed4140000 - 0x00007ffed4163000 	C:\Windows\System32\profapi.dll
0x00007ffed40b0000 - 0x00007ffed40fa000 	C:\Windows\System32\powrprof.dll
0x00007ffed40a0000 - 0x00007ffed40b0000 	C:\Windows\System32\UMPDC.dll
0x00007ffed6eb0000 - 0x00007ffed6f02000 	C:\Windows\System32\shlwapi.dll
0x00007ffed4cb0000 - 0x00007ffed4cc7000 	C:\Windows\System32\cryptsp.dll
0x00007ffecccd0000 - 0x00007ffecccea000 	C:\Program Files\Android\Android Studio\jre\bin\net.dll
0x00007ffec8c40000 - 0x00007ffec8d30000 	C:\Windows\SYSTEM32\WINHTTP.dll
0x00007ffed38f0000 - 0x00007ffed3957000 	C:\Windows\system32\mswsock.dll
0x00007ffeccc90000 - 0x00007ffeccca4000 	C:\Program Files\Android\Android Studio\jre\bin\nio.dll
0x00007ffec50b0000 - 0x00007ffec50d7000 	C:\Users\cyoun\.gradle\native\e1d6ef7f7dcc3fd88c89a11ec53ec762bb8ba0a96d01ffa2cd45eb1d1d8dd5c5\windows-amd64\native-platform.dll
0x00007ffea52e0000 - 0x00007ffea5424000 	C:\Users\cyoun\.gradle\native\0d407fdbe67a94daf76414ababcb853783967236a71b16ec16e742cd7a986fd3\windows-amd64\native-platform-file-events.dll
0x00007ffecdfe0000 - 0x00007ffecdfea000 	C:\Program Files\Android\Android Studio\jre\bin\management.dll
0x00007ffeccd20000 - 0x00007ffeccd2d000 	C:\Program Files\Android\Android Studio\jre\bin\management_ext.dll
0x00007ffed3460000 - 0x00007ffed3493000 	C:\Windows\system32\rsaenh.dll
0x00007ffed4d00000 - 0x00007ffed4d26000 	C:\Windows\System32\bcrypt.dll
0x00007ffed3fc0000 - 0x00007ffed3fe5000 	C:\Windows\SYSTEM32\USERENV.dll
0x00007ffed3ac0000 - 0x00007ffed3acc000 	C:\Windows\SYSTEM32\CRYPTBASE.dll
0x00007ffed3600000 - 0x00007ffed363a000 	C:\Windows\SYSTEM32\IPHLPAPI.DLL
0x00007ffed6ce0000 - 0x00007ffed6ce8000 	C:\Windows\System32\NSI.dll
0x00007ffec90d0000 - 0x00007ffec90e6000 	C:\Windows\SYSTEM32\dhcpcsvc6.DLL
0x00007ffecab50000 - 0x00007ffecab6c000 	C:\Windows\SYSTEM32\dhcpcsvc.DLL
0x00007ffed3640000 - 0x00007ffed370b000 	C:\Windows\SYSTEM32\DNSAPI.dll

dbghelp: loaded successfully - version: 4.0.5 - missing functions: none
symbol engine: initialized successfully - sym options: 0x614 - pdb path: .;C:\Program Files\Android\Android Studio\jre\bin;C:\Windows\SYSTEM32;C:\Windows\WinSxS\amd64_microsoft.windows.common-controls_6595b64144ccf1df_6.0.18362.1256_none_9e7e379be45e40e2;C:\Program Files\Android\Android Studio\jre\bin\server;C:\Users\cyoun\.gradle\native\e1d6ef7f7dcc3fd88c89a11ec53ec762bb8ba0a96d01ffa2cd45eb1d1d8dd5c5\windows-amd64;C:\Users\cyoun\.gradle\native\0d407fdbe67a94daf76414ababcb853783967236a71b16ec16e742cd7a986fd3\windows-amd64

VM Arguments:
jvm_args: --add-opens=java.base/java.util=ALL-UNNAMED --add-opens=java.base/java.lang=ALL-UNNAMED --add-opens=java.base/java.lang.invoke=ALL-UNNAMED --add-opens=java.base/java.util=ALL-UNNAMED --add-opens=java.prefs/java.util.prefs=ALL-UNNAMED --add-opens=java.prefs/java.util.prefs=ALL-UNNAMED --add-opens=java.base/java.nio.charset=ALL-UNNAMED --add-opens=java.base/java.net=ALL-UNNAMED --add-opens=java.base/java.util.concurrent.atomic=ALL-UNNAMED -Xmx2048m -Dfile.encoding=UTF-8 -Duser.country=US -Duser.language=en -Duser.variant 
java_command: org.gradle.launcher.daemon.bootstrap.GradleDaemon 7.4
java_class_path (initial): C:\Users\cyoun\.gradle\wrapper\dists\gradle-7.4-bin\c0gwcg53nkjbqw7r0h0umtfvt\gradle-7.4\lib\gradle-launcher-7.4.jar
Launcher Type: SUN_STANDARD

[Global flags]
     intx CICompilerCount                          = 3                                         {product} {ergonomic}
     uint ConcGCThreads                            = 1                                         {product} {ergonomic}
     uint G1ConcRefinementThreads                  = 4                                         {product} {ergonomic}
   size_t G1HeapRegionSize                         = 1048576                                   {product} {ergonomic}
    uintx GCDrainStackTargetSize                   = 64                                        {product} {ergonomic}
   size_t InitialHeapSize                          = 134217728                                 {product} {ergonomic}
   size_t MarkStackSize                            = 4194304                                   {product} {ergonomic}
   size_t MaxHeapSize                              = 2147483648                                {product} {command line}
   size_t MaxNewSize                               = 1287651328                                {product} {ergonomic}
   size_t MinHeapDeltaBytes                        = 1048576                                   {product} {ergonomic}
    uintx NonNMethodCodeHeapSize                   = 5830732                                {pd product} {ergonomic}
    uintx NonProfiledCodeHeapSize                  = 122913754                              {pd product} {ergonomic}
    uintx ProfiledCodeHeapSize                     = 122913754                              {pd product} {ergonomic}
    uintx ReservedCodeCacheSize                    = 251658240                              {pd product} {ergonomic}
     bool SegmentedCodeCache                       = true                                      {product} {ergonomic}
     bool UseCompressedClassPointers               = true                                 {lp64_product} {ergonomic}
     bool UseCompressedOops                        = true                                 {lp64_product} {ergonomic}
     bool UseG1GC                                  = true                                      {product} {ergonomic}
     bool UseLargePagesIndividualAllocation        = false                                  {pd product} {ergonomic}

Logging:
Log output configuration:
 #0: stdout all=warning uptime,level,tags
 #1: stderr all=off uptime,level,tags

Environment Variables:
PATH=C:\Program Files\Microsoft\jdk-11.0.12.7-hotspot\bin;C:\Python310\Scripts\;C:\Python310\;C:\Program Files\Common Files\Oracle\Java\javapath;C:\Windows\system32;C:\Windows;C:\Windows\System32\Wbem;C:\Windows\System32\WindowsPowerShell\v1.0\;C:\Windows\System32\OpenSSH\;C:\Program Files\Java\jdk-16.0.1\bin;C:\Program Files\Microsoft SQL Server\Client SDK\ODBC\170\Tools\Binn\;C:\Program Files\dotnet;C:\ProgramData\chocolatey\bin;C:\Program Files\nodejs\;C:\Program Files\Git\cmd;C:\Program Files\dotnet\;C:\Program Files (x86)\Microsoft SQL Server\150\Tools\Binn\;C:\Program Files\Microsoft SQL Server\150\Tools\Binn\;C:\Program Files\Microsoft SQL Server\150\DTS\Binn\;C:\Program Files\Microsoft SQL Server\130\Tools\Binn\;C:\Users\cyoun\AppData\Local\Microsoft\WindowsApps;C:\Users\cyoun\.dotnet\tools;C:\Program Files\Azure Data Studio\bin;C:\Users\cyoun\AppData\Local\nvs\;C:\Users\cyoun\AppData\Roaming\npm
USERNAME=cyoun
OS=Windows_NT
PROCESSOR_IDENTIFIER=Intel64 Family 6 Model 69 Stepping 1, GenuineIntel



---------------  S Y S T E M  ---------------

OS: Windows 10 , 64 bit Build 18362 (10.0.18362.1110)
OS uptime: 18 days 1:13 hours

CPU:total 4 (initial active 4) (2 cores per cpu, 2 threads per core) family 6 model 69 stepping 1 microcode 0x24, cmov, cx8, fxsr, mmx, sse, sse2, sse3, ssse3, sse4.1, sse4.2, popcnt, avx, avx2, aes, clmul, erms, lzcnt, ht, tsc, tscinvbit, bmi1, bmi2, fma

Memory: 4k page, system-wide physical 8082M (397M free)
TotalPageFile size 23264M (AvailPageFile size 42M)
current process WorkingSet (physical memory assigned to process): 392M, peak: 397M
current process commit charge ("private bytes"): 476M, peak: 516M

vm_info: OpenJDK 64-Bit Server VM (11.0.13+0-b1751.21-8125866) for windows-amd64 JRE (11.0.13+0-b1751.21-8125866), built on Feb  2 2022 03:00:22 by "builder" with MS VC++ 14.0 (VS2015)

END.
