#
# There is insufficient memory for the Java Runtime Environment to continue.
# Native memory allocation (mmap) failed to map 33554432 bytes for Failed to commit area from 0x0000000089f00000 to 0x000000008bf00000 of length 33554432.
# Possible reasons:
#   The system is out of physical RAM or swap space
#   The process is running with CompressedOops enabled, and the Java Heap may be blocking the growth of the native heap
# Possible solutions:
#   Reduce memory load on the system
#   Increase physical memory or swap space
#   Check if swap backing store is full
#   Decrease Java heap size (-Xmx/-Xms)
#   Decrease number of Java threads
#   Decrease Java thread stack sizes (-Xss)
#   Set larger code cache with -XX:ReservedCodeCacheSize=
#   JVM is running with Unscaled Compressed Oops mode in which the Java heap is
#     placed in the first 4GB address space. The Java Heap base address is the
#     maximum limit for the native heap growth. Please use -XX:HeapBaseMinAddress
#     to set the Java Heap base and to place the Java Heap above 4GB virtual address.
# This output file may be truncated or incomplete.
#
#  Out of Memory Error (./src/hotspot/os/windows/os_windows.cpp:3619), pid=6800, tid=7112
#
# JRE version: OpenJDK Runtime Environment (11.0.13) (build 11.0.13+0-b1751.21-8125866)
# Java VM: OpenJDK 64-Bit Server VM (11.0.13+0-b1751.21-8125866, mixed mode, tiered, compressed oops, g1 gc, windows-amd64)
# No core dump will be written. Minidumps are not enabled by default on client versions of Windows
#

---------------  S U M M A R Y ------------

Command Line: --add-opens=java.base/java.util=ALL-UNNAMED --add-opens=java.base/java.lang=ALL-UNNAMED --add-opens=java.base/java.lang.invoke=ALL-UNNAMED --add-opens=java.base/java.util=ALL-UNNAMED --add-opens=java.prefs/java.util.prefs=ALL-UNNAMED --add-opens=java.prefs/java.util.prefs=ALL-UNNAMED --add-opens=java.base/java.nio.charset=ALL-UNNAMED --add-opens=java.base/java.net=ALL-UNNAMED --add-opens=java.base/java.util.concurrent.atomic=ALL-UNNAMED -Xmx2048m -Dfile.encoding=UTF-8 -Duser.country=US -Duser.language=en -Duser.variant org.gradle.launcher.daemon.bootstrap.GradleDaemon 7.4

Host: Intel(R) Core(TM) i5-4300U CPU @ 1.90GHz, 4 cores, 7G,  Windows 10 , 64 bit Build 18362 (10.0.18362.1110)
Time: Mon Mar  6 20:50:01 2023 Eastern Standard Time elapsed time: 71.418121 seconds (0d 0h 1m 11s)

---------------  T H R E A D  ---------------

Current thread (0x0000020cbe030800):  VMThread "VM Thread" [stack: 0x0000001d95100000,0x0000001d95200000] [id=7112]

Stack: [0x0000001d95100000,0x0000001d95200000]
[error occurred during error reporting (printing stack bounds), id 0xc0000005, EXCEPTION_ACCESS_VIOLATION (0xc0000005) at pc=0x0000020ca7f3112d]

Native frames: (J=compiled Java code, j=interpreted, Vv=VM code, C=native code)
V  [jvm.dll+0x6100fa]
V  [jvm.dll+0x747090]
V  [jvm.dll+0x7486ad]
V  [jvm.dll+0x748ce5]
V  [jvm.dll+0x748c9b]
V  [jvm.dll+0x60f224]
V  [jvm.dll+0x60f9b8]
C  [ntdll.dll+0xa184f]
C  [ntdll.dll+0x6a889]
C  [ntdll.dll+0xa04be]
C  0x0000020ca7f3112d

VM_Operation (0x0000001d9a7f9e50): G1CollectForAllocation, mode: safepoint, requested by thread 0x0000020cc314d800


---------------  P R O C E S S  ---------------

Threads class SMR info:
_java_thread_list=0x0000020cc0e19190, length=87, elements={
0x0000020ca441d800, 0x0000020cbe034800, 0x0000020cbe036000, 0x0000020cbe9b4800,
0x0000020cbe9b7800, 0x0000020cbe9b8800, 0x0000020cbe9be000, 0x0000020cbe9bf000,
0x0000020cbea12000, 0x0000020cbeafa000, 0x0000020cc03f7000, 0x0000020cc08a0800,
0x0000020cc0fde000, 0x0000020cc009c800, 0x0000020cc0535800, 0x0000020cbf9b7800,
0x0000020cc009f000, 0x0000020cbfecd000, 0x0000020cbff3f000, 0x0000020cc0862800,
0x0000020cc0863800, 0x0000020cc085e000, 0x0000020cc085f800, 0x0000020cc0860800,
0x0000020cc085e800, 0x0000020cc0861000, 0x0000020cc0862000, 0x0000020cc0864800,
0x0000020cc1038000, 0x0000020cc1035800, 0x0000020cc1036800, 0x0000020cc1034000,
0x0000020cc1033800, 0x0000020cc103a000, 0x0000020cc103a800, 0x0000020cc1035000,
0x0000020cc103b800, 0x0000020cc103e800, 0x0000020cc103e000, 0x0000020cc103f800,
0x0000020cc1042000, 0x0000020cc1040800, 0x0000020cc1041000, 0x0000020cc103c800,
0x0000020cc103d000, 0x0000020cc30da800, 0x0000020cc30db800, 0x0000020cc30dc800,
0x0000020cc30df000, 0x0000020cc30dd000, 0x0000020cc30d9000, 0x0000020cc30df800,
0x0000020cc30de000, 0x0000020cc30da000, 0x0000020cc30e2000, 0x0000020cc30e5800,
0x0000020cc30e6000, 0x0000020cc30e3000, 0x0000020cc30e0800, 0x0000020cc30e7000,
0x0000020cc30e4800, 0x0000020cc30e3800, 0x0000020cc30e1800, 0x0000020cc30e8000,
0x0000020cc3146000, 0x0000020cc3147000, 0x0000020cc3147800, 0x0000020cc3143800,
0x0000020cc3148800, 0x0000020cc3145000, 0x0000020cc3143000, 0x0000020cc3149800,
0x0000020cc314a000, 0x0000020cc3144800, 0x0000020cc314f000, 0x0000020cc3150000,
0x0000020cc314c800, 0x0000020cc3150800, 0x0000020cc314b000, 0x0000020cc3151800,
0x0000020cc314d800, 0x0000020cc314b800, 0x0000020cc314e000, 0x0000020cc4df3000,
0x0000020cc4df1000, 0x0000020cc4df7800, 0x0000020cc4df3800
}

Java Threads: ( => current thread )
  0x0000020ca441d800 JavaThread "main" [_thread_blocked, id=22196, stack(0x0000001d94b00000,0x0000001d94c00000)]
  0x0000020cbe034800 JavaThread "Reference Handler" daemon [_thread_blocked, id=11204, stack(0x0000001d95200000,0x0000001d95300000)]
  0x0000020cbe036000 JavaThread "Finalizer" daemon [_thread_blocked, id=12224, stack(0x0000001d95300000,0x0000001d95400000)]
  0x0000020cbe9b4800 JavaThread "Signal Dispatcher" daemon [_thread_blocked, id=20244, stack(0x0000001d95400000,0x0000001d95500000)]
  0x0000020cbe9b7800 JavaThread "Attach Listener" daemon [_thread_blocked, id=14340, stack(0x0000001d95500000,0x0000001d95600000)]
  0x0000020cbe9b8800 JavaThread "Service Thread" daemon [_thread_blocked, id=3212, stack(0x0000001d95600000,0x0000001d95700000)]
  0x0000020cbe9be000 JavaThread "C2 CompilerThread0" daemon [_thread_blocked, id=17156, stack(0x0000001d95700000,0x0000001d95800000)]
  0x0000020cbe9bf000 JavaThread "C1 CompilerThread0" daemon [_thread_blocked, id=21332, stack(0x0000001d95800000,0x0000001d95900000)]
  0x0000020cbea12000 JavaThread "Sweeper thread" daemon [_thread_blocked, id=15256, stack(0x0000001d95900000,0x0000001d95a00000)]
  0x0000020cbeafa000 JavaThread "Common-Cleaner" daemon [_thread_blocked, id=2856, stack(0x0000001d95a00000,0x0000001d95b00000)]
  0x0000020cc03f7000 JavaThread "Daemon health stats" [_thread_blocked, id=10716, stack(0x0000001d95e00000,0x0000001d95f00000)]
  0x0000020cc08a0800 JavaThread "Incoming local TCP Connector on port 54411" [_thread_in_native, id=19196, stack(0x0000001d95f00000,0x0000001d96000000)]
  0x0000020cc0fde000 JavaThread "Daemon periodic checks" [_thread_blocked, id=20392, stack(0x0000001d96000000,0x0000001d96100000)]
  0x0000020cc009c800 JavaThread "Daemon" [_thread_blocked, id=5944, stack(0x0000001d96100000,0x0000001d96200000)]
  0x0000020cc0535800 JavaThread "Handler for socket connection from /127.0.0.1:54411 to /127.0.0.1:54412" [_thread_in_native, id=10144, stack(0x0000001d96200000,0x0000001d96300000)]
  0x0000020cbf9b7800 JavaThread "Cancel handler" [_thread_blocked, id=10984, stack(0x0000001d96300000,0x0000001d96400000)]
  0x0000020cc009f000 JavaThread "Daemon worker" [_thread_blocked, id=22512, stack(0x0000001d96400000,0x0000001d96500000)]
  0x0000020cbfecd000 JavaThread "Asynchronous log dispatcher for DefaultDaemonConnection: socket connection from /127.0.0.1:54411 to /127.0.0.1:54412" [_thread_blocked, id=13528, stack(0x0000001d96500000,0x0000001d96600000)]
  0x0000020cbff3f000 JavaThread "Daemon client event forwarder" [_thread_blocked, id=1640, stack(0x0000001d96700000,0x0000001d96800000)]
  0x0000020cc0862800 JavaThread "Cache worker for journal cache (C:\Users\cyoun\.gradle\caches\journal-1)" [_thread_blocked, id=3208, stack(0x0000001d96900000,0x0000001d96a00000)]
  0x0000020cc0863800 JavaThread "File lock request listener" [_thread_in_native, id=9988, stack(0x0000001d96a00000,0x0000001d96b00000)]
  0x0000020cc085e000 JavaThread "Cache worker for file hash cache (C:\Users\cyoun\.gradle\caches\7.4\fileHashes)" [_thread_blocked, id=16228, stack(0x0000001d96b00000,0x0000001d96c00000)]
  0x0000020cc085f800 JavaThread "File watcher server" daemon [_thread_blocked, id=10648, stack(0x0000001d96c00000,0x0000001d96d00000)]
  0x0000020cc0860800 JavaThread "File watcher consumer" daemon [_thread_blocked, id=22092, stack(0x0000001d96d00000,0x0000001d96e00000)]
  0x0000020cc085e800 JavaThread "Cache worker for checksums cache (C:\Users\cyoun\AndroidStudioProjects\JunkRemovalEstimator3\.gradle\7.4\checksums)" [_thread_blocked, id=21600, stack(0x0000001d96e00000,0x0000001d96f00000)]
  0x0000020cc0861000 JavaThread "Cache worker for cache directory md-rule (C:\Users\cyoun\.gradle\caches\7.4\md-rule)" [_thread_blocked, id=13044, stack(0x0000001d96f00000,0x0000001d97000000)]
  0x0000020cc0862000 JavaThread "Cache worker for file hash cache (C:\Users\cyoun\AndroidStudioProjects\JunkRemovalEstimator3\.gradle\7.4\fileHashes)" [_thread_blocked, id=4536, stack(0x0000001d97000000,0x0000001d97100000)]
  0x0000020cc0864800 JavaThread "Cache worker for cache directory md-supplier (C:\Users\cyoun\.gradle\caches\7.4\md-supplier)" [_thread_blocked, id=8868, stack(0x0000001d97100000,0x0000001d97200000)]
  0x0000020cc1038000 JavaThread "Cache worker for execution history cache (C:\Users\cyoun\.gradle\caches\7.4\executionHistory)" [_thread_blocked, id=22016, stack(0x0000001d97200000,0x0000001d97300000)]
  0x0000020cc1035800 JavaThread "jar transforms" [_thread_blocked, id=15220, stack(0x0000001d97300000,0x0000001d97400000)]
  0x0000020cc1036800 JavaThread "Cache worker for file content cache (C:\Users\cyoun\.gradle\caches\7.4\fileContent)" [_thread_blocked, id=14232, stack(0x0000001d97400000,0x0000001d97500000)]
  0x0000020cc1034000 JavaThread "jar transforms Thread 2" [_thread_blocked, id=15060, stack(0x0000001d97500000,0x0000001d97600000)]
  0x0000020cc1033800 JavaThread "Cache worker for dependencies-accessors (C:\Users\cyoun\AndroidStudioProjects\JunkRemovalEstimator3\.gradle\7.4\dependencies-accessors)" [_thread_blocked, id=3496, stack(0x0000001d97600000,0x0000001d97700000)]
  0x0000020cc103a000 JavaThread "jar transforms Thread 3" [_thread_blocked, id=17016, stack(0x0000001d97700000,0x0000001d97800000)]
  0x0000020cc103a800 JavaThread "Cache worker for Build Output Cleanup Cache (C:\Users\cyoun\AndroidStudioProjects\JunkRemovalEstimator3\.gradle\buildOutputCleanup)" [_thread_blocked, id=21020, stack(0x0000001d97800000,0x0000001d97900000)]
  0x0000020cc1035000 JavaThread "Unconstrained build operations" [_thread_blocked, id=8680, stack(0x0000001d97900000,0x0000001d97a00000)]
  0x0000020cc103b800 JavaThread "Unconstrained build operations Thread 2" [_thread_blocked, id=21712, stack(0x0000001d97a00000,0x0000001d97b00000)]
  0x0000020cc103e800 JavaThread "Unconstrained build operations Thread 3" [_thread_blocked, id=13756, stack(0x0000001d97b00000,0x0000001d97c00000)]
  0x0000020cc103e000 JavaThread "Unconstrained build operations Thread 4" [_thread_blocked, id=11544, stack(0x0000001d97c00000,0x0000001d97d00000)]
  0x0000020cc103f800 JavaThread "Unconstrained build operations Thread 5" [_thread_blocked, id=17088, stack(0x0000001d97d00000,0x0000001d97e00000)]
  0x0000020cc1042000 JavaThread "Unconstrained build operations Thread 6" [_thread_blocked, id=16304, stack(0x0000001d97e00000,0x0000001d97f00000)]
  0x0000020cc1040800 JavaThread "Unconstrained build operations Thread 7" [_thread_blocked, id=9040, stack(0x0000001d97f00000,0x0000001d98000000)]
  0x0000020cc1041000 JavaThread "Unconstrained build operations Thread 8" [_thread_blocked, id=18212, stack(0x0000001d98000000,0x0000001d98100000)]
  0x0000020cc103c800 JavaThread "Unconstrained build operations Thread 9" [_thread_blocked, id=15292, stack(0x0000001d98100000,0x0000001d98200000)]
  0x0000020cc103d000 JavaThread "Unconstrained build operations Thread 10" [_thread_blocked, id=8276, stack(0x0000001d98200000,0x0000001d98300000)]
  0x0000020cc30da800 JavaThread "Unconstrained build operations Thread 11" [_thread_blocked, id=21448, stack(0x0000001d98300000,0x0000001d98400000)]
  0x0000020cc30db800 JavaThread "Unconstrained build operations Thread 12" [_thread_blocked, id=17008, stack(0x0000001d98400000,0x0000001d98500000)]
  0x0000020cc30dc800 JavaThread "Unconstrained build operations Thread 13" [_thread_blocked, id=20948, stack(0x0000001d98500000,0x0000001d98600000)]
  0x0000020cc30df000 JavaThread "Unconstrained build operations Thread 14" [_thread_blocked, id=3460, stack(0x0000001d98600000,0x0000001d98700000)]
  0x0000020cc30dd000 JavaThread "Unconstrained build operations Thread 15" [_thread_blocked, id=17980, stack(0x0000001d98700000,0x0000001d98800000)]
  0x0000020cc30d9000 JavaThread "Unconstrained build operations Thread 16" [_thread_blocked, id=7424, stack(0x0000001d98800000,0x0000001d98900000)]
  0x0000020cc30df800 JavaThread "Unconstrained build operations Thread 17" [_thread_blocked, id=18036, stack(0x0000001d98900000,0x0000001d98a00000)]
  0x0000020cc30de000 JavaThread "Unconstrained build operations Thread 18" [_thread_blocked, id=19652, stack(0x0000001d98a00000,0x0000001d98b00000)]
  0x0000020cc30da000 JavaThread "Unconstrained build operations Thread 19" [_thread_blocked, id=2240, stack(0x0000001d98b00000,0x0000001d98c00000)]
  0x0000020cc30e2000 JavaThread "Unconstrained build operations Thread 20" [_thread_blocked, id=7844, stack(0x0000001d98c00000,0x0000001d98d00000)]
  0x0000020cc30e5800 JavaThread "Unconstrained build operations Thread 21" [_thread_blocked, id=8416, stack(0x0000001d98d00000,0x0000001d98e00000)]
  0x0000020cc30e6000 JavaThread "Unconstrained build operations Thread 22" [_thread_blocked, id=19060, stack(0x0000001d98e00000,0x0000001d98f00000)]
  0x0000020cc30e3000 JavaThread "Unconstrained build operations Thread 23" [_thread_blocked, id=4624, stack(0x0000001d98f00000,0x0000001d99000000)]
  0x0000020cc30e0800 JavaThread "Unconstrained build operations Thread 24" [_thread_blocked, id=18636, stack(0x0000001d99000000,0x0000001d99100000)]
  0x0000020cc30e7000 JavaThread "Unconstrained build operations Thread 25" [_thread_blocked, id=20040, stack(0x0000001d99100000,0x0000001d99200000)]
  0x0000020cc30e4800 JavaThread "Unconstrained build operations Thread 26" [_thread_blocked, id=16460, stack(0x0000001d99200000,0x0000001d99300000)]
  0x0000020cc30e3800 JavaThread "Unconstrained build operations Thread 27" [_thread_blocked, id=1892, stack(0x0000001d99300000,0x0000001d99400000)]
  0x0000020cc30e1800 JavaThread "Unconstrained build operations Thread 28" [_thread_blocked, id=2612, stack(0x0000001d99400000,0x0000001d99500000)]
  0x0000020cc30e8000 JavaThread "Unconstrained build operations Thread 29" [_thread_blocked, id=6832, stack(0x0000001d99500000,0x0000001d99600000)]
  0x0000020cc3146000 JavaThread "Unconstrained build operations Thread 30" [_thread_blocked, id=12328, stack(0x0000001d99600000,0x0000001d99700000)]
  0x0000020cc3147000 JavaThread "Unconstrained build operations Thread 31" [_thread_blocked, id=14196, stack(0x0000001d99700000,0x0000001d99800000)]
  0x0000020cc3147800 JavaThread "Unconstrained build operations Thread 32" [_thread_blocked, id=13156, stack(0x0000001d99800000,0x0000001d99900000)]
  0x0000020cc3143800 JavaThread "Unconstrained build operations Thread 33" [_thread_blocked, id=18400, stack(0x0000001d99900000,0x0000001d99a00000)]
  0x0000020cc3148800 JavaThread "Unconstrained build operations Thread 34" [_thread_blocked, id=3244, stack(0x0000001d99a00000,0x0000001d99b00000)]
  0x0000020cc3145000 JavaThread "Unconstrained build operations Thread 35" [_thread_blocked, id=21860, stack(0x0000001d99b00000,0x0000001d99c00000)]
  0x0000020cc3143000 JavaThread "Unconstrained build operations Thread 36" [_thread_blocked, id=7144, stack(0x0000001d99c00000,0x0000001d99d00000)]
  0x0000020cc3149800 JavaThread "Unconstrained build operations Thread 37" [_thread_blocked, id=15408, stack(0x0000001d99d00000,0x0000001d99e00000)]
  0x0000020cc314a000 JavaThread "Unconstrained build operations Thread 38" [_thread_blocked, id=19380, stack(0x0000001d99e00000,0x0000001d99f00000)]
  0x0000020cc3144800 JavaThread "Unconstrained build operations Thread 39" [_thread_blocked, id=5876, stack(0x0000001d99f00000,0x0000001d9a000000)]
  0x0000020cc314f000 JavaThread "Unconstrained build operations Thread 40" [_thread_blocked, id=4596, stack(0x0000001d9a000000,0x0000001d9a100000)]
  0x0000020cc3150000 JavaThread "jar transforms Thread 4" [_thread_blocked, id=8908, stack(0x0000001d9a100000,0x0000001d9a200000)]
  0x0000020cc314c800 JavaThread "Memory manager" [_thread_blocked, id=20360, stack(0x0000001d94900000,0x0000001d94a00000)]
  0x0000020cc3150800 JavaThread "build event listener" [_thread_blocked, id=20624, stack(0x0000001d9a400000,0x0000001d9a500000)]
  0x0000020cc314b000 JavaThread "included builds" [_thread_blocked, id=11168, stack(0x0000001d9a500000,0x0000001d9a600000)]
  0x0000020cc3151800 JavaThread "Execution worker for ':'" [_thread_blocked, id=1220, stack(0x0000001d9a600000,0x0000001d9a700000)]
  0x0000020cc314d800 JavaThread "Execution worker for ':' Thread 2" [_thread_blocked, id=1984, stack(0x0000001d9a700000,0x0000001d9a800000)]
  0x0000020cc314b800 JavaThread "Execution worker for ':' Thread 3" [_thread_blocked, id=5700, stack(0x0000001d9a800000,0x0000001d9a900000)]
  0x0000020cc314e000 JavaThread "Cache worker for execution history cache (C:\Users\cyoun\AndroidStudioProjects\JunkRemovalEstimator3\.gradle\7.4\executionHistory)" [_thread_blocked, id=3772, stack(0x0000001d9a900000,0x0000001d9aa00000)]
  0x0000020cc4df3000 JavaThread "WorkerExecutor Queue" [_thread_blocked, id=15272, stack(0x0000001d9aa00000,0x0000001d9ab00000)]
  0x0000020cc4df1000 JavaThread "WorkerExecutor Queue Thread 2" [_thread_blocked, id=14728, stack(0x0000001d9ab00000,0x0000001d9ac00000)]
  0x0000020cc4df7800 JavaThread "WorkerExecutor Queue Thread 3" [_thread_blocked, id=18404, stack(0x0000001d94800000,0x0000001d94900000)]
  0x0000020cc4df3800 JavaThread "WorkerExecutor Queue Thread 4" [_thread_blocked, id=21672, stack(0x0000001d94a00000,0x0000001d94b00000)]

Other Threads:
=>0x0000020cbe030800 VMThread "VM Thread" [stack: 0x0000001d95100000,0x0000001d95200000] [id=7112]
  0x0000020cbeb2e800 WatcherThread [stack: 0x0000001d95b00000,0x0000001d95c00000] [id=18664]
  0x0000020ca4435000 GCTaskThread "GC Thread#0" [stack: 0x0000001d94c00000,0x0000001d94d00000] [id=11792]
  0x0000020cbec83800 GCTaskThread "GC Thread#1" [stack: 0x0000001d95c00000,0x0000001d95d00000] [id=11892]
  0x0000020cbec84800 GCTaskThread "GC Thread#2" [stack: 0x0000001d95d00000,0x0000001d95e00000] [id=20620]
  0x0000020cbfecf800 GCTaskThread "GC Thread#3" [stack: 0x0000001d96800000,0x0000001d96900000] [id=21924]
  0x0000020ca4467000 ConcurrentGCThread "G1 Main Marker" [stack: 0x0000001d94d00000,0x0000001d94e00000] [id=22464]
  0x0000020ca4468800 ConcurrentGCThread "G1 Conc#0" [stack: 0x0000001d94e00000,0x0000001d94f00000] [id=13212]
  0x0000020cbde80800 ConcurrentGCThread "G1 Refine#0" [stack: 0x0000001d94f00000,0x0000001d95000000] [id=5336]
  0x0000020cbde81000 ConcurrentGCThread "G1 Young RemSet Sampling" [stack: 0x0000001d95000000,0x0000001d95100000] [id=18716]

Threads with active compile tasks:
C2 CompilerThread0  71454 12015       4       org.gradle.internal.snapshot.VfsRelativePath::hasPrefix (114 bytes)

VM state:at safepoint (normal execution)

VM Mutex/Monitor currently owned by a thread:  ([mutex/lock_event])
[0x0000020ca441a110] Threads_lock - owner thread: 0x0000020cbe030800
[0x0000020ca441a8f0] Heap_lock - owner thread: 0x0000020cc314d800

Heap address: 0x0000000080000000, size: 2048 MB, Compressed Oops mode: 32-bit
Narrow klass base: 0x0000000000000000, Narrow klass shift: 3
Compressed class space size: 1073741824 Address: 0x0000000100000000

Heap:
 garbage-first heap   total 195584K, used 86903K [0x0000000080000000, 0x0000000100000000)
  region size 1024K, 1 young (1024K), 1 survivors (1024K)
 Metaspace       used 92845K, capacity 94964K, committed 95272K, reserved 1132544K
  class space    used 11606K, capacity 12381K, committed 12492K, reserved 1048576K
Heap Regions: E=young(eden), S=young(survivor), O=old, HS=humongous(starts), HC=humongous(continues), CS=collection set, F=free, A=archive, TAMS=top-at-mark-start (previous, next)
|   0|0x0000000080000000, 0x0000000080100000, 0x0000000080100000|100%|HS|  |TAMS 0x0000000080100000, 0x0000000080000000| Complete 
|   1|0x0000000080100000, 0x0000000080200000, 0x0000000080200000|100%|HC|  |TAMS 0x0000000080200000, 0x0000000080100000| Complete 
|   2|0x0000000080200000, 0x0000000080300000, 0x0000000080300000|100%|HC|  |TAMS 0x0000000080300000, 0x0000000080200000| Complete 
|   3|0x0000000080300000, 0x0000000080400000, 0x0000000080400000|100%| O|  |TAMS 0x0000000080400000, 0x0000000080300000| Untracked 
|   4|0x0000000080400000, 0x0000000080500000, 0x0000000080500000|100%| O|  |TAMS 0x0000000080500000, 0x0000000080400000| Untracked 
|   5|0x0000000080500000, 0x0000000080600000, 0x0000000080600000|100%| O|  |TAMS 0x0000000080600000, 0x0000000080500000| Untracked 
|   6|0x0000000080600000, 0x0000000080700000, 0x0000000080700000|100%| O|  |TAMS 0x0000000080700000, 0x0000000080600000| Untracked 
|   7|0x0000000080700000, 0x0000000080800000, 0x0000000080800000|100%| O|  |TAMS 0x0000000080800000, 0x0000000080700000| Untracked 
|   8|0x0000000080800000, 0x0000000080900000, 0x0000000080900000|100%| O|  |TAMS 0x0000000080900000, 0x0000000080800000| Untracked 
|   9|0x0000000080900000, 0x0000000080a00000, 0x0000000080a00000|100%| O|  |TAMS 0x0000000080a00000, 0x0000000080900000| Untracked 
|  10|0x0000000080a00000, 0x0000000080b00000, 0x0000000080b00000|100%| O|  |TAMS 0x0000000080b00000, 0x0000000080a00000| Untracked 
|  11|0x0000000080b00000, 0x0000000080c00000, 0x0000000080c00000|100%| O|  |TAMS 0x0000000080c00000, 0x0000000080b00000| Untracked 
|  12|0x0000000080c00000, 0x0000000080d00000, 0x0000000080d00000|100%| O|  |TAMS 0x0000000080d00000, 0x0000000080c00000| Untracked 
|  13|0x0000000080d00000, 0x0000000080e00000, 0x0000000080e00000|100%| O|  |TAMS 0x0000000080e00000, 0x0000000080d00000| Untracked 
|  14|0x0000000080e00000, 0x0000000080f00000, 0x0000000080f00000|100%| O|  |TAMS 0x0000000080f00000, 0x0000000080e00000| Untracked 
|  15|0x0000000080f00000, 0x0000000081000000, 0x0000000081000000|100%| O|  |TAMS 0x0000000081000000, 0x0000000080f00000| Complete 
|  16|0x0000000081000000, 0x0000000081100000, 0x0000000081100000|100%|HS|  |TAMS 0x0000000081100000, 0x0000000081000000| Complete 
|  17|0x0000000081100000, 0x0000000081200000, 0x0000000081200000|100%| O|  |TAMS 0x0000000081200000, 0x0000000081100000| Untracked 
|  18|0x0000000081200000, 0x0000000081300000, 0x0000000081300000|100%| O|  |TAMS 0x0000000081300000, 0x0000000081200000| Untracked 
|  19|0x0000000081300000, 0x0000000081400000, 0x0000000081400000|100%| O|  |TAMS 0x0000000081400000, 0x0000000081300000| Untracked 
|  20|0x0000000081400000, 0x0000000081500000, 0x0000000081500000|100%| O|  |TAMS 0x0000000081500000, 0x0000000081400000| Untracked 
|  21|0x0000000081500000, 0x0000000081600000, 0x0000000081600000|100%| O|  |TAMS 0x0000000081600000, 0x0000000081500000| Untracked 
|  22|0x0000000081600000, 0x0000000081700000, 0x0000000081700000|100%| O|  |TAMS 0x0000000081700000, 0x0000000081600000| Untracked 
|  23|0x0000000081700000, 0x0000000081800000, 0x0000000081800000|100%|HS|  |TAMS 0x0000000081800000, 0x0000000081700000| Complete 
|  24|0x0000000081800000, 0x0000000081900000, 0x0000000081900000|100%| O|  |TAMS 0x0000000081900000, 0x0000000081800000| Untracked 
|  25|0x0000000081900000, 0x0000000081a00000, 0x0000000081a00000|100%|HS|  |TAMS 0x0000000081a00000, 0x0000000081900000| Complete 
|  26|0x0000000081a00000, 0x0000000081b00000, 0x0000000081b00000|100%|HC|  |TAMS 0x0000000081b00000, 0x0000000081a00000| Complete 
|  27|0x0000000081b00000, 0x0000000081c00000, 0x0000000081c00000|100%| O|  |TAMS 0x0000000081c00000, 0x0000000081b00000| Untracked 
|  28|0x0000000081c00000, 0x0000000081d00000, 0x0000000081d00000|100%| O|  |TAMS 0x0000000081d00000, 0x0000000081c00000| Untracked 
|  29|0x0000000081d00000, 0x0000000081e00000, 0x0000000081e00000|100%| O|  |TAMS 0x0000000081e00000, 0x0000000081d00000| Untracked 
|  30|0x0000000081e00000, 0x0000000081f00000, 0x0000000081f00000|100%| O|  |TAMS 0x0000000081f00000, 0x0000000081e00000| Untracked 
|  31|0x0000000081f00000, 0x0000000082000000, 0x0000000082000000|100%| O|  |TAMS 0x0000000082000000, 0x0000000081f00000| Complete 
|  32|0x0000000082000000, 0x0000000082100000, 0x0000000082100000|100%| O|  |TAMS 0x0000000082100000, 0x0000000082000000| Untracked 
|  33|0x0000000082100000, 0x0000000082200000, 0x0000000082200000|100%| O|  |TAMS 0x0000000082200000, 0x0000000082100000| Untracked 
|  34|0x0000000082200000, 0x0000000082300000, 0x0000000082300000|100%| O|  |TAMS 0x0000000082300000, 0x0000000082200000| Untracked 
|  35|0x0000000082300000, 0x0000000082400000, 0x0000000082400000|100%| O|  |TAMS 0x0000000082400000, 0x0000000082300000| Untracked 
|  36|0x0000000082400000, 0x0000000082500000, 0x0000000082500000|100%| O|  |TAMS 0x0000000082500000, 0x0000000082400000| Untracked 
|  37|0x0000000082500000, 0x0000000082600000, 0x0000000082600000|100%| O|  |TAMS 0x0000000082600000, 0x0000000082500000| Untracked 
|  38|0x0000000082600000, 0x0000000082700000, 0x0000000082700000|100%| O|  |TAMS 0x0000000082700000, 0x0000000082600000| Untracked 
|  39|0x0000000082700000, 0x0000000082800000, 0x0000000082800000|100%| O|  |TAMS 0x0000000082800000, 0x0000000082700000| Untracked 
|  40|0x0000000082800000, 0x0000000082900000, 0x0000000082900000|100%| O|  |TAMS 0x0000000082900000, 0x0000000082800000| Complete 
|  41|0x0000000082900000, 0x0000000082a00000, 0x0000000082a00000|100%| O|  |TAMS 0x0000000082a00000, 0x0000000082900000| Untracked 
|  42|0x0000000082a00000, 0x0000000082b00000, 0x0000000082b00000|100%| O|  |TAMS 0x0000000082b00000, 0x0000000082a00000| Untracked 
|  43|0x0000000082b00000, 0x0000000082c00000, 0x0000000082c00000|100%| O|  |TAMS 0x0000000082c00000, 0x0000000082b00000| Untracked 
|  44|0x0000000082c00000, 0x0000000082d00000, 0x0000000082d00000|100%| O|  |TAMS 0x0000000082d00000, 0x0000000082c00000| Untracked 
|  45|0x0000000082d00000, 0x0000000082e00000, 0x0000000082e00000|100%| O|  |TAMS 0x0000000082e00000, 0x0000000082d00000| Untracked 
|  46|0x0000000082e00000, 0x0000000082f00000, 0x0000000082f00000|100%| O|  |TAMS 0x0000000082f00000, 0x0000000082e00000| Untracked 
|  47|0x0000000082f00000, 0x0000000083000000, 0x0000000083000000|100%| O|  |TAMS 0x0000000083000000, 0x0000000082f00000| Untracked 
|  48|0x0000000083000000, 0x0000000083100000, 0x0000000083100000|100%| O|  |TAMS 0x0000000083100000, 0x0000000083000000| Untracked 
|  49|0x0000000083100000, 0x0000000083200000, 0x0000000083200000|100%| O|  |TAMS 0x0000000083200000, 0x0000000083100000| Untracked 
|  50|0x0000000083200000, 0x0000000083300000, 0x0000000083300000|100%| O|  |TAMS 0x0000000083300000, 0x0000000083200000| Untracked 
|  51|0x0000000083300000, 0x0000000083400000, 0x0000000083400000|100%| O|  |TAMS 0x0000000083400000, 0x0000000083300000| Complete 
|  52|0x0000000083400000, 0x0000000083500000, 0x0000000083500000|100%| O|  |TAMS 0x0000000083500000, 0x0000000083400000| Untracked 
|  53|0x0000000083500000, 0x0000000083600000, 0x0000000083600000|100%| O|  |TAMS 0x0000000083600000, 0x0000000083500000| Untracked 
|  54|0x0000000083600000, 0x0000000083700000, 0x0000000083700000|100%| O|  |TAMS 0x0000000083700000, 0x0000000083600000| Complete 
|  55|0x0000000083700000, 0x0000000083800000, 0x0000000083800000|100%| O|  |TAMS 0x0000000083800000, 0x0000000083700000| Untracked 
|  56|0x0000000083800000, 0x0000000083900000, 0x0000000083900000|100%| O|  |TAMS 0x0000000083900000, 0x0000000083800000| Untracked 
|  57|0x0000000083900000, 0x0000000083a00000, 0x0000000083a00000|100%| O|  |TAMS 0x0000000083a00000, 0x0000000083900000| Complete 
|  58|0x0000000083a00000, 0x0000000083b00000, 0x0000000083b00000|100%| O|  |TAMS 0x0000000083b00000, 0x0000000083a00000| Untracked 
|  59|0x0000000083b00000, 0x0000000083c00000, 0x0000000083c00000|100%| O|  |TAMS 0x0000000083c00000, 0x0000000083b00000| Untracked 
|  60|0x0000000083c00000, 0x0000000083d00000, 0x0000000083d00000|100%| O|  |TAMS 0x0000000083d00000, 0x0000000083c00000| Complete 
|  61|0x0000000083d00000, 0x0000000083e00000, 0x0000000083e00000|100%| O|  |TAMS 0x0000000083e00000, 0x0000000083d00000| Complete 
|  62|0x0000000083e00000, 0x0000000083f00000, 0x0000000083f00000|100%| O|  |TAMS 0x0000000083e29c00, 0x0000000083e00000| Untracked 
|  63|0x0000000083f00000, 0x0000000084000000, 0x0000000084000000|100%| O|  |TAMS 0x0000000083f00000, 0x0000000083f00000| Untracked 
|  64|0x0000000084000000, 0x0000000084100000, 0x0000000084100000|100%| O|  |TAMS 0x0000000084100000, 0x0000000084000000| Complete 
|  65|0x0000000084100000, 0x0000000084200000, 0x0000000084200000|100%| O|  |TAMS 0x0000000084200000, 0x0000000084100000| Untracked 
|  66|0x0000000084200000, 0x0000000084300000, 0x0000000084300000|100%| O|  |TAMS 0x0000000084300000, 0x0000000084200000| Untracked 
|  67|0x0000000084300000, 0x0000000084400000, 0x0000000084400000|100%| O|  |TAMS 0x0000000084400000, 0x0000000084300000| Complete 
|  68|0x0000000084400000, 0x000000008445d200, 0x0000000084500000| 36%| O|  |TAMS 0x0000000084400000, 0x0000000084400000| Untracked 
|  69|0x0000000084500000, 0x0000000084600000, 0x0000000084600000|100%| O|  |TAMS 0x0000000084600000, 0x0000000084500000| Untracked 
|  70|0x0000000084600000, 0x0000000084700000, 0x0000000084700000|100%| O|  |TAMS 0x0000000084700000, 0x0000000084600000| Untracked 
|  71|0x0000000084700000, 0x0000000084700000, 0x0000000084800000|  0%| F|  |TAMS 0x0000000084700000, 0x0000000084700000| Untracked 
|  72|0x0000000084800000, 0x0000000084800000, 0x0000000084900000|  0%| F|  |TAMS 0x0000000084800000, 0x0000000084800000| Untracked 
|  73|0x0000000084900000, 0x0000000084900000, 0x0000000084a00000|  0%| F|  |TAMS 0x0000000084900000, 0x0000000084900000| Untracked 
|  74|0x0000000084a00000, 0x0000000084a00000, 0x0000000084b00000|  0%| F|  |TAMS 0x0000000084a00000, 0x0000000084a00000| Untracked 
|  75|0x0000000084b00000, 0x0000000084c00000, 0x0000000084c00000|100%| O|  |TAMS 0x0000000084c00000, 0x0000000084b00000| Untracked 
|  76|0x0000000084c00000, 0x0000000084d00000, 0x0000000084d00000|100%| O|  |TAMS 0x0000000084d00000, 0x0000000084c00000| Complete 
|  77|0x0000000084d00000, 0x0000000084e00000, 0x0000000084e00000|100%| O|  |TAMS 0x0000000084e00000, 0x0000000084d00000| Complete 
|  78|0x0000000084e00000, 0x0000000084f00000, 0x0000000084f00000|100%| O|  |TAMS 0x0000000084f00000, 0x0000000084e00000| Complete 
|  79|0x0000000084f00000, 0x0000000085000000, 0x0000000085000000|100%| O|  |TAMS 0x0000000085000000, 0x0000000084f00000| Complete 
|  80|0x0000000085000000, 0x0000000085000000, 0x0000000085100000|  0%| F|  |TAMS 0x0000000085000000, 0x0000000085000000| Untracked 
|  81|0x0000000085100000, 0x0000000085200000, 0x0000000085200000|100%| O|  |TAMS 0x0000000085200000, 0x0000000085100000| Complete 
|  82|0x0000000085200000, 0x0000000085200000, 0x0000000085300000|  0%| F|  |TAMS 0x0000000085200000, 0x0000000085200000| Untracked 
|  83|0x0000000085300000, 0x0000000085300000, 0x0000000085400000|  0%| F|  |TAMS 0x0000000085300000, 0x0000000085300000| Untracked 
|  84|0x0000000085400000, 0x0000000085400000, 0x0000000085500000|  0%| F|  |TAMS 0x0000000085400000, 0x0000000085400000| Untracked 
|  85|0x0000000085500000, 0x0000000085500000, 0x0000000085600000|  0%| F|  |TAMS 0x0000000085500000, 0x0000000085500000| Untracked 
|  86|0x0000000085600000, 0x0000000085600000, 0x0000000085700000|  0%| F|  |TAMS 0x0000000085600000, 0x0000000085600000| Untracked 
|  87|0x0000000085700000, 0x0000000085800000, 0x0000000085800000|100%| O|  |TAMS 0x0000000085800000, 0x0000000085700000| Complete 
|  88|0x0000000085800000, 0x0000000085800000, 0x0000000085900000|  0%| F|  |TAMS 0x0000000085800000, 0x0000000085800000| Untracked 
|  89|0x0000000085900000, 0x0000000085900000, 0x0000000085a00000|  0%| F|  |TAMS 0x0000000085900000, 0x0000000085900000| Untracked 
|  90|0x0000000085a00000, 0x0000000085b00000, 0x0000000085b00000|100%| O|  |TAMS 0x0000000085b00000, 0x0000000085a00000| Complete 
|  91|0x0000000085b00000, 0x0000000085b00000, 0x0000000085c00000|  0%| F|  |TAMS 0x0000000085b00000, 0x0000000085b00000| Untracked 
|  92|0x0000000085c00000, 0x0000000085c00000, 0x0000000085d00000|  0%| F|  |TAMS 0x0000000085c00000, 0x0000000085c00000| Untracked 
|  93|0x0000000085d00000, 0x0000000085e00000, 0x0000000085e00000|100%| O|  |TAMS 0x0000000085e00000, 0x0000000085d00000| Complete 
|  94|0x0000000085e00000, 0x0000000085e00000, 0x0000000085f00000|  0%| F|  |TAMS 0x0000000085e00000, 0x0000000085e00000| Untracked 
|  95|0x0000000085f00000, 0x0000000086000000, 0x0000000086000000|100%| O|  |TAMS 0x0000000086000000, 0x0000000085f00000| Untracked 
|  96|0x0000000086000000, 0x0000000086100000, 0x0000000086100000|100%| O|  |TAMS 0x0000000086100000, 0x0000000086000000| Untracked 
|  97|0x0000000086100000, 0x0000000086200000, 0x0000000086200000|100%| O|  |TAMS 0x0000000086200000, 0x0000000086100000| Untracked 
|  98|0x0000000086200000, 0x0000000086300000, 0x0000000086300000|100%| O|  |TAMS 0x0000000086300000, 0x0000000086200000| Untracked 
|  99|0x0000000086300000, 0x0000000086300000, 0x0000000086400000|  0%| F|  |TAMS 0x0000000086300000, 0x0000000086300000| Untracked 
| 100|0x0000000086400000, 0x0000000086400000, 0x0000000086500000|  0%| F|  |TAMS 0x0000000086400000, 0x0000000086400000| Untracked 
| 101|0x0000000086500000, 0x0000000086500000, 0x0000000086600000|  0%| F|  |TAMS 0x0000000086500000, 0x0000000086500000| Untracked 
| 102|0x0000000086600000, 0x0000000086600000, 0x0000000086700000|  0%| F|  |TAMS 0x0000000086600000, 0x0000000086600000| Untracked 
| 103|0x0000000086700000, 0x0000000086700000, 0x0000000086800000|  0%| F|  |TAMS 0x0000000086700000, 0x0000000086700000| Untracked 
| 104|0x0000000086800000, 0x0000000086800000, 0x0000000086900000|  0%| F|  |TAMS 0x0000000086800000, 0x0000000086800000| Untracked 
| 105|0x0000000086900000, 0x0000000086900000, 0x0000000086a00000|  0%| F|  |TAMS 0x0000000086900000, 0x0000000086900000| Untracked 
| 106|0x0000000086a00000, 0x0000000086a00000, 0x0000000086b00000|  0%| F|  |TAMS 0x0000000086a00000, 0x0000000086a00000| Untracked 
| 107|0x0000000086b00000, 0x0000000086b00000, 0x0000000086c00000|  0%| F|  |TAMS 0x0000000086b00000, 0x0000000086b00000| Untracked 
| 108|0x0000000086c00000, 0x0000000086c00000, 0x0000000086d00000|  0%| F|  |TAMS 0x0000000086c00000, 0x0000000086c00000| Untracked 
| 109|0x0000000086d00000, 0x0000000086d00000, 0x0000000086e00000|  0%| F|  |TAMS 0x0000000086d00000, 0x0000000086d00000| Untracked 
| 110|0x0000000086e00000, 0x0000000086e00000, 0x0000000086f00000|  0%| F|  |TAMS 0x0000000086e00000, 0x0000000086e00000| Untracked 
| 111|0x0000000086f00000, 0x0000000086f00000, 0x0000000087000000|  0%| F|  |TAMS 0x0000000086f00000, 0x0000000086f00000| Untracked 
| 112|0x0000000087000000, 0x0000000087100000, 0x0000000087100000|100%| O|  |TAMS 0x0000000087100000, 0x0000000087000000| Complete 
| 113|0x0000000087100000, 0x0000000087100000, 0x0000000087200000|  0%| F|  |TAMS 0x0000000087100000, 0x0000000087100000| Untracked 
| 114|0x0000000087200000, 0x0000000087200000, 0x0000000087300000|  0%| F|  |TAMS 0x0000000087200000, 0x0000000087200000| Untracked 
| 115|0x0000000087300000, 0x0000000087300000, 0x0000000087400000|  0%| F|  |TAMS 0x0000000087300000, 0x0000000087300000| Untracked 
| 116|0x0000000087400000, 0x0000000087400000, 0x0000000087500000|  0%| F|  |TAMS 0x0000000087400000, 0x0000000087400000| Untracked 
| 117|0x0000000087500000, 0x0000000087500000, 0x0000000087600000|  0%| F|  |TAMS 0x0000000087500000, 0x0000000087500000| Untracked 
| 118|0x0000000087600000, 0x0000000087600000, 0x0000000087700000|  0%| F|  |TAMS 0x0000000087600000, 0x0000000087600000| Untracked 
| 119|0x0000000087700000, 0x0000000087700000, 0x0000000087800000|  0%| F|  |TAMS 0x0000000087700000, 0x0000000087700000| Untracked 
| 120|0x0000000087800000, 0x0000000087800000, 0x0000000087900000|  0%| F|  |TAMS 0x0000000087800000, 0x0000000087800000| Untracked 
| 121|0x0000000087900000, 0x0000000087900000, 0x0000000087a00000|  0%| F|  |TAMS 0x0000000087900000, 0x0000000087900000| Untracked 
| 122|0x0000000087a00000, 0x0000000087a00000, 0x0000000087b00000|  0%| F|  |TAMS 0x0000000087a00000, 0x0000000087a00000| Untracked 
| 123|0x0000000087b00000, 0x0000000087b00000, 0x0000000087c00000|  0%| F|  |TAMS 0x0000000087b00000, 0x0000000087b00000| Untracked 
| 124|0x0000000087c00000, 0x0000000087c00000, 0x0000000087d00000|  0%| F|  |TAMS 0x0000000087c00000, 0x0000000087c00000| Untracked 
| 125|0x0000000087d00000, 0x0000000087d00000, 0x0000000087e00000|  0%| F|  |TAMS 0x0000000087d00000, 0x0000000087d00000| Untracked 
| 126|0x0000000087e00000, 0x0000000087e00000, 0x0000000087f00000|  0%| F|  |TAMS 0x0000000087e00000, 0x0000000087e00000| Untracked 
| 127|0x0000000087f00000, 0x0000000087f00000, 0x0000000088000000|  0%| F|  |TAMS 0x0000000087f00000, 0x0000000087f00000| Untracked 
| 128|0x0000000088000000, 0x0000000088000000, 0x0000000088100000|  0%| F|  |TAMS 0x0000000088000000, 0x0000000088000000| Untracked 
| 129|0x0000000088100000, 0x0000000088100000, 0x0000000088200000|  0%| F|  |TAMS 0x0000000088100000, 0x0000000088100000| Untracked 
| 130|0x0000000088200000, 0x0000000088200000, 0x0000000088300000|  0%| F|  |TAMS 0x0000000088200000, 0x0000000088200000| Untracked 
| 131|0x0000000088300000, 0x0000000088300000, 0x0000000088400000|  0%| F|  |TAMS 0x0000000088300000, 0x0000000088300000| Untracked 
| 132|0x0000000088400000, 0x0000000088400000, 0x0000000088500000|  0%| F|  |TAMS 0x0000000088400000, 0x0000000088400000| Untracked 
| 133|0x0000000088500000, 0x0000000088500000, 0x0000000088600000|  0%| F|  |TAMS 0x0000000088500000, 0x0000000088500000| Untracked 
| 134|0x0000000088600000, 0x0000000088600000, 0x0000000088700000|  0%| F|  |TAMS 0x0000000088600000, 0x0000000088600000| Untracked 
| 135|0x0000000088700000, 0x0000000088700000, 0x0000000088800000|  0%| F|  |TAMS 0x0000000088700000, 0x0000000088700000| Untracked 
| 136|0x0000000088800000, 0x0000000088800000, 0x0000000088900000|  0%| F|  |TAMS 0x0000000088800000, 0x0000000088800000| Untracked 
| 137|0x0000000088900000, 0x0000000088900000, 0x0000000088a00000|  0%| F|  |TAMS 0x0000000088900000, 0x0000000088900000| Untracked 
| 138|0x0000000088a00000, 0x0000000088a00000, 0x0000000088b00000|  0%| F|  |TAMS 0x0000000088a00000, 0x0000000088a00000| Untracked 
| 139|0x0000000088b00000, 0x0000000088b00000, 0x0000000088c00000|  0%| F|  |TAMS 0x0000000088b00000, 0x0000000088b00000| Untracked 
| 140|0x0000000088c00000, 0x0000000088c00000, 0x0000000088d00000|  0%| F|  |TAMS 0x0000000088c00000, 0x0000000088c00000| Untracked 
| 141|0x0000000088d00000, 0x0000000088d00000, 0x0000000088e00000|  0%| F|  |TAMS 0x0000000088d00000, 0x0000000088d00000| Untracked 
| 142|0x0000000088e00000, 0x0000000088e00000, 0x0000000088f00000|  0%| F|  |TAMS 0x0000000088e00000, 0x0000000088e00000| Untracked 
| 143|0x0000000088f00000, 0x0000000088f00000, 0x0000000089000000|  0%| F|  |TAMS 0x0000000088f00000, 0x0000000088f00000| Untracked 
| 144|0x0000000089000000, 0x0000000089000000, 0x0000000089100000|  0%| F|  |TAMS 0x0000000089000000, 0x0000000089000000| Untracked 
| 145|0x0000000089100000, 0x0000000089100000, 0x0000000089200000|  0%| F|  |TAMS 0x0000000089100000, 0x0000000089100000| Untracked 
| 146|0x0000000089200000, 0x0000000089200000, 0x0000000089300000|  0%| F|  |TAMS 0x0000000089200000, 0x0000000089200000| Untracked 
| 147|0x0000000089300000, 0x0000000089300000, 0x0000000089400000|  0%| F|  |TAMS 0x0000000089300000, 0x0000000089300000| Untracked 
| 148|0x0000000089400000, 0x0000000089400000, 0x0000000089500000|  0%| F|  |TAMS 0x0000000089400000, 0x0000000089400000| Untracked 
| 149|0x0000000089500000, 0x0000000089500000, 0x0000000089600000|  0%| F|  |TAMS 0x0000000089500000, 0x0000000089500000| Untracked 
| 150|0x0000000089600000, 0x0000000089600000, 0x0000000089700000|  0%| F|  |TAMS 0x0000000089600000, 0x0000000089600000| Untracked 
| 151|0x0000000089700000, 0x0000000089700000, 0x0000000089800000|  0%| F|  |TAMS 0x0000000089700000, 0x0000000089700000| Untracked 
| 152|0x0000000089800000, 0x0000000089800000, 0x0000000089900000|  0%| F|  |TAMS 0x0000000089800000, 0x0000000089800000| Untracked 
| 153|0x0000000089900000, 0x0000000089980a90, 0x0000000089a00000| 50%| S|CS|TAMS 0x0000000089900000, 0x0000000089900000| Complete 
| 154|0x0000000089a00000, 0x0000000089a00000, 0x0000000089b00000|  0%| F|  |TAMS 0x0000000089a00000, 0x0000000089a00000| Untracked 
| 155|0x0000000089b00000, 0x0000000089b00000, 0x0000000089c00000|  0%| F|  |TAMS 0x0000000089b00000, 0x0000000089b00000| Untracked 
| 156|0x0000000089c00000, 0x0000000089c00000, 0x0000000089d00000|  0%| F|  |TAMS 0x0000000089c00000, 0x0000000089c00000| Untracked 
| 157|0x0000000089d00000, 0x0000000089d00000, 0x0000000089e00000|  0%| F|  |TAMS 0x0000000089d00000, 0x0000000089d00000| Untracked 
| 158|0x0000000089e00000, 0x0000000089e00000, 0x0000000089f00000|  0%| F|  |TAMS 0x0000000089e00000, 0x0000000089e00000| Untracked 

Card table byte_map: [0x0000020cb7330000,0x0000020cb7730000] _byte_map_base: 0x0000020cb6f30000

Marking Bits (Prev, Next): (CMBitMap*) 0x0000020ca445e4e8, (CMBitMap*) 0x0000020ca445e520
 Prev Bits: [0x0000020cb7b30000, 0x0000020cb9b30000)
 Next Bits: [0x0000020cb9b30000, 0x0000020cbbb30000)

Polling page: 0x0000020ca2410000

Metaspace:

Usage:
  Non-class:     80.65 MB capacity,    79.33 MB ( 98%) used,     1.07 MB (  1%) free+waste,   247.50 KB ( <1%) overhead. 
      Class:     12.09 MB capacity,    11.33 MB ( 94%) used,   662.88 KB (  5%) free+waste,   111.44 KB ( <1%) overhead. 
       Both:     92.74 MB capacity,    90.67 MB ( 98%) used,     1.72 MB (  2%) free+waste,   358.94 KB ( <1%) overhead. 

Virtual space:
  Non-class space:       82.00 MB reserved,      80.84 MB ( 99%) committed 
      Class space:        1.00 GB reserved,      12.20 MB (  1%) committed 
             Both:        1.08 GB reserved,      93.04 MB (  8%) committed 

Chunk freelists:
   Non-Class:  69.00 KB
       Class:  35.00 KB
        Both:  104.00 KB

MaxMetaspaceSize: 17179869184.00 GB
CompressedClassSpaceSize: 1.00 GB
Initial GC threshold: 20.80 MB
Current GC threshold: 153.61 MB
CDS: off

CodeHeap 'non-profiled nmethods': size=120064Kb used=6440Kb max_used=6440Kb free=113623Kb
 bounds [0x0000020caf9f0000, 0x0000020cb0040000, 0x0000020cb6f30000]
CodeHeap 'profiled nmethods': size=120000Kb used=25435Kb max_used=25435Kb free=94564Kb
 bounds [0x0000020ca84c0000, 0x0000020ca9da0000, 0x0000020caf9f0000]
CodeHeap 'non-nmethods': size=5696Kb used=2376Kb max_used=2425Kb free=3319Kb
 bounds [0x0000020ca7f30000, 0x0000020ca81a0000, 0x0000020ca84c0000]
 total_blobs=12667 nmethods=11770 adapters=809
 compilation: enabled
              stopped_count=0, restarted_count=0
 full_count=0

Compilation events (20 events):
Event: 71.371 Thread 0x0000020cbe9be000 nmethod 11961% 0x0000020cb0036f90 code [0x0000020cb0037200, 0x0000020cb0038d98]
Event: 71.371 Thread 0x0000020cbe9be000 11920       4       com.esotericsoftware.kryo.io.Output::writeString (125 bytes)
Event: 71.372 Thread 0x0000020cbe9bf000 12013   !   2       org.gradle.api.internal.GeneratedSubclasses::unpack (39 bytes)
Event: 71.373 Thread 0x0000020cbe9bf000 nmethod 12013 0x0000020ca9d92510 code [0x0000020ca9d92720, 0x0000020ca9d92b68]
Event: 71.382 Thread 0x0000020cbe9bf000 12014       2       org.gradle.internal.io.StreamByteBuffer::prepareRead (102 bytes)
Event: 71.383 Thread 0x0000020cbe9bf000 nmethod 12014 0x0000020ca9d92e90 code [0x0000020ca9d93060, 0x0000020ca9d933d8]
Event: 71.394 Thread 0x0000020cbe9bf000 12016       2       org.apache.xerces.util.URI::isPathCharacter (24 bytes)
Event: 71.394 Thread 0x0000020cbe9bf000 nmethod 12016 0x0000020ca9d93590 code [0x0000020ca9d93740, 0x0000020ca9d93878]
Event: 71.398 Thread 0x0000020cbe9bf000 12018   !   2       org.gradle.internal.operations.DefaultBuildOperationQueue$WorkerRunnable::runOperation (26 bytes)
Event: 71.399 Thread 0x0000020cbe9be000 nmethod 11920 0x0000020cb0039590 code [0x0000020cb0039760, 0x0000020cb0039df0]
Event: 71.399 Thread 0x0000020cbe9be000 12015       4       org.gradle.internal.snapshot.VfsRelativePath::hasPrefix (114 bytes)
Event: 71.399 Thread 0x0000020cbe9bf000 nmethod 12018 0x0000020ca9d93990 code [0x0000020ca9d93b60, 0x0000020ca9d93d38]
Event: 71.399 Thread 0x0000020cbe9bf000 12019       2       org.gradle.internal.operations.DefaultBuildOperationExecutor$QueueWorker::execute (22 bytes)
Event: 71.399 Thread 0x0000020cbe9bf000 nmethod 12019 0x0000020ca9d93f90 code [0x0000020ca9d94140, 0x0000020ca9d94268]
Event: 71.399 Thread 0x0000020cbe9bf000 12020       2       com.android.aaptcompiler.StringPool::encodeString (448 bytes)
Event: 71.403 Thread 0x0000020cbe9bf000 nmethod 12020 0x0000020ca9d94390 code [0x0000020ca9d947a0, 0x0000020ca9d958c8]
Event: 71.403 Thread 0x0000020cbe9bf000 12021       2       org.gradle.internal.operations.DefaultBuildOperationExecutor$$Lambda$535/0x0000000100658040::execute (11 bytes)
Event: 71.403 Thread 0x0000020cbe9bf000 nmethod 12021 0x0000020ca9d96490 code [0x0000020ca9d96640, 0x0000020ca9d967a8]
Event: 71.407 Thread 0x0000020cbe9bf000 12022       2       java.util.Collections::indexedBinarySearch (83 bytes)
Event: 71.407 Thread 0x0000020cbe9bf000 nmethod 12022 0x0000020ca9d96890 code [0x0000020ca9d96a60, 0x0000020ca9d96ce8]

GC Heap History (20 events):
Event: 66.321 GC heap after
{Heap after GC invocations=35 (full 0):
 garbage-first heap   total 135168K, used 104811K [0x0000000080000000, 0x0000000100000000)
  region size 1024K, 2 young (2048K), 2 survivors (2048K)
 Metaspace       used 87059K, capacity 89082K, committed 89384K, reserved 1126400K
  class space    used 11137K, capacity 11890K, committed 11980K, reserved 1048576K
}
Event: 66.429 GC heap before
{Heap before GC invocations=35 (full 0):
 garbage-first heap   total 135168K, used 111979K [0x0000000080000000, 0x0000000100000000)
  region size 1024K, 10 young (10240K), 2 survivors (2048K)
 Metaspace       used 87199K, capacity 89245K, committed 89384K, reserved 1126400K
  class space    used 11148K, capacity 11923K, committed 11980K, reserved 1048576K
}
Event: 66.434 GC heap after
{Heap after GC invocations=36 (full 0):
 garbage-first heap   total 135168K, used 106617K [0x0000000080000000, 0x0000000100000000)
  region size 1024K, 2 young (2048K), 2 survivors (2048K)
 Metaspace       used 87199K, capacity 89245K, committed 89384K, reserved 1126400K
  class space    used 11148K, capacity 11923K, committed 11980K, reserved 1048576K
}
Event: 66.761 GC heap before
{Heap before GC invocations=36 (full 0):
 garbage-first heap   total 135168K, used 113785K [0x0000000080000000, 0x0000000100000000)
  region size 1024K, 9 young (9216K), 2 survivors (2048K)
 Metaspace       used 88045K, capacity 90115K, committed 90536K, reserved 1128448K
  class space    used 11216K, capacity 11991K, committed 12108K, reserved 1048576K
}
Event: 66.769 GC heap after
{Heap after GC invocations=37 (full 0):
 garbage-first heap   total 135168K, used 107671K [0x0000000080000000, 0x0000000100000000)
  region size 1024K, 2 young (2048K), 2 survivors (2048K)
 Metaspace       used 88045K, capacity 90115K, committed 90536K, reserved 1128448K
  class space    used 11216K, capacity 11991K, committed 12108K, reserved 1048576K
}
Event: 67.215 GC heap before
{Heap before GC invocations=38 (full 0):
 garbage-first heap   total 135168K, used 111767K [0x0000000080000000, 0x0000000100000000)
  region size 1024K, 9 young (9216K), 2 survivors (2048K)
 Metaspace       used 89198K, capacity 91300K, committed 91688K, reserved 1128448K
  class space    used 11302K, capacity 12087K, committed 12236K, reserved 1048576K
}
Event: 67.222 GC heap after
{Heap after GC invocations=39 (full 0):
 garbage-first heap   total 135168K, used 106724K [0x0000000080000000, 0x0000000100000000)
  region size 1024K, 1 young (1024K), 1 survivors (1024K)
 Metaspace       used 89198K, capacity 91300K, committed 91688K, reserved 1128448K
  class space    used 11302K, capacity 12087K, committed 12236K, reserved 1048576K
}
Event: 67.392 GC heap before
{Heap before GC invocations=39 (full 0):
 garbage-first heap   total 135168K, used 110820K [0x0000000080000000, 0x0000000100000000)
  region size 1024K, 6 young (6144K), 1 survivors (1024K)
 Metaspace       used 90025K, capacity 92068K, committed 92456K, reserved 1130496K
  class space    used 11376K, capacity 12151K, committed 12236K, reserved 1048576K
}
Event: 67.400 GC heap after
{Heap after GC invocations=40 (full 0):
 garbage-first heap   total 162816K, used 106316K [0x0000000080000000, 0x0000000100000000)
  region size 1024K, 1 young (1024K), 1 survivors (1024K)
 Metaspace       used 90025K, capacity 92068K, committed 92456K, reserved 1130496K
  class space    used 11376K, capacity 12151K, committed 12236K, reserved 1048576K
}
Event: 68.508 GC heap before
{Heap before GC invocations=40 (full 0):
 garbage-first heap   total 162816K, used 125772K [0x0000000080000000, 0x0000000100000000)
  region size 1024K, 20 young (20480K), 1 survivors (1024K)
 Metaspace       used 90565K, capacity 92622K, committed 92968K, reserved 1130496K
  class space    used 11400K, capacity 12183K, committed 12236K, reserved 1048576K
}
Event: 68.519 GC heap after
{Heap after GC invocations=41 (full 0):
 garbage-first heap   total 162816K, used 108371K [0x0000000080000000, 0x0000000100000000)
  region size 1024K, 3 young (3072K), 3 survivors (3072K)
 Metaspace       used 90565K, capacity 92622K, committed 92968K, reserved 1130496K
  class space    used 11400K, capacity 12183K, committed 12236K, reserved 1048576K
}
Event: 69.929 GC heap before
{Heap before GC invocations=42 (full 0):
 garbage-first heap   total 162816K, used 115539K [0x0000000080000000, 0x0000000100000000)
  region size 1024K, 22 young (22528K), 3 survivors (3072K)
 Metaspace       used 90659K, capacity 92759K, committed 92968K, reserved 1130496K
  class space    used 11404K, capacity 12185K, committed 12236K, reserved 1048576K
}
Event: 69.940 GC heap after
{Heap after GC invocations=43 (full 0):
 garbage-first heap   total 162816K, used 97467K [0x0000000080000000, 0x0000000100000000)
  region size 1024K, 2 young (2048K), 2 survivors (2048K)
 Metaspace       used 90659K, capacity 92759K, committed 92968K, reserved 1130496K
  class space    used 11404K, capacity 12185K, committed 12236K, reserved 1048576K
}
Event: 69.976 GC heap before
{Heap before GC invocations=43 (full 0):
 garbage-first heap   total 162816K, used 102587K [0x0000000080000000, 0x0000000100000000)
  region size 1024K, 7 young (7168K), 2 survivors (2048K)
 Metaspace       used 90685K, capacity 92759K, committed 92968K, reserved 1130496K
  class space    used 11409K, capacity 12185K, committed 12236K, reserved 1048576K
}
Event: 69.985 GC heap after
{Heap after GC invocations=44 (full 0):
 garbage-first heap   total 162816K, used 84886K [0x0000000080000000, 0x0000000100000000)
  region size 1024K, 1 young (1024K), 1 survivors (1024K)
 Metaspace       used 90685K, capacity 92759K, committed 92968K, reserved 1130496K
  class space    used 11409K, capacity 12185K, committed 12236K, reserved 1048576K
}
Event: 70.422 GC heap before
{Heap before GC invocations=44 (full 0):
 garbage-first heap   total 162816K, used 114582K [0x0000000080000000, 0x0000000100000000)
  region size 1024K, 31 young (31744K), 1 survivors (1024K)
 Metaspace       used 91595K, capacity 93655K, committed 93864K, reserved 1130496K
  class space    used 11479K, capacity 12249K, committed 12364K, reserved 1048576K
}
Event: 70.436 GC heap after
{Heap after GC invocations=45 (full 0):
 garbage-first heap   total 162816K, used 89255K [0x0000000080000000, 0x0000000100000000)
  region size 1024K, 4 young (4096K), 4 survivors (4096K)
 Metaspace       used 91595K, capacity 93655K, committed 93864K, reserved 1130496K
  class space    used 11479K, capacity 12249K, committed 12364K, reserved 1048576K
}
Event: 71.289 GC heap before
{Heap before GC invocations=46 (full 0):
 garbage-first heap   total 162816K, used 119975K [0x0000000080000000, 0x0000000100000000)
  region size 1024K, 34 young (34816K), 4 survivors (4096K)
 Metaspace       used 92741K, capacity 94836K, committed 95016K, reserved 1132544K
  class space    used 11603K, capacity 12381K, committed 12492K, reserved 1048576K
}
Event: 71.301 GC heap after
{Heap after GC invocations=47 (full 0):
 garbage-first heap   total 162816K, used 87799K [0x0000000080000000, 0x0000000100000000)
  region size 1024K, 2 young (2048K), 2 survivors (2048K)
 Metaspace       used 92741K, capacity 94836K, committed 95016K, reserved 1132544K
  class space    used 11603K, capacity 12381K, committed 12492K, reserved 1048576K
}
Event: 71.410 GC heap before
{Heap before GC invocations=47 (full 0):
 garbage-first heap   total 162816K, used 91895K [0x0000000080000000, 0x0000000100000000)
  region size 1024K, 7 young (7168K), 2 survivors (2048K)
 Metaspace       used 92845K, capacity 94964K, committed 95272K, reserved 1132544K
  class space    used 11606K, capacity 12381K, committed 12492K, reserved 1048576K
}

Deoptimization events (20 events):
Event: 71.319 Thread 0x0000020cc4df3000 DEOPT PACKING pc=0x0000020caff2bc2c sp=0x0000001d9aafd7c0
Event: 71.319 Thread 0x0000020cc4df3000 DEOPT UNPACKING pc=0x0000020ca7f7a1af sp=0x0000001d9aafd7a0 mode 2
Event: 71.319 Thread 0x0000020cc4df3000 Uncommon trap: trap_request=0xffffffc6 fr.pc=0x0000020caff2bc2c relative=0x000000000000034c
Event: 71.319 Thread 0x0000020cc4df3000 Uncommon trap: reason=bimorphic_or_optimized_type_check action=maybe_recompile pc=0x0000020caff2bc2c method=org.apache.xerces.dom.ElementImpl.getAttributes()Lorg/w3c/dom/NamedNodeMap; @ 8 c2
Event: 71.319 Thread 0x0000020cc4df3000 DEOPT PACKING pc=0x0000020caff2bc2c sp=0x0000001d9aafd7c0
Event: 71.319 Thread 0x0000020cc4df3000 DEOPT UNPACKING pc=0x0000020ca7f7a1af sp=0x0000001d9aafd7a0 mode 2
Event: 71.319 Thread 0x0000020cc4df3000 Uncommon trap: trap_request=0xffffffc6 fr.pc=0x0000020caff2bc2c relative=0x000000000000034c
Event: 71.319 Thread 0x0000020cc4df3000 Uncommon trap: reason=bimorphic_or_optimized_type_check action=maybe_recompile pc=0x0000020caff2bc2c method=org.apache.xerces.dom.ElementImpl.getAttributes()Lorg/w3c/dom/NamedNodeMap; @ 8 c2
Event: 71.319 Thread 0x0000020cc4df3000 DEOPT PACKING pc=0x0000020caff2bc2c sp=0x0000001d9aafd7c0
Event: 71.319 Thread 0x0000020cc4df3000 DEOPT UNPACKING pc=0x0000020ca7f7a1af sp=0x0000001d9aafd7a0 mode 2
Event: 71.324 Thread 0x0000020cc4df1000 DEOPT PACKING pc=0x0000020ca9c7b1e2 sp=0x0000001d9abfd670
Event: 71.324 Thread 0x0000020cc4df1000 DEOPT UNPACKING pc=0x0000020ca7f7a95e sp=0x0000001d9abfcb90 mode 0
Event: 71.332 Thread 0x0000020cc4df3800 DEOPT PACKING pc=0x0000020ca9c7b0b0 sp=0x0000001d94afd9e0
Event: 71.332 Thread 0x0000020cc4df3800 DEOPT UNPACKING pc=0x0000020ca7f7a95e sp=0x0000001d94afcf00 mode 0
Event: 71.392 Thread 0x0000020cc314d800 DEOPT PACKING pc=0x0000020ca9ca518f sp=0x0000001d9a7f8cf0
Event: 71.392 Thread 0x0000020cc314d800 DEOPT UNPACKING pc=0x0000020ca7f7a95e sp=0x0000001d9a7f8218 mode 0
Event: 71.393 Thread 0x0000020cc4df3000 DEOPT PACKING pc=0x0000020ca855b2b4 sp=0x0000001d9aafd4a0
Event: 71.394 Thread 0x0000020cc4df3000 DEOPT UNPACKING pc=0x0000020ca7f7a95e sp=0x0000001d9aafc9f0 mode 0
Event: 71.408 Thread 0x0000020cc4df1000 DEOPT PACKING pc=0x0000020ca9c7b0b0 sp=0x0000001d9abfcaf0
Event: 71.408 Thread 0x0000020cc4df1000 DEOPT UNPACKING pc=0x0000020ca7f7a95e sp=0x0000001d9abfc010 mode 0

Classes redefined (0 events):
No events

Internal exceptions (20 events):
Event: 67.457 Thread 0x0000020cc3151800 Exception <a 'sun/nio/fs/WindowsException'{0x0000000089b211a8}> (0x0000000089b211a8) thrown at [./src/hotspot/share/prims/jni.cpp, line 616]
Event: 67.634 Thread 0x0000020cc3151800 Exception <a 'sun/nio/fs/WindowsException'{0x0000000089b22650}> (0x0000000089b22650) thrown at [./src/hotspot/share/prims/jni.cpp, line 616]
Event: 68.105 Thread 0x0000020cc3151800 Exception <a 'sun/nio/fs/WindowsException'{0x0000000089b23b60}> (0x0000000089b23b60) thrown at [./src/hotspot/share/prims/jni.cpp, line 616]
Event: 68.107 Thread 0x0000020cc3151800 Exception <a 'sun/nio/fs/WindowsException'{0x0000000089223968}> (0x0000000089223968) thrown at [./src/hotspot/share/prims/jni.cpp, line 616]
Event: 69.313 Thread 0x0000020cc3151800 Exception <a 'sun/nio/fs/WindowsException'{0x0000000089ca4d08}> (0x0000000089ca4d08) thrown at [./src/hotspot/share/prims/jni.cpp, line 616]
Event: 69.340 Thread 0x0000020cc3151800 Exception <a 'sun/nio/fs/WindowsException'{0x0000000089bf4520}> (0x0000000089bf4520) thrown at [./src/hotspot/share/prims/jni.cpp, line 616]
Event: 69.358 Thread 0x0000020cc3151800 Exception <a 'sun/nio/fs/WindowsException'{0x0000000089bf5ab0}> (0x0000000089bf5ab0) thrown at [./src/hotspot/share/prims/jni.cpp, line 616]
Event: 69.366 Thread 0x0000020cc3151800 Exception <a 'sun/nio/fs/WindowsException'{0x000000008991c9d0}> (0x000000008991c9d0) thrown at [./src/hotspot/share/prims/jni.cpp, line 616]
Event: 69.375 Thread 0x0000020cc3151800 Exception <a 'sun/nio/fs/WindowsException'{0x000000008991de38}> (0x000000008991de38) thrown at [./src/hotspot/share/prims/jni.cpp, line 616]
Event: 69.379 Thread 0x0000020cc3151800 Exception <a 'sun/nio/fs/WindowsException'{0x00000000899bb268}> (0x00000000899bb268) thrown at [./src/hotspot/share/prims/jni.cpp, line 616]
Event: 69.383 Thread 0x0000020cc3151800 Exception <a 'sun/nio/fs/WindowsException'{0x00000000899bc810}> (0x00000000899bc810) thrown at [./src/hotspot/share/prims/jni.cpp, line 616]
Event: 69.541 Thread 0x0000020cc3151800 Exception <a 'sun/nio/fs/WindowsException'{0x00000000898ba7f8}> (0x00000000898ba7f8) thrown at [./src/hotspot/share/prims/jni.cpp, line 616]
Event: 69.550 Thread 0x0000020cc3151800 Exception <a 'sun/nio/fs/WindowsException'{0x00000000898bbc30}> (0x00000000898bbc30) thrown at [./src/hotspot/share/prims/jni.cpp, line 616]
Event: 69.555 Thread 0x0000020cc3151800 Exception <a 'sun/nio/fs/WindowsException'{0x0000000089786098}> (0x0000000089786098) thrown at [./src/hotspot/share/prims/jni.cpp, line 616]
Event: 69.558 Thread 0x0000020cc3151800 Exception <a 'sun/nio/fs/WindowsException'{0x00000000897fe270}> (0x00000000897fe270) thrown at [./src/hotspot/share/prims/jni.cpp, line 616]
Event: 69.561 Thread 0x0000020cc3151800 Exception <a 'sun/nio/fs/WindowsException'{0x00000000897ff708}> (0x00000000897ff708) thrown at [./src/hotspot/share/prims/jni.cpp, line 616]
Event: 70.072 Thread 0x0000020cc3151800 Exception <a 'sun/nio/fs/WindowsException'{0x0000000089c225c0}> (0x0000000089c225c0) thrown at [./src/hotspot/share/prims/jni.cpp, line 616]
Event: 70.072 Thread 0x0000020cc3151800 Exception <a 'sun/nio/fs/WindowsException'{0x0000000089c23470}> (0x0000000089c23470) thrown at [./src/hotspot/share/prims/jni.cpp, line 616]
Event: 71.215 Thread 0x0000020cc314d800 Exception <a 'sun/nio/fs/WindowsException'{0x0000000088468258}> (0x0000000088468258) thrown at [./src/hotspot/share/prims/jni.cpp, line 616]
Event: 71.215 Thread 0x0000020cc314d800 Exception <a 'sun/nio/fs/WindowsException'{0x0000000088469100}> (0x0000000088469100) thrown at [./src/hotspot/share/prims/jni.cpp, line 616]

Events (20 events):
Event: 71.285 loading class com/android/ide/common/symbols/Symbol$BasicNormalSymbol done
Event: 71.287 loading class org/apache/xerces/util/URI
Event: 71.287 loading class org/apache/xerces/util/URI done
Event: 71.287 Executing VM operation: RevokeBias
Event: 71.288 Executing VM operation: RevokeBias done
Event: 71.289 Executing VM operation: G1CollectForAllocation
Event: 71.301 Executing VM operation: G1CollectForAllocation done
Event: 71.305 loading class java/net/HttpURLConnection
Event: 71.307 loading class java/net/HttpURLConnection done
Event: 71.308 loading class sun/net/ProgressMonitor
Event: 71.309 loading class sun/net/ProgressMonitor done
Event: 71.309 loading class sun/net/DefaultProgressMeteringPolicy
Event: 71.309 loading class sun/net/ProgressMeteringPolicy
Event: 71.309 loading class sun/net/ProgressMeteringPolicy done
Event: 71.309 loading class sun/net/DefaultProgressMeteringPolicy done
Event: 71.310 loading class org/apache/xerces/impl/XMLEntityManager$EncodingInfo
Event: 71.310 loading class org/apache/xerces/impl/XMLEntityManager$EncodingInfo done
Event: 71.316 loading class com/android/ide/common/symbols/ResourceExtraXmlParser
Event: 71.316 loading class com/android/ide/common/symbols/ResourceExtraXmlParser done
Event: 71.409 Executing VM operation: G1CollectForAllocation


Dynamic libraries:
0x00007ff764e70000 - 0x00007ff764e7a000 	C:\Program Files\Android\Android Studio\jre\bin\java.exe
0x00007ffed7200000 - 0x00007ffed73f0000 	C:\Windows\SYSTEM32\ntdll.dll
0x00007ffed6200000 - 0x00007ffed62b2000 	C:\Windows\System32\KERNEL32.DLL
0x00007ffed4f70000 - 0x00007ffed5215000 	C:\Windows\System32\KERNELBASE.dll
0x00007ffed49b0000 - 0x00007ffed4aaa000 	C:\Windows\System32\ucrtbase.dll
0x00007ffec1280000 - 0x00007ffec1297000 	C:\Program Files\Android\Android Studio\jre\bin\VCRUNTIME140.dll
0x00007ffec12a0000 - 0x00007ffec12b9000 	C:\Program Files\Android\Android Studio\jre\bin\jli.dll
0x00007ffed5f80000 - 0x00007ffed6114000 	C:\Windows\System32\USER32.dll
0x00007ffed4cd0000 - 0x00007ffed4cf1000 	C:\Windows\System32\win32u.dll
0x00007ffec4a60000 - 0x00007ffec4ce4000 	C:\Windows\WinSxS\amd64_microsoft.windows.common-controls_6595b64144ccf1df_6.0.18362.1256_none_9e7e379be45e40e2\COMCTL32.dll
0x00007ffed6bf0000 - 0x00007ffed6c16000 	C:\Windows\System32\GDI32.dll
0x00007ffed6c20000 - 0x00007ffed6cbe000 	C:\Windows\System32\msvcrt.dll
0x00007ffed62c0000 - 0x00007ffed65f6000 	C:\Windows\System32\combase.dll
0x00007ffed5ae0000 - 0x00007ffed5c00000 	C:\Windows\System32\RPCRT4.dll
0x00007ffed4b10000 - 0x00007ffed4ca6000 	C:\Windows\System32\gdi32full.dll
0x00007ffed5220000 - 0x00007ffed52a1000 	C:\Windows\System32\bcryptPrimitives.dll
0x00007ffed4d80000 - 0x00007ffed4e1e000 	C:\Windows\System32\msvcp_win.dll
0x00007ffed5ab0000 - 0x00007ffed5ade000 	C:\Windows\System32\IMM32.DLL
0x00007ffea9d90000 - 0x00007ffea9e2d000 	C:\Program Files\Android\Android Studio\jre\bin\msvcp140.dll
0x00007ffe72240000 - 0x00007ffe72d42000 	C:\Program Files\Android\Android Studio\jre\bin\server\jvm.dll
0x00007ffed6cf0000 - 0x00007ffed6d93000 	C:\Windows\System32\ADVAPI32.dll
0x00007ffed5320000 - 0x00007ffed53b7000 	C:\Windows\System32\sechost.dll
0x00007ffed6f10000 - 0x00007ffed6f18000 	C:\Windows\System32\PSAPI.DLL
0x00007ffe7cdf0000 - 0x00007ffe7cdf9000 	C:\Windows\SYSTEM32\WSOCK32.dll
0x00007ffed6120000 - 0x00007ffed618f000 	C:\Windows\System32\WS2_32.dll
0x00007ffed1ab0000 - 0x00007ffed1ad4000 	C:\Windows\SYSTEM32\WINMM.dll
0x00007ffec8a90000 - 0x00007ffec8a9a000 	C:\Windows\SYSTEM32\VERSION.dll
0x00007ffed1a80000 - 0x00007ffed1aad000 	C:\Windows\SYSTEM32\winmmbase.dll
0x00007ffed4d30000 - 0x00007ffed4d7a000 	C:\Windows\System32\cfgmgr32.dll
0x00007ffed4100000 - 0x00007ffed4111000 	C:\Windows\System32\kernel.appcore.dll
0x00007ffecdf50000 - 0x00007ffecdf61000 	C:\Program Files\Android\Android Studio\jre\bin\verify.dll
0x00007ffed2100000 - 0x00007ffed22f4000 	C:\Windows\SYSTEM32\DBGHELP.DLL
0x00007ffebca80000 - 0x00007ffebcaaa000 	C:\Windows\SYSTEM32\dbgcore.DLL
0x00007ffeccd50000 - 0x00007ffeccd79000 	C:\Program Files\Android\Android Studio\jre\bin\java.dll
0x00007ffece120000 - 0x00007ffece12b000 	C:\Program Files\Android\Android Studio\jre\bin\jimage.dll
0x00007ffecdd90000 - 0x00007ffecdda8000 	C:\Program Files\Android\Android Studio\jre\bin\zip.dll
0x00007ffed53c0000 - 0x00007ffed5aa7000 	C:\Windows\System32\SHELL32.dll
0x00007ffed6e00000 - 0x00007ffed6ea9000 	C:\Windows\System32\shcore.dll
0x00007ffed4220000 - 0x00007ffed49a1000 	C:\Windows\System32\windows.storage.dll
0x00007ffed4140000 - 0x00007ffed4163000 	C:\Windows\System32\profapi.dll
0x00007ffed40b0000 - 0x00007ffed40fa000 	C:\Windows\System32\powrprof.dll
0x00007ffed40a0000 - 0x00007ffed40b0000 	C:\Windows\System32\UMPDC.dll
0x00007ffed6eb0000 - 0x00007ffed6f02000 	C:\Windows\System32\shlwapi.dll
0x00007ffed4cb0000 - 0x00007ffed4cc7000 	C:\Windows\System32\cryptsp.dll
0x00007ffecccd0000 - 0x00007ffecccea000 	C:\Program Files\Android\Android Studio\jre\bin\net.dll
0x00007ffec8c40000 - 0x00007ffec8d30000 	C:\Windows\SYSTEM32\WINHTTP.dll
0x00007ffed38f0000 - 0x00007ffed3957000 	C:\Windows\system32\mswsock.dll
0x00007ffeccc90000 - 0x00007ffeccca4000 	C:\Program Files\Android\Android Studio\jre\bin\nio.dll
0x00007ffec50b0000 - 0x00007ffec50d7000 	C:\Users\cyoun\.gradle\native\e1d6ef7f7dcc3fd88c89a11ec53ec762bb8ba0a96d01ffa2cd45eb1d1d8dd5c5\windows-amd64\native-platform.dll
0x00007ffea9c40000 - 0x00007ffea9d84000 	C:\Users\cyoun\.gradle\native\0d407fdbe67a94daf76414ababcb853783967236a71b16ec16e742cd7a986fd3\windows-amd64\native-platform-file-events.dll
0x00007ffecdfe0000 - 0x00007ffecdfea000 	C:\Program Files\Android\Android Studio\jre\bin\management.dll
0x00007ffeccd20000 - 0x00007ffeccd2d000 	C:\Program Files\Android\Android Studio\jre\bin\management_ext.dll
0x00007ffed3460000 - 0x00007ffed3493000 	C:\Windows\system32\rsaenh.dll
0x00007ffed4d00000 - 0x00007ffed4d26000 	C:\Windows\System32\bcrypt.dll
0x00007ffed3fc0000 - 0x00007ffed3fe5000 	C:\Windows\SYSTEM32\USERENV.dll
0x00007ffed3ac0000 - 0x00007ffed3acc000 	C:\Windows\SYSTEM32\CRYPTBASE.dll
0x00007ffed3600000 - 0x00007ffed363a000 	C:\Windows\SYSTEM32\IPHLPAPI.DLL
0x00007ffed6ce0000 - 0x00007ffed6ce8000 	C:\Windows\System32\NSI.dll
0x00007ffec90d0000 - 0x00007ffec90e6000 	C:\Windows\SYSTEM32\dhcpcsvc6.DLL
0x00007ffecab50000 - 0x00007ffecab6c000 	C:\Windows\SYSTEM32\dhcpcsvc.DLL
0x00007ffed3640000 - 0x00007ffed370b000 	C:\Windows\SYSTEM32\DNSAPI.dll
0x00007ffed30e0000 - 0x00007ffed3111000 	C:\Windows\SYSTEM32\ntmarta.dll

dbghelp: loaded successfully - version: 4.0.5 - missing functions: none
symbol engine: initialized successfully - sym options: 0x614 - pdb path: .;C:\Program Files\Android\Android Studio\jre\bin;C:\Windows\SYSTEM32;C:\Windows\WinSxS\amd64_microsoft.windows.common-controls_6595b64144ccf1df_6.0.18362.1256_none_9e7e379be45e40e2;C:\Program Files\Android\Android Studio\jre\bin\server;C:\Users\cyoun\.gradle\native\e1d6ef7f7dcc3fd88c89a11ec53ec762bb8ba0a96d01ffa2cd45eb1d1d8dd5c5\windows-amd64;C:\Users\cyoun\.gradle\native\0d407fdbe67a94daf76414ababcb853783967236a71b16ec16e742cd7a986fd3\windows-amd64

VM Arguments:
jvm_args: --add-opens=java.base/java.util=ALL-UNNAMED --add-opens=java.base/java.lang=ALL-UNNAMED --add-opens=java.base/java.lang.invoke=ALL-UNNAMED --add-opens=java.base/java.util=ALL-UNNAMED --add-opens=java.prefs/java.util.prefs=ALL-UNNAMED --add-opens=java.prefs/java.util.prefs=ALL-UNNAMED --add-opens=java.base/java.nio.charset=ALL-UNNAMED --add-opens=java.base/java.net=ALL-UNNAMED --add-opens=java.base/java.util.concurrent.atomic=ALL-UNNAMED -Xmx2048m -Dfile.encoding=UTF-8 -Duser.country=US -Duser.language=en -Duser.variant 
java_command: org.gradle.launcher.daemon.bootstrap.GradleDaemon 7.4
java_class_path (initial): C:\Users\cyoun\.gradle\wrapper\dists\gradle-7.4-bin\c0gwcg53nkjbqw7r0h0umtfvt\gradle-7.4\lib\gradle-launcher-7.4.jar
Launcher Type: SUN_STANDARD

[Global flags]
     intx CICompilerCount                          = 3                                         {product} {ergonomic}
     uint ConcGCThreads                            = 1                                         {product} {ergonomic}
     uint G1ConcRefinementThreads                  = 4                                         {product} {ergonomic}
   size_t G1HeapRegionSize                         = 1048576                                   {product} {ergonomic}
    uintx GCDrainStackTargetSize                   = 64                                        {product} {ergonomic}
   size_t InitialHeapSize                          = 134217728                                 {product} {ergonomic}
   size_t MarkStackSize                            = 4194304                                   {product} {ergonomic}
   size_t MaxHeapSize                              = 2147483648                                {product} {command line}
   size_t MaxNewSize                               = 1287651328                                {product} {ergonomic}
   size_t MinHeapDeltaBytes                        = 1048576                                   {product} {ergonomic}
    uintx NonNMethodCodeHeapSize                   = 5830732                                {pd product} {ergonomic}
    uintx NonProfiledCodeHeapSize                  = 122913754                              {pd product} {ergonomic}
    uintx ProfiledCodeHeapSize                     = 122913754                              {pd product} {ergonomic}
    uintx ReservedCodeCacheSize                    = 251658240                              {pd product} {ergonomic}
     bool SegmentedCodeCache                       = true                                      {product} {ergonomic}
     bool UseCompressedClassPointers               = true                                 {lp64_product} {ergonomic}
     bool UseCompressedOops                        = true                                 {lp64_product} {ergonomic}
     bool UseG1GC                                  = true                                      {product} {ergonomic}
     bool UseLargePagesIndividualAllocation        = false                                  {pd product} {ergonomic}

Logging:
Log output configuration:
 #0: stdout all=warning uptime,level,tags
 #1: stderr all=off uptime,level,tags

Environment Variables:
PATH=C:\Program Files\Microsoft\jdk-11.0.12.7-hotspot\bin;C:\Python310\Scripts\;C:\Python310\;C:\Program Files\Common Files\Oracle\Java\javapath;C:\Windows\system32;C:\Windows;C:\Windows\System32\Wbem;C:\Windows\System32\WindowsPowerShell\v1.0\;C:\Windows\System32\OpenSSH\;C:\Program Files\Java\jdk-16.0.1\bin;C:\Program Files\Microsoft SQL Server\Client SDK\ODBC\170\Tools\Binn\;C:\Program Files\dotnet;C:\ProgramData\chocolatey\bin;C:\Program Files\nodejs\;C:\Program Files\Git\cmd;C:\Program Files\dotnet\;C:\Program Files (x86)\Microsoft SQL Server\150\Tools\Binn\;C:\Program Files\Microsoft SQL Server\150\Tools\Binn\;C:\Program Files\Microsoft SQL Server\150\DTS\Binn\;C:\Program Files\Microsoft SQL Server\130\Tools\Binn\;C:\Users\cyoun\AppData\Local\Microsoft\WindowsApps;C:\Users\cyoun\.dotnet\tools;C:\Program Files\Azure Data Studio\bin;C:\Users\cyoun\AppData\Local\nvs\;C:\Users\cyoun\AppData\Roaming\npm
USERNAME=cyoun
OS=Windows_NT
PROCESSOR_IDENTIFIER=Intel64 Family 6 Model 69 Stepping 1, GenuineIntel



---------------  S Y S T E M  ---------------

OS: Windows 10 , 64 bit Build 18362 (10.0.18362.1110)
OS uptime: 18 days 1:15 hours

CPU:total 4 (initial active 4) (2 cores per cpu, 2 threads per core) family 6 model 69 stepping 1 microcode 0x24, cmov, cx8, fxsr, mmx, sse, sse2, sse3, ssse3, sse4.1, sse4.2, popcnt, avx, avx2, aes, clmul, erms, lzcnt, ht, tsc, tscinvbit, bmi1, bmi2, fma

Memory: 4k page, system-wide physical 8082M (297M free)
TotalPageFile size 23264M (AvailPageFile size 22M)
current process WorkingSet (physical memory assigned to process): 404M, peak: 406M
current process commit charge ("private bytes"): 443M, peak: 475M

vm_info: OpenJDK 64-Bit Server VM (11.0.13+0-b1751.21-8125866) for windows-amd64 JRE (11.0.13+0-b1751.21-8125866), built on Feb  2 2022 03:00:22 by "builder" with MS VC++ 14.0 (VS2015)

END.
